<?xml version="1.0" encoding="UTF-8"?>
<testsuite name="users.ManagementTest" tests="1" skipped="0" failures="0" errors="0" timestamp="2024-02-13T15:37:32" hostname="PE-HO-ACH-013" time="13.277">
  <properties/>
  <testcase name="testParallel()" classname="users.ManagementTest" time="13.277"/>
  <system-out><![CDATA[10:37:34.152 [Test worker] DEBUG com.intuit.karate.Suite - [config] classpath:karate-config.js
10:37:34.164 [Test worker] INFO  com.intuit.karate.Suite - backed up existing 'build\karate-reports' dir to: build\karate-reports_1707838654159
10:37:34.181 [Test worker] DEBUG com.intuit.karate.Suite - waiting for 6 features to complete
10:37:35.594 [pool-1-thread-2] INFO  c.intuit.karate.core.FeatureRuntime - classpath:users/Customer_TypeManagement00/../Customer_TypeManagement00/CustomerTypeManagement.feature - call by tag at line 7: Microservicios
10:37:36.037 [pool-1-thread-2] DEBUG com.intuit.karate - request:
1 > POST https://internal-AWS-PRB-ALB-BACK-398488634.us-east-1.elb.amazonaws.com/v1/transversal/administrative/customerTypes
1 > message-uuid: acxff62e-6f12-42de-9012-1e7304418abd
1 > request-app-id: c4e6bd04-5149-11e7-b114-a2f933d5fe66
1 > Content-Type: application/json; charset=UTF-8
1 > Content-Length: 148
1 > Host: internal-AWS-PRB-ALB-BACK-398488634.us-east-1.elb.amazonaws.com
1 > Connection: Keep-Alive
1 > User-Agent: Apache-HttpClient/4.5.13 (Java/17.0.8)
1 > Accept-Encoding: gzip,deflate
{"customerTypeValue":"02424038817454795682048198677421565909893172268669","customerTypeLabel":"CAMPOS1234COMPAÑU12BOGOTARESULTA121COLOMBIAPRUEBAS"}

10:37:36.037 [pool-1-thread-1] DEBUG com.intuit.karate - request:
1 > POST https://internal-AWS-PRB-ALB-BACK-398488634.us-east-1.elb.amazonaws.com/v1/transversal/administrative/customerTypes
1 > message-uuid: acxff62e-6f12-42de-9012-1e7304418abd
1 > request-app-id: c4e6bd04-5149-11e7-b114-a2f933d5fe66
1 > Content-Type: application/json; charset=UTF-8
1 > Content-Length: 148
1 > Host: internal-AWS-PRB-ALB-BACK-398488634.us-east-1.elb.amazonaws.com
1 > Connection: Keep-Alive
1 > User-Agent: Apache-HttpClient/4.5.13 (Java/17.0.8)
1 > Accept-Encoding: gzip,deflate
{"customerTypeValue":"37618343059018728056420014013167007009513272670730","customerTypeLabel":"CAMPOS1234COMPAÑU12BOGOTARESULTA121COLOMBIAPRUEBAS"}

10:37:36.613 [pool-1-thread-1] DEBUG com.intuit.karate - response time in milliseconds: 573
1 < 201
1 < Date: Tue, 13 Feb 2024 15:37:36 GMT
1 < Content-Type: application/json
1 < Transfer-Encoding: chunked
1 < Connection: keep-alive
1 < Vary: Origin
1 < Vary: Access-Control-Request-Method
1 < Vary: Access-Control-Request-Headers
1 < X-Content-Type-Options: nosniff
1 < X-XSS-Protection: 1; mode=block
1 < Cache-Control: no-cache, no-store, max-age=0, must-revalidate
1 < Pragma: no-cache
1 < Expires: 0
1 < X-Frame-Options: DENY
{"headers":{"httpStatusCode":201,"httpStatusDesc":"CREATED","messageUuid":"acxff62e-6f12-42de-9012-1e7304418abd","requestAppId":"c4e6bd04-5149-11e7-b114-a2f933d5fe66","requestDatetime":"2024-02-13T10:37:36"},"messageResponse":{"responseCode":"0000","responseMessage":"Transacción exitosa.","responseDetails":"Customer Type Created Successfully"},"data":{"customerType":{"customerTypeId":"0a9133aa-8d41-1693-818d-a31dd01d2e62","customerTypeValue":"37618343059018728056420014013167007009513272670730","customerTypeLabel":"CAMPOS1234COMPAÑU12BOGOTARESULTA121COLOMBIAPRUEBAS"}}}

10:37:36.613 [pool-1-thread-2] DEBUG com.intuit.karate - response time in milliseconds: 573
1 < 201
1 < Date: Tue, 13 Feb 2024 15:37:36 GMT
1 < Content-Type: application/json
1 < Transfer-Encoding: chunked
1 < Connection: keep-alive
1 < Vary: Origin
1 < Vary: Access-Control-Request-Method
1 < Vary: Access-Control-Request-Headers
1 < X-Content-Type-Options: nosniff
1 < X-XSS-Protection: 1; mode=block
1 < Cache-Control: no-cache, no-store, max-age=0, must-revalidate
1 < Pragma: no-cache
1 < Expires: 0
1 < X-Frame-Options: DENY
{"headers":{"httpStatusCode":201,"httpStatusDesc":"CREATED","messageUuid":"acxff62e-6f12-42de-9012-1e7304418abd","requestAppId":"c4e6bd04-5149-11e7-b114-a2f933d5fe66","requestDatetime":"2024-02-13T10:37:36"},"messageResponse":{"responseCode":"0000","responseMessage":"Transacción exitosa.","responseDetails":"Customer Type Created Successfully"},"data":{"customerType":{"customerTypeId":"0a9133aa-8d41-1693-818d-a31dd0282e63","customerTypeValue":"02424038817454795682048198677421565909893172268669","customerTypeLabel":"CAMPOS1234COMPAÑU12BOGOTARESULTA121COLOMBIAPRUEBAS"}}}

10:37:36.654 [pool-1-thread-2] INFO  com.intuit.karate - [print] 0a9133aa-8d41-1693-818d-a31dd0282e63 
10:37:36.654 [pool-1-thread-1] INFO  com.intuit.karate - [print] 0a9133aa-8d41-1693-818d-a31dd01d2e62 
10:37:36.658 [pool-1-thread-2] INFO  com.intuit.karate - [print] 0a9133aa-8d41-1693-818d-a31dd0282e63 
10:37:36.658 [pool-1-thread-1] INFO  com.intuit.karate - [print] 0a9133aa-8d41-1693-818d-a31dd01d2e62 
10:37:36.665 [pool-1-thread-2] DEBUG c.intuit.karate.core.ScenarioEngine - over-writing existing variable 'generarData' with new value: Java.type('Utilidades.generarData')
10:37:36.673 [pool-1-thread-1] INFO  c.intuit.karate.core.FeatureRuntime - classpath:users/Customer_TypeManagement00/../Customer_TypeManagement00/CustomerTypeManagement.feature - call by tag at line 7: Microservicios
10:37:36.687 [pool-1-thread-2] DEBUG com.intuit.karate - request:
2 > PUT https://internal-AWS-PRB-ALB-BACK-398488634.us-east-1.elb.amazonaws.com/v1/transversal/administrative/customerTypes/0a9133aa-8d41-1693-818d-a31dd0282e63
2 > message-uuid: acxff62e-6f12-42de-9012-1e7304418abd
2 > request-app-id: c4e6bd04-5149-11e7-b114-a2f933d5fe66
2 > Content-Type: application/json; charset=UTF-8
2 > Content-Length: 148
2 > Host: internal-AWS-PRB-ALB-BACK-398488634.us-east-1.elb.amazonaws.com
2 > Connection: Keep-Alive
2 > User-Agent: Apache-HttpClient/4.5.13 (Java/17.0.8)
2 > Accept-Encoding: gzip,deflate
{"customerTypeValue":"02424038817454795682048198677421565909893172268669","customerTypeLabel":"CAMPOS1234COMPAÑU12BOGOTARESULTA121COLOMBIAPRUEBAS"}

10:37:36.690 [pool-1-thread-1] DEBUG com.intuit.karate - request:
1 > POST https://internal-AWS-PRB-ALB-BACK-398488634.us-east-1.elb.amazonaws.com/v1/transversal/administrative/customerTypes
1 > message-uuid: acxff62e-6f12-42de-9012-1e7304418abd
1 > request-app-id: c4e6bd04-5149-11e7-b114-a2f933d5fe66
1 > Content-Type: application/json; charset=UTF-8
1 > Content-Length: 148
1 > Host: internal-AWS-PRB-ALB-BACK-398488634.us-east-1.elb.amazonaws.com
1 > Connection: Keep-Alive
1 > User-Agent: Apache-HttpClient/4.5.13 (Java/17.0.8)
1 > Accept-Encoding: gzip,deflate
{"customerTypeValue":"34361957824452243335456935810020072656460574701710","customerTypeLabel":"CAMPOS1234COMPAÑU12BOGOTARESULTA121COLOMBIAPRUEBAS"}

10:37:36.960 [pool-1-thread-2] DEBUG com.intuit.karate - response time in milliseconds: 272
2 < 200
2 < Date: Tue, 13 Feb 2024 15:37:36 GMT
2 < Content-Type: application/json
2 < Transfer-Encoding: chunked
2 < Connection: keep-alive
2 < Vary: Origin
2 < Vary: Access-Control-Request-Method
2 < Vary: Access-Control-Request-Headers
2 < X-Content-Type-Options: nosniff
2 < X-XSS-Protection: 1; mode=block
2 < Cache-Control: no-cache, no-store, max-age=0, must-revalidate
2 < Pragma: no-cache
2 < Expires: 0
2 < X-Frame-Options: DENY
{"headers":{"httpStatusCode":200,"httpStatusDesc":"OK","messageUuid":"acxff62e-6f12-42de-9012-1e7304418abd","requestAppId":"c4e6bd04-5149-11e7-b114-a2f933d5fe66","requestDatetime":"2024-02-13T10:37:36"},"messageResponse":{"responseCode":"0000","responseMessage":"Transacción exitosa.","responseDetails":"CustomerType was Updated Successfully"},"data":{"customerType":{"customerTypeId":"0a9133aa-8d41-1693-818d-a31dd0282e63","customerTypeValue":"02424038817454795682048198677421565909893172268669","customerTypeLabel":"CAMPOS1234COMPAÑU12BOGOTARESULTA121COLOMBIAPRUEBAS"}}}

10:37:36.985 [pool-1-thread-2] DEBUG com.intuit.karate - request:
1 > GET https://internal-AWS-PRB-ALB-BACK-398488634.us-east-1.elb.amazonaws.com/v1/transversal/administrative/customerTypes?pageNumber=1&pageSize=10
1 > message-uuid: acxff62e-6f12-42de-9012-1e7304418abd
1 > request-app-id: c4e6bd04-5149-11e7-b114-a2f933d5fe66
1 > Content-Type: application/json
1 > Host: internal-AWS-PRB-ALB-BACK-398488634.us-east-1.elb.amazonaws.com
1 > Connection: Keep-Alive
1 > User-Agent: Apache-HttpClient/4.5.13 (Java/17.0.8)
1 > Accept-Encoding: gzip,deflate


10:37:36.988 [pool-1-thread-1] DEBUG com.intuit.karate - response time in milliseconds: 294
1 < 201
1 < Date: Tue, 13 Feb 2024 15:37:36 GMT
1 < Content-Type: application/json
1 < Transfer-Encoding: chunked
1 < Connection: keep-alive
1 < Vary: Origin
1 < Vary: Access-Control-Request-Method
1 < Vary: Access-Control-Request-Headers
1 < X-Content-Type-Options: nosniff
1 < X-XSS-Protection: 1; mode=block
1 < Cache-Control: no-cache, no-store, max-age=0, must-revalidate
1 < Pragma: no-cache
1 < Expires: 0
1 < X-Frame-Options: DENY
{"headers":{"httpStatusCode":201,"httpStatusDesc":"CREATED","messageUuid":"acxff62e-6f12-42de-9012-1e7304418abd","requestAppId":"c4e6bd04-5149-11e7-b114-a2f933d5fe66","requestDatetime":"2024-02-13T10:37:36"},"messageResponse":{"responseCode":"0000","responseMessage":"Transacción exitosa.","responseDetails":"Customer Type Created Successfully"},"data":{"customerType":{"customerTypeId":"0a9133aa-8d41-1693-818d-a31dd19b2e64","customerTypeValue":"34361957824452243335456935810020072656460574701710","customerTypeLabel":"CAMPOS1234COMPAÑU12BOGOTARESULTA121COLOMBIAPRUEBAS"}}}

10:37:36.992 [pool-1-thread-1] INFO  com.intuit.karate - [print] 0a9133aa-8d41-1693-818d-a31dd19b2e64 
10:37:36.993 [pool-1-thread-1] INFO  com.intuit.karate - [print] 0a9133aa-8d41-1693-818d-a31dd19b2e64 
10:37:36.997 [pool-1-thread-1] DEBUG c.intuit.karate.core.ScenarioEngine - over-writing existing variable 'generarData' with new value: Java.type('Utilidades.generarData')
10:37:37.006 [pool-1-thread-1] DEBUG com.intuit.karate - request:
2 > GET https://internal-AWS-PRB-ALB-BACK-398488634.us-east-1.elb.amazonaws.com/v1/transversal/administrative/customerTypes/0a9133aa-8d41-1693-818d-a31dd19b2e64
2 > message-uuid: acxff62e-6f12-42de-9012-1e7304418abd
2 > request-app-id: c4e6bd04-5149-11e7-b114-a2f933d5fe66
2 > Content-Type: application/json
2 > Host: internal-AWS-PRB-ALB-BACK-398488634.us-east-1.elb.amazonaws.com
2 > Connection: Keep-Alive
2 > User-Agent: Apache-HttpClient/4.5.13 (Java/17.0.8)
2 > Accept-Encoding: gzip,deflate


10:37:37.263 [pool-1-thread-2] DEBUG com.intuit.karate - response time in milliseconds: 277
1 < 200
1 < Date: Tue, 13 Feb 2024 15:37:37 GMT
1 < Content-Type: application/json
1 < Transfer-Encoding: chunked
1 < Connection: keep-alive
1 < Vary: Origin
1 < Vary: Access-Control-Request-Method
1 < Vary: Access-Control-Request-Headers
1 < X-Content-Type-Options: nosniff
1 < X-XSS-Protection: 1; mode=block
1 < Cache-Control: no-cache, no-store, max-age=0, must-revalidate
1 < Pragma: no-cache
1 < Expires: 0
1 < X-Frame-Options: DENY
{"headers":{"httpStatusCode":200,"httpStatusDesc":"OK","messageUuid":"acxff62e-6f12-42de-9012-1e7304418abd","requestAppId":"c4e6bd04-5149-11e7-b114-a2f933d5fe66","requestDatetime":"2024-02-13T10:37:37"},"messageResponse":{"responseCode":"0000","responseMessage":"Transacción exitosa.","responseDetails":"Obtained the CustomerTypes successfully"},"data":{"customerTypes":[{"customerTypeId":"0a8106ed-8946-1e90-8189-4c1bb1b50005","customerTypeValue":"COMPAN323232Y","customerTypeLabel":"EMPRESA8"},{"customerTypeId":"0a91335c-8c6e-1435-818c-6e2fedd10006","customerTypeValue":"ADMINISTRATOR_PARTNERl1","customerTypeLabel":"OPERADORAS DE INFORMACIÓN 11"},{"customerTypeId":"0a91335c-8c6e-1435-818c-6e3e3e940019","customerTypeValue":"ADMINISTRATOR_PARTNERl11","customerTypeLabel":"OPERADORAS DE INFORMACIÓN 111"},{"customerTypeId":"0a91335c-8c6e-1435-818c-7d7d8d880038","customerTypeValue":"COMPANYPOST","customerTypeLabel":"PRUEBApost"},{"customerTypeId":"0a91335c-8c6e-1435-818c-7d7fd4b50039","customerTypeValue":"COMPANYPOST1","customerTypeLabel":"PRUEBApost1"},{"customerTypeId":"0a91335c-8c6e-1435-818c-7d803eb4003a","customerTypeValue":"COMPANYPOST12","customerTypeLabel":"PRUEBApost12"},{"customerTypeId":"0a91335c-8c6e-1435-818c-7d81087b003b","customerTypeValue":"COMPANYPOST123","customerTypeLabel":"PRUEBApost123"},{"customerTypeId":"0a91335c-8c6e-1435-818c-7d94f248003c","customerTypeValue":"COMPANYPOST123COM","customerTypeLabel":"PRUEBApost1239887"},{"customerTypeId":"0a91335c-8c6e-1435-818c-7d968932003d","customerTypeValue":"COMPANYPOST123COMCOMPANYPOST123COMCOMPANYPOST123CO","customerTypeLabel":"PRUEBApost1239887"},{"customerTypeId":"0a91335c-8c6e-1435-818c-7d9a898d003e","customerTypeValue":"COMPANYPOST123COMCOMPANYPOST12343MCOMPANYPOST123CO","customerTypeLabel":"PRUEBApost1239887PRUEBAost1239887PRUEBApost1239885"}]},"pagination":{"totalElements":780,"pageSize":10,"pageNumber":1,"hasMoreElements":true}}

10:37:37.272 [pool-1-thread-1] DEBUG com.intuit.karate - response time in milliseconds: 266
2 < 200
2 < Date: Tue, 13 Feb 2024 15:37:37 GMT
2 < Content-Type: application/json
2 < Transfer-Encoding: chunked
2 < Connection: keep-alive
2 < Vary: Origin
2 < Vary: Access-Control-Request-Method
2 < Vary: Access-Control-Request-Headers
2 < X-Content-Type-Options: nosniff
2 < X-XSS-Protection: 1; mode=block
2 < Cache-Control: no-cache, no-store, max-age=0, must-revalidate
2 < Pragma: no-cache
2 < Expires: 0
2 < X-Frame-Options: DENY
{"headers":{"httpStatusCode":200,"httpStatusDesc":"OK","messageUuid":"acxff62e-6f12-42de-9012-1e7304418abd","requestAppId":"c4e6bd04-5149-11e7-b114-a2f933d5fe66","requestDatetime":"2024-02-13T10:37:37"},"messageResponse":{"responseCode":"0000","responseMessage":"Transacción exitosa.","responseDetails":"Success Get a CustomerType Transaction"},"data":{"customerType":{"customerTypeId":"0a9133aa-8d41-1693-818d-a31dd19b2e64","customerTypeValue":"34361957824452243335456935810020072656460574701710","customerTypeLabel":"CAMPOS1234COMPAÑU12BOGOTARESULTA121COLOMBIAPRUEBAS"}}}

10:37:37.280 [pool-1-thread-2] DEBUG com.intuit.karate - request:
1 > POST https://internal-AWS-PRB-ALB-BACK-398488634.us-east-1.elb.amazonaws.com/v1/transversal/administrative/customers
1 > message-uuid: acxff62e-6f12-42de-9012-1e7304418abd
1 > request-app-id: c4e6bd04-5149-11e7-b114-a2f933d5fe66
1 > Content-Type: application/json; charset=UTF-8
1 > Content-Length: 1050
1 > Host: internal-AWS-PRB-ALB-BACK-398488634.us-east-1.elb.amazonaws.com
1 > Connection: Keep-Alive
1 > User-Agent: Apache-HttpClient/4.5.13 (Java/17.0.8)
1 > Accept-Encoding: gzip,deflate
{"customerName":"0504246914777765","businessName":"0504246914777765","customerDocumentNumber":"0504246914777765","customerDocumentType":"NT","customerCode":"0504246914777765","regulatedSFC":"0504246914777765","logo":"","incomes":"80","expenses":"40","assets":"4","passives":"3","equity":"1","customerDomain":[{"domain":"gufum","status":"ACTIVE"}],"customerTypes":[{"customerTypeId":"0a91337e-8c88-1ce7-818c-8d87e2d8003d"}],"customerAddressInformation":{"customerCountry":"CO","customerDepartment":"CUNDINAMARCA","customerProvince":"BOGOTA","customerCity":"BOGOTA","customerAddress":"calle falsa 123"},"customerPhone":{"phoneCode":"57","phoneNumber":"3161002233"},"customerEmail":"fudrayepsu@gufum.com","ciiuCode":{"activity":"Estudios de mercado.","ciiuCode":"7320"},"customerOwners":[{"name":"Juan higuera","documentType":"CC","documentNumber":"123456","relation":"REPRESENTANTE_LEGAL","pep":"SI"}],"termsAndConditionVersion":"","policyVersion":"","financialInstitutionCode":"","entityType":"PUBLIC","eanCode":"","compensationCode":"","limitUse":""}

10:37:37.285 [pool-1-thread-1] DEBUG com.intuit.karate - request:
1 > GET https://internal-AWS-PRB-ALB-BACK-398488634.us-east-1.elb.amazonaws.com/v1/transversal/administrative/customers?pageNumber=1&pageSize=10
1 > message-uuid: acxff62e-6f12-42de-9012-1e7304418abd
1 > request-app-id: c4e6bd04-5149-11e7-b114-a2f933d5fe66
1 > Content-Type: application/json
1 > Host: internal-AWS-PRB-ALB-BACK-398488634.us-east-1.elb.amazonaws.com
1 > Connection: Keep-Alive
1 > User-Agent: Apache-HttpClient/4.5.13 (Java/17.0.8)
1 > Accept-Encoding: gzip,deflate


10:37:37.707 [pool-1-thread-2] DEBUG com.intuit.karate - response time in milliseconds: 426
1 < 201
1 < Date: Tue, 13 Feb 2024 15:37:37 GMT
1 < Content-Type: application/json
1 < Transfer-Encoding: chunked
1 < Connection: keep-alive
1 < Vary: Origin
1 < Vary: Access-Control-Request-Method
1 < Vary: Access-Control-Request-Headers
1 < X-Content-Type-Options: nosniff
1 < X-XSS-Protection: 1; mode=block
1 < Cache-Control: no-cache, no-store, max-age=0, must-revalidate
1 < Pragma: no-cache
1 < Expires: 0
1 < X-Frame-Options: DENY
{"headers":{"httpStatusCode":201,"httpStatusDesc":"CREATED","messageUuid":"acxff62e-6f12-42de-9012-1e7304418abd","requestAppId":"c4e6bd04-5149-11e7-b114-a2f933d5fe66","requestDatetime":"2024-02-13T10:37:37"},"messageResponse":{"responseCode":"0000","responseMessage":"Transacción exitosa.","responseDetails":"Customer Created Successfully"},"data":{"customer":{"customerId":"0a9133aa-8d41-1693-818d-a31dd4182e65","customerName":"0504246914777765","businessName":"0504246914777765","customerDomains":[{"customerDomainId":"0a9133aa-8d41-1693-818d-a31dd43c2e67","customerDomain":"gufum","status":"ACTIVE"}],"customerDocumentType":"NT","customerDocumentNumber":"0504246914777765","customerCode":"0504246914777765","regulatedSFC":"0504246914777765","logo":"","incomes":"80","expenses":"40","assets":"4","passives":"3","equity":"1","customerTypes":[{"customerTypeId":"0a91337e-8c88-1ce7-818c-8d87e2d8003d","customerTypeValue":"ADMINISTRATOR_PARTNER12241","customerTypeLabel":"OPERADORAS DE INFORMACIÓN 1"}],"customerStatus":"ACTIVE","customerAddressInformation":{"customerCountry":"CO","customerDepartment":"CUNDINAMARCA","customerProvince":"BOGOTA","customerCity":"BOGOTA","customerAddress":"calle falsa 123"},"customerPhone":{"phoneCode":"57","phoneNumber":"3161002233"},"customerEmail":"fudrayepsu@gufum.com","ciiuCode":{"ciiuCode":"7320","activity":"Estudios de mercado."},"customerOwners":[{"customerOwnerId":"0a9133aa-8d41-1693-818d-a31dd46f2e69","name":"Juan higuera","documentType":"CC","documentNumber":"123456","relation":"REPRESENTANTE_LEGAL","pep":"SI"}],"termsAndConditionVersion":"","termsAndConditionDatetime":"","policyVersion":"","policyDatetime":"2024-02-13T10:37:37","financialInstitutionCode":"","createDatetime":"2024-02-13T10:37:37","entityType":"PUBLIC","eanCode":"","compensationCode":"","limitUse":"","updateDatetime":"2024-02-13T10:37:37"}}}

10:37:37.725 [pool-1-thread-2] INFO  com.intuit.karate - [print] 0a9133aa-8d41-1693-818d-a31dd4182e65 
10:37:37.726 [pool-1-thread-2] INFO  com.intuit.karate - [print] 0a9133aa-8d41-1693-818d-a31dd43c2e67 
10:37:37.729 [pool-1-thread-2] INFO  com.intuit.karate - [print] 0a9133aa-8d41-1693-818d-a31dd46f2e69 
10:37:37.743 [pool-1-thread-2] INFO  c.intuit.karate.core.FeatureRuntime - classpath:users/CustomerManagement01/../CustomerManagement01/Customers.feature - call by tag at line 7: Microservicios
10:37:37.760 [pool-1-thread-2] DEBUG com.intuit.karate - request:
1 > POST https://internal-AWS-PRB-ALB-BACK-398488634.us-east-1.elb.amazonaws.com/v1/transversal/administrative/customers
1 > message-uuid: acxff62e-6f12-42de-9012-1e7304418abd
1 > request-app-id: c4e6bd04-5149-11e7-b114-a2f933d5fe66
1 > Content-Type: application/json; charset=UTF-8
1 > Content-Length: 1050
1 > Host: internal-AWS-PRB-ALB-BACK-398488634.us-east-1.elb.amazonaws.com
1 > Connection: Keep-Alive
1 > User-Agent: Apache-HttpClient/4.5.13 (Java/17.0.8)
1 > Accept-Encoding: gzip,deflate
{"customerName":"2564372537213865","businessName":"2564372537213865","customerDocumentNumber":"2564372537213865","customerDocumentType":"NT","customerCode":"2564372537213865","regulatedSFC":"2564372537213865","logo":"","incomes":"80","expenses":"40","assets":"4","passives":"3","equity":"1","customerDomain":[{"domain":"gufum","status":"ACTIVE"}],"customerTypes":[{"customerTypeId":"0a91337e-8c88-1ce7-818c-8d87e2d8003d"}],"customerAddressInformation":{"customerCountry":"CO","customerDepartment":"CUNDINAMARCA","customerProvince":"BOGOTA","customerCity":"BOGOTA","customerAddress":"calle falsa 123"},"customerPhone":{"phoneCode":"57","phoneNumber":"3161002233"},"customerEmail":"fudrayepsu@gufum.com","ciiuCode":{"activity":"Estudios de mercado.","ciiuCode":"7320"},"customerOwners":[{"name":"Juan higuera","documentType":"CC","documentNumber":"123456","relation":"REPRESENTANTE_LEGAL","pep":"SI"}],"termsAndConditionVersion":"","policyVersion":"","financialInstitutionCode":"","entityType":"PUBLIC","eanCode":"","compensationCode":"","limitUse":""}

10:37:38.077 [pool-1-thread-1] DEBUG com.intuit.karate - response time in milliseconds: 791
1 < 200
1 < Date: Tue, 13 Feb 2024 15:37:37 GMT
1 < Content-Type: application/json
1 < Transfer-Encoding: chunked
1 < Connection: keep-alive
1 < Vary: Origin
1 < Vary: Access-Control-Request-Method
1 < Vary: Access-Control-Request-Headers
1 < X-Content-Type-Options: nosniff
1 < X-XSS-Protection: 1; mode=block
1 < Cache-Control: no-cache, no-store, max-age=0, must-revalidate
1 < Pragma: no-cache
1 < Expires: 0
1 < X-Frame-Options: DENY
{"headers":{"httpStatusCode":200,"httpStatusDesc":"OK","messageUuid":"acxff62e-6f12-42de-9012-1e7304418abd","requestAppId":"c4e6bd04-5149-11e7-b114-a2f933d5fe66","requestDatetime":"2024-02-13T10:37:37"},"messageResponse":{"responseCode":"0000","responseMessage":"Transacción exitosa.","responseDetails":"Customer exists"},"data":{"customers":[{"customerId":"0a91335c-8c6e-1435-818c-6e34f2c1000c","customerName":"Claro Colombia","businessName":"Banco ACH22","customerDomains":[{"customerDomainId":"0a91335c-8c6e-1435-818c-6e34f2f4000e","customerDomain":"BancoACH","status":"ACTIVE"},{"customerDomainId":"0a91335c-8c6e-1435-818c-6e5dac49002a","customerDomain":"","status":"ACTIVE"},{"customerDomainId":"0a91335c-8c6e-1435-818c-7e06302f0057","customerDomain":"clarocolombia","status":"ACTIVE"}],"customerDocumentType":"NT","customerDocumentNumber":"900125458","customerCode":"003456","regulatedSFC":"987111","logo":"/9j/4AAQSkZJRgABAQAAAQABAAD/2wCEAAkGBxMTEhUSEh","incomes":"872727222","expenses":"41717111","assets":"12211111","passives":"3901111","equity":"567890","customerTypes":[{"customerTypeId":"0a913451-8d19-188d-818d-33320d54002c","customerTypeValue":"ADMINISTRA4343434TOR_P54545ARTNER3434323434343","customerTypeLabel":"OPERADORAS DE INFORMACIÓN 1232"}],"customerStatus":"INACTIVE","customerAddressInformation":{"customerCountry":"CO","customerDepartment":"calle falsa 123","customerProvince":"BOGOTA","customerCity":"BOGOTA","customerAddress":"calle falsa 123"},"customerPhone":{"phoneCode":"57","phoneNumber":"3161002233"},"customerEmail":"admin@clarocolombia.com","ciiuCode":{"ciiuCode":"7320","activity":"Estudios de mercado."},"customerOwners":[{"customerOwnerId":"0a91335c-8c6e-1435-818c-6e34f30a0010","name":"Pedro Peres","documentType":"NT","documentNumber":"9044392902","relation":"REPRESENTANTE_LEGAL","pep":"SI"},{"customerOwnerId":"0a91335c-8c6e-1435-818c-6e34f30a0011","name":"Maria Rosas","documentType":"CC","documentNumber":"89181111","relation":"ACCIONISTA","pep":"NO"}],"termsAndConditionVersion":"R 1.2.1","termsAndConditionDatetime":"R 1.2.1","policyVersion":"R 1.2.1","policyDatetime":"2023-12-15T11:00:12","financialInstitutionCode":"2000","createDatetime":"2023-12-15T11:00:12","entityType":"PUBLIC","eanCode":"123456789","compensationCode":"19751","limitUse":"80","updateDatetime":"2024-02-07T09:08:53"},{"customerId":"0a91335c-8c6e-1435-818c-6e35c9e50012","customerName":"ArquitecturaPruebas12","businessName":"Arquitectura Pruebas12","customerDomains":[{"customerDomainId":"0a91335c-8c6e-1435-818c-6e35ca370014","customerDomain":"gufum","status":"ACTIVE"}],"customerDocumentType":"NT","customerDocumentNumber":"900000100","customerCode":"90000988","regulatedSFC":"98711134","logo":"","incomes":"80","expenses":"40","assets":"4","passives":"3","equity":"1","customerTypes":[{"customerTypeId":"0a913392-8c1b-19e8-818c-6dc00af60060","customerTypeValue":"COMPANY89009dfdsfdpos","customerTypeLabel":"PRUEBA476343sdsadsao"}],"customerStatus":"ACTIVE","customerAddressInformation":{"customerCountry":"CO","customerDepartment":"calle falsa 123","customerProvince":"BOGOTA","customerCity":"BOGOTA","customerAddress":"calle falsa 123"},"customerPhone":{"phoneCode":"57","phoneNumber":"3161002233"},"customerEmail":"fudrayepsu@gufum.com","ciiuCode":{"ciiuCode":"7320","activity":"Estudios de mercado."},"customerOwners":[{"customerOwnerId":"0a91335c-8c6e-1435-818c-6e35ca930016","name":"Juan higuera","documentType":"CC","documentNumber":"123456","relation":"REPRESENTANTE_LEGAL","pep":"SI"}],"termsAndConditionVersion":"","termsAndConditionDatetime":"","policyVersion":"","policyDatetime":"2023-12-15T11:01:08","financialInstitutionCode":"","createDatetime":"2023-12-15T11:01:08","entityType":"PUBLIC","eanCode":"","compensationCode":"","limitUse":"","updateDatetime":"2023-12-15T11:01:08"},{"customerId":"0a91335c-8c6e-1435-818c-6e4129f7001a","customerName":"ArquitecturaPruebas12434","businessName":"Arquitectura Pruebas123434","customerDomains":[{"customerDomainId":"0a91335c-8c6e-1435-818c-6e412a50001c","customerDomain":"gufum","status":"ACTIVE"},{"customerDomainId":"0a91335c-8c6e-1435-818c-6e587b910025","customerDomain":"Probando","status":"active"},{"customerDomainId":"0a91335c-8c6e-1435-818c-6e5b7cd20026","customerDomain":"clarocolombia1","status":"ACTIVE"},{"customerDomainId":"0a91335c-8c6e-1435-818c-6e5c1e690029","customerDomain":"clarocolombia2","status":"ACTIVE"},{"customerDomainId":"0a91335c-8c6e-1435-818c-6e5fc64c0030","customerDomain":"clarocolombia3","status":"ACTIVE"},{"customerDomainId":"0a91335c-8c6e-1435-818c-6e6a95f00036","customerDomain":"Pruebas","status":"ACTIVE"},{"customerDomainId":"0a91335c-8c6e-1435-818c-6e7f0bd90037","customerDomain":"Pruebas1","status":"ACTIVE"},{"customerDomainId":"0a91335c-8c6e-1435-818c-82a0f28d0109","customerDomain":"Pruebas1767545","status":"ACTIVE"}],"customerDocumentType":"NT","customerDocumentNumber":"900000101","customerCode":"90000921","regulatedSFC":"98711134","logo":"","incomes":"80","expenses":"40","assets":"4","passives":"3","equity":"1","customerTypes":[{"customerTypeId":"0a913392-8c1b-19e8-818c-6dc00af60060","customerTypeValue":"COMPANY89009dfdsfdpos","customerTypeLabel":"PRUEBA476343sdsadsao"}],"customerStatus":"ACTIVE","customerAddressInformation":{"customerCountry":"CO","customerDepartment":"calle falsa 123","customerProvince":"BOGOTA","customerCity":"BOGOTA","customerAddress":"calle falsa 123"},"customerPhone":{"phoneCode":"57","phoneNumber":"3161002233"},"customerEmail":"fudrayepsu@gufum.com","ciiuCode":{"ciiuCode":"7320","activity":"Estudios de mercado."},"customerOwners":[{"customerOwnerId":"0a91335c-8c6e-1435-818c-6e412aea001e","name":"Juan higuera","documentType":"CC","documentNumber":"123456","relation":"REPRESENTANTE_LEGAL","pep":"SI"}],"termsAndConditionVersion":"","termsAndConditionDatetime":"","policyVersion":"","policyDatetime":"2023-12-15T11:13:33","financialInstitutionCode":"","createDatetime":"2023-12-15T11:13:33","entityType":"PUBLIC","eanCode":"","compensationCode":"","limitUse":"","updateDatetime":"2023-12-15T11:13:33"},{"customerId":"0a91335c-8c6e-1435-818c-6e4357c7001f","customerName":"Banco Prueba1320237","businessName":"Banco ACH22","customerDomains":[{"customerDomainId":"0a91335c-8c6e-1435-818c-6e4357d60021","customerDomain":"BancoACH","status":"ACTIVE"}],"customerDocumentType":"NT","customerDocumentNumber":"9001254583","customerCode":"003453","regulatedSFC":"1","logo":"","incomes":"1000000000","expenses":"1111111111","assets":"222222222","passives":"22222222","equity":"22222222","customerTypes":[{"customerTypeId":"0a91335c-8c6e-1435-818c-6e3e3e940019","customerTypeValue":"ADMINISTRATOR_PARTNERl11","customerTypeLabel":"OPERADORAS DE INFORMACIÓN 111"}],"customerStatus":"ACTIVE","customerAddressInformation":{"customerCountry":"CO","customerDepartment":"Calle 3 1C-37","customerProvince":"BOGOTA DC","customerCity":"BOGOTA","customerAddress":"Calle 3 1C-37"},"customerPhone":{"phoneCode":"57","phoneNumber":"3007393346"},"customerEmail":"bach@test.com","ciiuCode":{"ciiuCode":"7320","activity":"Pagos"},"customerOwners":[{"customerOwnerId":"0a91335c-8c6e-1435-818c-6e4358270023","name":"Pedro Peres","documentType":"NT","documentNumber":"9044392902","relation":"REPRESENTANTE_LEGAL","pep":"SI"},{"customerOwnerId":"0a91335c-8c6e-1435-818c-6e4358270024","name":"Maria Rosas","documentType":"CC","documentNumber":"89181111","relation":"ACCIONISTA","pep":"NO"}],"termsAndConditionVersion":"R 1.2.1","termsAndConditionDatetime":"R 1.2.1","policyVersion":"R 1.2.1","policyDatetime":"2023-12-15T11:15:56","financialInstitutionCode":"2001","createDatetime":"2023-12-15T11:15:56","entityType":"PRIVATE","eanCode":"123456789","compensationCode":"197522","limitUse":"80","updateDatetime":"2023-12-15T11:15:56"},{"customerId":"0a91335c-8c6e-1435-818c-6e5e66b5002b","customerName":"Claro Colombia 1","businessName":"App Claro","customerDomains":[{"customerDomainId":"0a91335c-8c6e-1435-818c-6e5e670d002d","customerDomain":"clarocolombia","status":"ACTIVE"}],"customerDocumentType":"NT","customerDocumentNumber":"1234567","customerCode":"87611","regulatedSFC":"987111","logo":"","incomes":"872727222","expenses":"41717111","assets":"12211111","passives":"3901111","equity":"567890","customerTypes":[{"customerTypeId":"0a913392-8c1b-19e8-818c-5f924b840029","customerTypeValue":"ADMINISTRATOR_PARTNER 5","customerTypeLabel":"OPERADORAS DE INFORMACIÓN 5"}],"customerStatus":"ACTIVE","customerAddressInformation":{"customerCountry":"CO","customerDepartment":"calle falsa 123","customerProvince":"BOGOTA","customerCity":"BOGOTA","customerAddress":"calle falsa 123"},"customerPhone":{"phoneCode":"57","phoneNumber":"3161002233"},"customerEmail":"admin@clarocolombia.com","ciiuCode":{"ciiuCode":"7320","activity":"Estudios de mercado."},"customerOwners":[{"customerOwnerId":"0a91335c-8c6e-1435-818c-6e5e6723002f","name":"Juanito Perez","documentType":"CC","documentNumber":"123456","relation":"REPRESENTANTE_LEGAL","pep":"SI"}],"termsAndConditionVersion":"R 1.2.1","termsAndConditionDatetime":"R 1.2.1","policyVersion":"R 1.2.1","policyDatetime":"2023-12-15T11:45:29","financialInstitutionCode":"0001","createDatetime":"2023-12-15T11:45:29","entityType":"PUBLIC","eanCode":"123456789","compensationCode":"10987","limitUse":"80","updateDatetime":"2023-12-15T11:45:29"},{"customerId":"0a91335c-8c6e-1435-818c-6e694d2f0031","customerName":"Claro Colombia 2","businessName":"App Claro 1","customerDomains":[{"customerDomainId":"0a91335c-8c6e-1435-818c-6e694d480033","customerDomain":"clarocolombia","status":"ACTIVE"}],"customerDocumentType":"NT","customerDocumentNumber":"1234568","customerCode":"87611","regulatedSFC":"987111","logo":"","incomes":"872727222","expenses":"41717111","assets":"12211111","passives":"3901111","equity":"567890","customerTypes":[{"customerTypeId":"0a913392-8c1b-19e8-818c-63f57f31003c","customerTypeValue":"COMPANY 6","customerTypeLabel":"EMPRESA 6"}],"customerStatus":"ACTIVE","customerAddressInformation":{"customerCountry":"CO","customerDepartment":"calle falsa 123","customerProvince":"BOGOTA","customerCity":"BOGOTA","customerAddress":"calle falsa 123"},"customerPhone":{"phoneCode":"57","phoneNumber":"3161002233"},"customerEmail":"admin@clarocolombia.com","ciiuCode":{"ciiuCode":"7320","activity":"Estudios de mercado."},"customerOwners":[{"customerOwnerId":"0a91335c-8c6e-1435-818c-6e694dba0035","name":"Juanito Perez","documentType":"CC","documentNumber":"123456","relation":"REPRESENTANTE_LEGAL","pep":"SI"}],"termsAndConditionVersion":"R 1.2.1","termsAndConditionDatetime":"R 1.2.1","policyVersion":"R 1.2.1","policyDatetime":"2023-12-15T11:57:23","financialInstitutionCode":"0002","createDatetime":"2023-12-15T11:57:23","entityType":"PUBLIC","eanCode":"123456789","compensationCode":"10988","limitUse":"80","updateDatetime":"2023-12-15T11:57:23"},{"customerId":"0a91335c-8c6e-1435-818c-7dade9b70042","customerName":"Claro Colombia 4","businessName":"App Claro 4","customerDomains":[{"customerDomainId":"0a91335c-8c6e-1435-818c-7dade9d10044","customerDomain":"clarocolombia","status":"ACTIVE"}],"customerDocumentType":"NT","customerDocumentNumber":"1234569","customerCode":"87611","regulatedSFC":"987111","logo":"","incomes":"872727222","expenses":"41717111","assets":"12211111","passives":"3901111","equity":"567890","customerTypes":[{"customerTypeId":"0a91335c-8c6e-1435-818c-7dad2c230041","customerTypeValue":"ADMINISTRATOR_PARTNER 12","customerTypeLabel":"OPERADORAS DE INFORMACIÓN 12"}],"customerStatus":"ACTIVE","customerAddressInformation":{"customerCountry":"CO","customerDepartment":"calle falsa 123","customerProvince":"BOGOTA","customerCity":"BOGOTA","customerAddress":"calle falsa 123"},"customerPhone":{"phoneCode":"57","phoneNumber":"3161002233"},"customerEmail":"admin@clarocolombia.com","ciiuCode":{"ciiuCode":"7320","activity":"Estudios de mercado."},"customerOwners":[{"customerOwnerId":"0a91335c-8c6e-1435-818c-7dadea0b0046","name":"Juanito Perez","documentType":"CC","documentNumber":"123456","relation":"REPRESENTANTE_LEGAL","pep":"SI"}],"termsAndConditionVersion":"R 1.2.1","termsAndConditionDatetime":"R 1.2.1","policyVersion":"R 1.2.1","policyDatetime":"2023-12-18T11:06:38","financialInstitutionCode":"0004","createDatetime":"2023-12-18T11:06:38","entityType":"PUBLIC","eanCode":"123456789","compensationCode":"10990","limitUse":"80","updateDatetime":"2023-12-18T11:06:38"},{"customerId":"0a91335c-8c6e-1435-818c-7dbe45f90048","customerName":"Banco Prueba132023711","businessName":"Banco ACH221","customerDomains":[{"customerDomainId":"0a91335c-8c6e-1435-818c-7dbe4640004a","customerDomain":"BancoACH","status":"ACTIVE"},{"customerDomainId":"0a91335c-8c6e-1435-818c-7e5dcfac0058","customerDomain":"clarocolombia","status":"ACTIVE"}],"customerDocumentType":"NT","customerDocumentNumber":"900125458311","customerCode":"0034531","regulatedSFC":"1","logo":"","incomes":"1000000000","expenses":"1111111111","assets":"222222222","passives":"22222222","equity":"22222222","customerTypes":[{"customerTypeId":"7f000101-8950-1446-8189-5005de280002","customerTypeValue":"FINANCIAL_INSTITUTION","customerTypeLabel":"Entidad Financiera"}],"customerStatus":"ACTIVE","customerAddressInformation":{"customerCountry":"CO","customerDepartment":"calle falsa 123","customerProvince":"BOGOTA","customerCity":"BOGOTA","customerAddress":"calle falsa 123"},"customerPhone":{"phoneCode":"57","phoneNumber":"3161002233"},"customerEmail":"admin@clarocolombia.com","ciiuCode":{"ciiuCode":"7220","activity":"Estudios de mercado."},"customerOwners":[{"customerOwnerId":"0a91335c-8c6e-1435-818c-7dbe470a004c","name":"Pedro Peres","documentType":"NT","documentNumber":"9044392902","relation":"REPRESENTANTE_LEGAL","pep":"SI"},{"customerOwnerId":"0a91335c-8c6e-1435-818c-7dbe470a004d","name":"Maria Rosas","documentType":"CC","documentNumber":"89181111","relation":"ACCIONISTA","pep":"NO"}],"termsAndConditionVersion":"","termsAndConditionDatetime":"R 1.2.1","policyVersion":"","policyDatetime":"2023-12-18T11:24:30","financialInstitutionCode":"2002","createDatetime":"2023-12-18T11:24:30","entityType":"PRIVATE","eanCode":"123456789","compensationCode":"197523","limitUse":"80","updateDatetime":"2023-12-20T16:57:24"},{"customerId":"0a91335c-8c6e-1435-818c-7dcc50dc0050","customerName":"Claro Colombia 5","businessName":"App Claro 5","customerDomains":[{"customerDomainId":"0a91335c-8c6e-1435-818c-7dcc50ef0052","customerDomain":"clarocolombia","status":"ACTIVE"}],"customerDocumentType":"NT","customerDocumentNumber":"1234570","customerCode":"87612","regulatedSFC":"987111","logo":"","incomes":"872727222","expenses":"41717111","assets":"12211111","passives":"3901111","equity":"567890","customerTypes":[{"customerTypeId":"7f000101-8950-1446-8189-5005de280002","customerTypeValue":"FINANCIAL_INSTITUTION","customerTypeLabel":"Entidad Financiera"}],"customerStatus":"INACTIVE","customerAddressInformation":{"customerCountry":"CO","customerDepartment":"calle falsa 123","customerProvince":"BOGOTA","customerCity":"BOGOTA","customerAddress":"calle falsa 123"},"customerPhone":{"phoneCode":"57","phoneNumber":"3161002233"},"customerEmail":"admin@clarocolombia.com","ciiuCode":{"ciiuCode":"7220","activity":"Estudios de mercado."},"customerOwners":[{"customerOwnerId":"0a91335c-8c6e-1435-818c-7dcc51010054","name":"Juanito Perez","documentType":"CC","documentNumber":"123456","relation":"REPRESENTANTE_LEGAL","pep":"SI"}],"termsAndConditionVersion":"R 1.2.1","termsAndConditionDatetime":"R 1.2.1","policyVersion":"R 1.2.1","policyDatetime":"2023-12-18T11:39:51","financialInstitutionCode":"0006","createDatetime":"2023-12-18T11:39:51","entityType":"PUBLIC","eanCode":"123456789","compensationCode":"10992","limitUse":"80","updateDatetime":"2023-12-19T08:03:33"},{"customerId":"0a91335c-8c6e-1435-818c-7e5f6591005a","customerName":"Banco Prueba132023712","businessName":"Banco ACH221","customerDomains":[{"customerDomainId":"0a91335c-8c6e-1435-818c-7e5f65a0005c","customerDomain":"BancoACH","status":"ACTIVE"},{"customerDomainId":"0a91335c-8c6e-1435-818c-7e6bf12e0061","customerDomain":"clarocolombia","status":"ACTIVE"}],"customerDocumentType":"NT","customerDocumentNumber":"900125458312","customerCode":"0034532","regulatedSFC":"1","logo":"","incomes":"1000000000","expenses":"1111111111","assets":"222222222","passives":"22222222","equity":"22222222","customerTypes":[{"customerTypeId":"0a91335c-8c6e-1435-818c-7e5e7f550059","customerTypeValue":"ADMINISTRATOR_PARTNERl1111","customerTypeLabel":"OPERADORAS DE INFORMACIÓN 11111"}],"customerStatus":"ACTIVE","customerAddressInformation":{"customerCountry":"CO","customerDepartment":"Calle 3 1C-37","customerProvince":"BOGOTA DC","customerCity":"BOGOTA","customerAddress":"Calle 3 1C-37"},"customerPhone":{"phoneCode":"57","phoneNumber":"3007393346"},"customerEmail":"bach@test.com","ciiuCode":{"ciiuCode":"7320","activity":"Pagos"},"customerOwners":[{"customerOwnerId":"0a91335c-8c6e-1435-818c-7e5f664c005e","name":"Pedro Peres","documentType":"NT","documentNumber":"9044392902","relation":"REPRESENTANTE_LEGAL","pep":"SI"},{"customerOwnerId":"0a91335c-8c6e-1435-818c-7e5f664d005f","name":"Maria Rosas","documentType":"CC","documentNumber":"89181111","relation":"ACCIONISTA","pep":"NO"}],"termsAndConditionVersion":"R 1.2.1","termsAndConditionDatetime":"R 1.2.1","policyVersion":"R 1.2.1","policyDatetime":"2023-12-18T14:20:30","financialInstitutionCode":"2003","createDatetime":"2023-12-18T14:20:30","entityType":"PRIVATE","eanCode":"123456789","compensationCode":"197524","limitUse":"80","updateDatetime":"2023-12-18T14:20:30"}]},"pagination":{"totalElements":2242,"pageSize":10,"pageNumber":1,"hasMoreElements":true}}

10:37:38.097 [pool-1-thread-1] INFO  c.intuit.karate.core.FeatureRuntime - classpath:users/CustomerManagement01/../CustomerManagement01/Customers.feature - call by tag at line 7: Microservicios
10:37:38.116 [pool-1-thread-1] DEBUG com.intuit.karate - request:
1 > POST https://internal-AWS-PRB-ALB-BACK-398488634.us-east-1.elb.amazonaws.com/v1/transversal/administrative/customers
1 > message-uuid: acxff62e-6f12-42de-9012-1e7304418abd
1 > request-app-id: c4e6bd04-5149-11e7-b114-a2f933d5fe66
1 > Content-Type: application/json; charset=UTF-8
1 > Content-Length: 1050
1 > Host: internal-AWS-PRB-ALB-BACK-398488634.us-east-1.elb.amazonaws.com
1 > Connection: Keep-Alive
1 > User-Agent: Apache-HttpClient/4.5.13 (Java/17.0.8)
1 > Accept-Encoding: gzip,deflate
{"customerName":"7544636939178848","businessName":"7544636939178848","customerDocumentNumber":"7544636939178848","customerDocumentType":"NT","customerCode":"7544636939178848","regulatedSFC":"7544636939178848","logo":"","incomes":"80","expenses":"40","assets":"4","passives":"3","equity":"1","customerDomain":[{"domain":"gufum","status":"ACTIVE"}],"customerTypes":[{"customerTypeId":"0a91337e-8c88-1ce7-818c-8d87e2d8003d"}],"customerAddressInformation":{"customerCountry":"CO","customerDepartment":"CUNDINAMARCA","customerProvince":"BOGOTA","customerCity":"BOGOTA","customerAddress":"calle falsa 123"},"customerPhone":{"phoneCode":"57","phoneNumber":"3161002233"},"customerEmail":"fudrayepsu@gufum.com","ciiuCode":{"activity":"Estudios de mercado.","ciiuCode":"7320"},"customerOwners":[{"name":"Juan higuera","documentType":"CC","documentNumber":"123456","relation":"REPRESENTANTE_LEGAL","pep":"SI"}],"termsAndConditionVersion":"","policyVersion":"","financialInstitutionCode":"","entityType":"PUBLIC","eanCode":"","compensationCode":"","limitUse":""}

10:37:38.124 [pool-1-thread-2] DEBUG com.intuit.karate - response time in milliseconds: 364
1 < 201
1 < Date: Tue, 13 Feb 2024 15:37:38 GMT
1 < Content-Type: application/json
1 < Transfer-Encoding: chunked
1 < Connection: keep-alive
1 < Vary: Origin
1 < Vary: Access-Control-Request-Method
1 < Vary: Access-Control-Request-Headers
1 < X-Content-Type-Options: nosniff
1 < X-XSS-Protection: 1; mode=block
1 < Cache-Control: no-cache, no-store, max-age=0, must-revalidate
1 < Pragma: no-cache
1 < Expires: 0
1 < X-Frame-Options: DENY
{"headers":{"httpStatusCode":201,"httpStatusDesc":"CREATED","messageUuid":"acxff62e-6f12-42de-9012-1e7304418abd","requestAppId":"c4e6bd04-5149-11e7-b114-a2f933d5fe66","requestDatetime":"2024-02-13T10:37:38"},"messageResponse":{"responseCode":"0000","responseMessage":"Transacción exitosa.","responseDetails":"Customer Created Successfully"},"data":{"customer":{"customerId":"0a9133aa-8d41-1693-818d-a31dd5e62e6a","customerName":"2564372537213865","businessName":"2564372537213865","customerDomains":[{"customerDomainId":"0a9133aa-8d41-1693-818d-a31dd5f52e6c","customerDomain":"gufum","status":"ACTIVE"}],"customerDocumentType":"NT","customerDocumentNumber":"2564372537213865","customerCode":"2564372537213865","regulatedSFC":"2564372537213865","logo":"","incomes":"80","expenses":"40","assets":"4","passives":"3","equity":"1","customerTypes":[{"customerTypeId":"0a91337e-8c88-1ce7-818c-8d87e2d8003d","customerTypeValue":"ADMINISTRATOR_PARTNER12241","customerTypeLabel":"OPERADORAS DE INFORMACIÓN 1"}],"customerStatus":"ACTIVE","customerAddressInformation":{"customerCountry":"CO","customerDepartment":"CUNDINAMARCA","customerProvince":"BOGOTA","customerCity":"BOGOTA","customerAddress":"calle falsa 123"},"customerPhone":{"phoneCode":"57","phoneNumber":"3161002233"},"customerEmail":"fudrayepsu@gufum.com","ciiuCode":{"ciiuCode":"7320","activity":"Estudios de mercado."},"customerOwners":[{"customerOwnerId":"0a9133aa-8d41-1693-818d-a31dd6102e6e","name":"Juan higuera","documentType":"CC","documentNumber":"123456","relation":"REPRESENTANTE_LEGAL","pep":"SI"}],"termsAndConditionVersion":"","termsAndConditionDatetime":"","policyVersion":"","policyDatetime":"2024-02-13T10:37:37","financialInstitutionCode":"","createDatetime":"2024-02-13T10:37:37","entityType":"PUBLIC","eanCode":"","compensationCode":"","limitUse":"","updateDatetime":"2024-02-13T10:37:37"}}}

10:37:38.129 [pool-1-thread-2] INFO  com.intuit.karate - [print] 0a9133aa-8d41-1693-818d-a31dd5e62e6a 
10:37:38.130 [pool-1-thread-2] INFO  com.intuit.karate - [print] 0a9133aa-8d41-1693-818d-a31dd5f52e6c 
10:37:38.130 [pool-1-thread-2] INFO  com.intuit.karate - [print] 0a9133aa-8d41-1693-818d-a31dd6102e6e 
10:37:38.133 [pool-1-thread-2] DEBUG c.intuit.karate.core.ScenarioEngine - over-writing existing variable 'generarData' with new value: Java.type('Utilidades.generarData')
10:37:38.139 [pool-1-thread-2] DEBUG com.intuit.karate - request:
2 > GET https://internal-AWS-PRB-ALB-BACK-398488634.us-east-1.elb.amazonaws.com/v1/transversal/administrative/customers/0a9133aa-8d41-1693-818d-a31dd5e62e6a
2 > message-uuid: acxff62e-6f12-42de-9012-1e7304418abd
2 > request-app-id: c4e6bd04-5149-11e7-b114-a2f933d5fe66
2 > Content-Type: application/json
2 > Host: internal-AWS-PRB-ALB-BACK-398488634.us-east-1.elb.amazonaws.com
2 > Connection: Keep-Alive
2 > User-Agent: Apache-HttpClient/4.5.13 (Java/17.0.8)
2 > Accept-Encoding: gzip,deflate


10:37:38.427 [pool-1-thread-2] DEBUG com.intuit.karate - response time in milliseconds: 288
2 < 200
2 < Date: Tue, 13 Feb 2024 15:37:38 GMT
2 < Content-Type: application/json
2 < Transfer-Encoding: chunked
2 < Connection: keep-alive
2 < Vary: Origin
2 < Vary: Access-Control-Request-Method
2 < Vary: Access-Control-Request-Headers
2 < X-Content-Type-Options: nosniff
2 < X-XSS-Protection: 1; mode=block
2 < Cache-Control: no-cache, no-store, max-age=0, must-revalidate
2 < Pragma: no-cache
2 < Expires: 0
2 < X-Frame-Options: DENY
{"headers":{"httpStatusCode":200,"httpStatusDesc":"OK","messageUuid":"acxff62e-6f12-42de-9012-1e7304418abd","requestAppId":"c4e6bd04-5149-11e7-b114-a2f933d5fe66","requestDatetime":"2024-02-13T10:37:38"},"messageResponse":{"responseCode":"0000","responseMessage":"Transacción exitosa.","responseDetails":"Customer already exists with id 0a9133aa-8d41-1693-818d-a31dd5e62e6a"},"data":{"customer":{"customerId":"0a9133aa-8d41-1693-818d-a31dd5e62e6a","customerName":"2564372537213865","businessName":"2564372537213865","customerDomains":[{"customerDomainId":"0a9133aa-8d41-1693-818d-a31dd5f52e6c","customerDomain":"gufum","status":"ACTIVE"}],"customerDocumentType":"NT","customerDocumentNumber":"2564372537213865","customerCode":"2564372537213865","regulatedSFC":"2564372537213865","logo":"","incomes":"80","expenses":"40","assets":"4","passives":"3","equity":"1","customerTypes":[{"customerTypeId":"0a91337e-8c88-1ce7-818c-8d87e2d8003d","customerTypeValue":"ADMINISTRATOR_PARTNER12241","customerTypeLabel":"OPERADORAS DE INFORMACIÓN 1"}],"customerStatus":"ACTIVE","customerAddressInformation":{"customerCountry":"CO","customerDepartment":"CUNDINAMARCA","customerProvince":"BOGOTA","customerCity":"BOGOTA","customerAddress":"calle falsa 123"},"customerPhone":{"phoneCode":"57","phoneNumber":"3161002233"},"customerEmail":"fudrayepsu@gufum.com","ciiuCode":{"ciiuCode":"7320","activity":"Estudios de mercado."},"customerOwners":[{"customerOwnerId":"0a9133aa-8d41-1693-818d-a31dd6102e6e","name":"Juan higuera","documentType":"CC","documentNumber":"123456","relation":"REPRESENTANTE_LEGAL","pep":"SI"}],"termsAndConditionVersion":"","termsAndConditionDatetime":"","policyVersion":"","policyDatetime":"2024-02-13T10:37:37","financialInstitutionCode":"","createDatetime":"2024-02-13T10:37:37","entityType":"PUBLIC","eanCode":"","compensationCode":"","limitUse":"","updateDatetime":"2024-02-13T10:37:37"}}}

10:37:38.443 [pool-1-thread-1] DEBUG com.intuit.karate - response time in milliseconds: 327
1 < 201
1 < Date: Tue, 13 Feb 2024 15:37:38 GMT
1 < Content-Type: application/json
1 < Transfer-Encoding: chunked
1 < Connection: keep-alive
1 < Vary: Origin
1 < Vary: Access-Control-Request-Method
1 < Vary: Access-Control-Request-Headers
1 < X-Content-Type-Options: nosniff
1 < X-XSS-Protection: 1; mode=block
1 < Cache-Control: no-cache, no-store, max-age=0, must-revalidate
1 < Pragma: no-cache
1 < Expires: 0
1 < X-Frame-Options: DENY
{"headers":{"httpStatusCode":201,"httpStatusDesc":"CREATED","messageUuid":"acxff62e-6f12-42de-9012-1e7304418abd","requestAppId":"c4e6bd04-5149-11e7-b114-a2f933d5fe66","requestDatetime":"2024-02-13T10:37:38"},"messageResponse":{"responseCode":"0000","responseMessage":"Transacción exitosa.","responseDetails":"Customer Created Successfully"},"data":{"customer":{"customerId":"0a9133aa-8d41-1693-818d-a31dd72b2e6f","customerName":"7544636939178848","businessName":"7544636939178848","customerDomains":[{"customerDomainId":"0a9133aa-8d41-1693-818d-a31dd73e2e71","customerDomain":"gufum","status":"ACTIVE"}],"customerDocumentType":"NT","customerDocumentNumber":"7544636939178848","customerCode":"7544636939178848","regulatedSFC":"7544636939178848","logo":"","incomes":"80","expenses":"40","assets":"4","passives":"3","equity":"1","customerTypes":[{"customerTypeId":"0a91337e-8c88-1ce7-818c-8d87e2d8003d","customerTypeValue":"ADMINISTRATOR_PARTNER12241","customerTypeLabel":"OPERADORAS DE INFORMACIÓN 1"}],"customerStatus":"ACTIVE","customerAddressInformation":{"customerCountry":"CO","customerDepartment":"CUNDINAMARCA","customerProvince":"BOGOTA","customerCity":"BOGOTA","customerAddress":"calle falsa 123"},"customerPhone":{"phoneCode":"57","phoneNumber":"3161002233"},"customerEmail":"fudrayepsu@gufum.com","ciiuCode":{"ciiuCode":"7320","activity":"Estudios de mercado."},"customerOwners":[{"customerOwnerId":"0a9133aa-8d41-1693-818d-a31dd7512e73","name":"Juan higuera","documentType":"CC","documentNumber":"123456","relation":"REPRESENTANTE_LEGAL","pep":"SI"}],"termsAndConditionVersion":"","termsAndConditionDatetime":"","policyVersion":"","policyDatetime":"2024-02-13T10:37:38","financialInstitutionCode":"","createDatetime":"2024-02-13T10:37:38","entityType":"PUBLIC","eanCode":"","compensationCode":"","limitUse":"","updateDatetime":"2024-02-13T10:37:38"}}}

10:37:38.444 [pool-1-thread-2] INFO  c.intuit.karate.core.FeatureRuntime - classpath:users/CustomerManagement01/../CustomerManagement01/Customers.feature - call by tag at line 7: Microservicios
10:37:38.447 [pool-1-thread-1] INFO  com.intuit.karate - [print] 0a9133aa-8d41-1693-818d-a31dd72b2e6f 
10:37:38.448 [pool-1-thread-1] INFO  com.intuit.karate - [print] 0a9133aa-8d41-1693-818d-a31dd73e2e71 
10:37:38.450 [pool-1-thread-1] INFO  com.intuit.karate - [print] 0a9133aa-8d41-1693-818d-a31dd7512e73 
10:37:38.452 [pool-1-thread-1] DEBUG c.intuit.karate.core.ScenarioEngine - over-writing existing variable 'generarData' with new value: Java.type('Utilidades.generarData')
10:37:38.455 [pool-1-thread-2] DEBUG com.intuit.karate - request:
1 > POST https://internal-AWS-PRB-ALB-BACK-398488634.us-east-1.elb.amazonaws.com/v1/transversal/administrative/customers
1 > message-uuid: acxff62e-6f12-42de-9012-1e7304418abd
1 > request-app-id: c4e6bd04-5149-11e7-b114-a2f933d5fe66
1 > Content-Type: application/json; charset=UTF-8
1 > Content-Length: 1050
1 > Host: internal-AWS-PRB-ALB-BACK-398488634.us-east-1.elb.amazonaws.com
1 > Connection: Keep-Alive
1 > User-Agent: Apache-HttpClient/4.5.13 (Java/17.0.8)
1 > Accept-Encoding: gzip,deflate
{"customerName":"2643156134001763","businessName":"2643156134001763","customerDocumentNumber":"2643156134001763","customerDocumentType":"NT","customerCode":"2643156134001763","regulatedSFC":"2643156134001763","logo":"","incomes":"80","expenses":"40","assets":"4","passives":"3","equity":"1","customerDomain":[{"domain":"gufum","status":"ACTIVE"}],"customerTypes":[{"customerTypeId":"0a91337e-8c88-1ce7-818c-8d87e2d8003d"}],"customerAddressInformation":{"customerCountry":"CO","customerDepartment":"CUNDINAMARCA","customerProvince":"BOGOTA","customerCity":"BOGOTA","customerAddress":"calle falsa 123"},"customerPhone":{"phoneCode":"57","phoneNumber":"3161002233"},"customerEmail":"fudrayepsu@gufum.com","ciiuCode":{"activity":"Estudios de mercado.","ciiuCode":"7320"},"customerOwners":[{"name":"Juan higuera","documentType":"CC","documentNumber":"123456","relation":"REPRESENTANTE_LEGAL","pep":"SI"}],"termsAndConditionVersion":"","policyVersion":"","financialInstitutionCode":"","entityType":"PUBLIC","eanCode":"","compensationCode":"","limitUse":""}

10:37:38.461 [pool-1-thread-1] DEBUG com.intuit.karate - request:
2 > PATCH https://internal-AWS-PRB-ALB-BACK-398488634.us-east-1.elb.amazonaws.com/v1/transversal/administrative/customers/0a9133aa-8d41-1693-818d-a31dd72b2e6f
2 > message-uuid: acxff62e-6f12-42de-9012-1e7304418abd
2 > request-app-id: c4e6bd04-5149-11e7-b114-a2f933d5fe66
2 > Content-Type: application/json; charset=UTF-8
2 > Content-Length: 1128
2 > Host: internal-AWS-PRB-ALB-BACK-398488634.us-east-1.elb.amazonaws.com
2 > Connection: Keep-Alive
2 > User-Agent: Apache-HttpClient/4.5.13 (Java/17.0.8)
2 > Accept-Encoding: gzip,deflate
{"customerTypes":[{"customerTypeId":"0a91335c-8c6e-1435-818c-7da122e4003f","customerTypeValue":"COMPANY","customerTypeLabel":"EMPRESA"}],"customerAddressInformation":{"customerCountry":"CO","customerDepartment":"BOGOTA DC","customerProvince":"BOGOTA","customerCity":"BOGOTA","customerAddress":"calle falsa 123"},"customerPhone":{"phoneCode":"57","phoneNumber":"3161002233"},"customerEmail":"admin@clarocolombia.com","ciiuCode":{"activity":"Estudios de mercado.","ciiuCode":"7320"},"customerDomains":[{"customerDomainId":"a01f0aba-b22a-11ed-afa1-0242ac120002","customerDomain":"clarocolombia","status":"ACTIVE"}],"customerOwners":[{"customerOwnerId":"a01f0aba-b22a-11ed-afa1-0242ac120002","name":"Juanito Perez","documentType":"CC","documentNumber":"123456","relation":"REPRESENTANTE_LEGAL","pep":"SI"}],"termsAndConditionVersion":"R 1.2.1","policyVersion":"R 1.2.1","customerName":"Claro Colombia","entityType":"PUBLIC","eanCode":"123456789","logo":"\/9j\/4AAQSkZJRgABAQAAAQABAAD\/2wCEAAkGBxMTEhUSEh","regulatedSFC":"987111","incomes":"872727222","expenses":"41717111","assets":"12211111","passives":"3901111","equity":"567890"}

10:37:38.786 [pool-1-thread-2] DEBUG com.intuit.karate - response time in milliseconds: 331
1 < 201
1 < Date: Tue, 13 Feb 2024 15:37:38 GMT
1 < Content-Type: application/json
1 < Transfer-Encoding: chunked
1 < Connection: keep-alive
1 < Vary: Origin
1 < Vary: Access-Control-Request-Method
1 < Vary: Access-Control-Request-Headers
1 < X-Content-Type-Options: nosniff
1 < X-XSS-Protection: 1; mode=block
1 < Cache-Control: no-cache, no-store, max-age=0, must-revalidate
1 < Pragma: no-cache
1 < Expires: 0
1 < X-Frame-Options: DENY
{"headers":{"httpStatusCode":201,"httpStatusDesc":"CREATED","messageUuid":"acxff62e-6f12-42de-9012-1e7304418abd","requestAppId":"c4e6bd04-5149-11e7-b114-a2f933d5fe66","requestDatetime":"2024-02-13T10:37:38"},"messageResponse":{"responseCode":"0000","responseMessage":"Transacción exitosa.","responseDetails":"Customer Created Successfully"},"data":{"customer":{"customerId":"0a9133aa-8d41-1693-818d-a31dd8892e74","customerName":"2643156134001763","businessName":"2643156134001763","customerDomains":[{"customerDomainId":"0a9133aa-8d41-1693-818d-a31dd89a2e76","customerDomain":"gufum","status":"ACTIVE"}],"customerDocumentType":"NT","customerDocumentNumber":"2643156134001763","customerCode":"2643156134001763","regulatedSFC":"2643156134001763","logo":"","incomes":"80","expenses":"40","assets":"4","passives":"3","equity":"1","customerTypes":[{"customerTypeId":"0a91337e-8c88-1ce7-818c-8d87e2d8003d","customerTypeValue":"ADMINISTRATOR_PARTNER12241","customerTypeLabel":"OPERADORAS DE INFORMACIÓN 1"}],"customerStatus":"ACTIVE","customerAddressInformation":{"customerCountry":"CO","customerDepartment":"CUNDINAMARCA","customerProvince":"BOGOTA","customerCity":"BOGOTA","customerAddress":"calle falsa 123"},"customerPhone":{"phoneCode":"57","phoneNumber":"3161002233"},"customerEmail":"fudrayepsu@gufum.com","ciiuCode":{"ciiuCode":"7320","activity":"Estudios de mercado."},"customerOwners":[{"customerOwnerId":"0a9133aa-8d41-1693-818d-a31dd8a92e78","name":"Juan higuera","documentType":"CC","documentNumber":"123456","relation":"REPRESENTANTE_LEGAL","pep":"SI"}],"termsAndConditionVersion":"","termsAndConditionDatetime":"","policyVersion":"","policyDatetime":"2024-02-13T10:37:38","financialInstitutionCode":"","createDatetime":"2024-02-13T10:37:38","entityType":"PUBLIC","eanCode":"","compensationCode":"","limitUse":"","updateDatetime":"2024-02-13T10:37:38"}}}

10:37:38.791 [pool-1-thread-2] INFO  com.intuit.karate - [print] 0a9133aa-8d41-1693-818d-a31dd8892e74 
10:37:38.793 [pool-1-thread-2] INFO  com.intuit.karate - [print] 0a9133aa-8d41-1693-818d-a31dd89a2e76 
10:37:38.804 [pool-1-thread-2] INFO  com.intuit.karate - [print] 0a9133aa-8d41-1693-818d-a31dd8a92e78 
10:37:38.807 [pool-1-thread-2] DEBUG c.intuit.karate.core.ScenarioEngine - over-writing existing variable 'generarData' with new value: Java.type('Utilidades.generarData')
10:37:38.815 [pool-1-thread-2] DEBUG com.intuit.karate - request:
2 > PUT https://internal-AWS-PRB-ALB-BACK-398488634.us-east-1.elb.amazonaws.com/v1/transversal/administrative/customers/0a9133aa-8d41-1693-818d-a31dd8892e74/status
2 > message-uuid: acxff62e-6f12-42de-9012-1e7304418abd
2 > request-app-id: c4e6bd04-5149-11e7-b114-a2f933d5fe66
2 > Content-Type: application/json; charset=UTF-8
2 > Content-Length: 29
2 > Host: internal-AWS-PRB-ALB-BACK-398488634.us-east-1.elb.amazonaws.com
2 > Connection: Keep-Alive
2 > User-Agent: Apache-HttpClient/4.5.13 (Java/17.0.8)
2 > Accept-Encoding: gzip,deflate
{"customerStatus":"INACTIVE"}

10:37:38.860 [pool-1-thread-1] DEBUG com.intuit.karate - response time in milliseconds: 398
2 < 200
2 < Date: Tue, 13 Feb 2024 15:37:38 GMT
2 < Content-Type: application/json
2 < Transfer-Encoding: chunked
2 < Connection: keep-alive
2 < Vary: Origin
2 < Vary: Access-Control-Request-Method
2 < Vary: Access-Control-Request-Headers
2 < X-Content-Type-Options: nosniff
2 < X-XSS-Protection: 1; mode=block
2 < Cache-Control: no-cache, no-store, max-age=0, must-revalidate
2 < Pragma: no-cache
2 < Expires: 0
2 < X-Frame-Options: DENY
{"headers":{"httpStatusCode":200,"httpStatusDesc":"OK","messageUuid":"acxff62e-6f12-42de-9012-1e7304418abd","requestAppId":"c4e6bd04-5149-11e7-b114-a2f933d5fe66","requestDatetime":"2024-02-13T10:37:38"},"messageResponse":{"responseCode":"0000","responseMessage":"Transacción exitosa.","responseDetails":"Customer Consulted Successfully"},"data":{"customer":{"customerId":"0a9133aa-8d41-1693-818d-a31dd72b2e6f","customerName":"Claro Colombia","businessName":"7544636939178848","customerDomains":[{"customerDomainId":"0a9133aa-8d41-1693-818d-a31dd73e2e71","customerDomain":"gufum","status":"ACTIVE"}],"customerDocumentType":"NT","customerDocumentNumber":"7544636939178848","customerCode":"7544636939178848","regulatedSFC":"987111","logo":"/9j/4AAQSkZJRgABAQAAAQABAAD/2wCEAAkGBxMTEhUSEh","incomes":"872727222","expenses":"41717111","assets":"12211111","passives":"3901111","equity":"567890","customerTypes":[{"customerTypeId":"0a91335c-8c6e-1435-818c-7da122e4003f","customerTypeValue":"COMPANYPOST123COMCO","customerTypeLabel":"Para pruebas"}],"customerStatus":"ACTIVE","customerAddressInformation":{"customerCountry":"CO","customerDepartment":"BOGOTA DC","customerProvince":"BOGOTA","customerCity":"BOGOTA","customerAddress":"calle falsa 123"},"customerPhone":{"phoneCode":"57","phoneNumber":"3161002233"},"customerEmail":"admin@clarocolombia.com","ciiuCode":{"ciiuCode":"7320","activity":"Estudios de mercado."},"customerOwners":[{"customerOwnerId":"0a9133aa-8d41-1693-818d-a31dd7512e73","name":"Juan higuera","documentType":"CC","documentNumber":"123456","relation":"REPRESENTANTE_LEGAL","pep":"SI"}],"termsAndConditionVersion":"R 1.2.1","termsAndConditionDatetime":"","policyVersion":"R 1.2.1","policyDatetime":"2024-02-13T10:37:38","financialInstitutionCode":"","createDatetime":"2024-02-13T10:37:38","entityType":"PUBLIC","eanCode":"123456789","compensationCode":"","limitUse":"","updateDatetime":"2024-02-13T10:37:38"}}}

10:37:38.877 [pool-1-thread-1] INFO  c.intuit.karate.core.FeatureRuntime - classpath:users/CustomerManagement01/../CustomerManagement01/Customers.feature - call by tag at line 7: Microservicios
10:37:38.890 [pool-1-thread-1] DEBUG com.intuit.karate - request:
1 > POST https://internal-AWS-PRB-ALB-BACK-398488634.us-east-1.elb.amazonaws.com/v1/transversal/administrative/customers
1 > message-uuid: acxff62e-6f12-42de-9012-1e7304418abd
1 > request-app-id: c4e6bd04-5149-11e7-b114-a2f933d5fe66
1 > Content-Type: application/json; charset=UTF-8
1 > Content-Length: 1050
1 > Host: internal-AWS-PRB-ALB-BACK-398488634.us-east-1.elb.amazonaws.com
1 > Connection: Keep-Alive
1 > User-Agent: Apache-HttpClient/4.5.13 (Java/17.0.8)
1 > Accept-Encoding: gzip,deflate
{"customerName":"5481465764014778","businessName":"5481465764014778","customerDocumentNumber":"5481465764014778","customerDocumentType":"NT","customerCode":"5481465764014778","regulatedSFC":"5481465764014778","logo":"","incomes":"80","expenses":"40","assets":"4","passives":"3","equity":"1","customerDomain":[{"domain":"gufum","status":"ACTIVE"}],"customerTypes":[{"customerTypeId":"0a91337e-8c88-1ce7-818c-8d87e2d8003d"}],"customerAddressInformation":{"customerCountry":"CO","customerDepartment":"CUNDINAMARCA","customerProvince":"BOGOTA","customerCity":"BOGOTA","customerAddress":"calle falsa 123"},"customerPhone":{"phoneCode":"57","phoneNumber":"3161002233"},"customerEmail":"fudrayepsu@gufum.com","ciiuCode":{"activity":"Estudios de mercado.","ciiuCode":"7320"},"customerOwners":[{"name":"Juan higuera","documentType":"CC","documentNumber":"123456","relation":"REPRESENTANTE_LEGAL","pep":"SI"}],"termsAndConditionVersion":"","policyVersion":"","financialInstitutionCode":"","entityType":"PUBLIC","eanCode":"","compensationCode":"","limitUse":""}

---------------------------------------------------------
feature: classpath:users/Customer_TypeManagement00/CustomerTypeManagement.feature
scenarios:  4 | passed:  4 | failed:  0 | time: 3,3438
---------------------------------------------------------

10:37:39.005 [pool-2-thread-1] INFO  com.intuit.karate.Suite - <<pass>> feature 1 of 6 (5 remaining) classpath:users/Customer_TypeManagement00/CustomerTypeManagement.feature
10:37:39.126 [pool-1-thread-2] DEBUG com.intuit.karate - response time in milliseconds: 311
2 < 200
2 < Date: Tue, 13 Feb 2024 15:37:39 GMT
2 < Content-Type: application/json
2 < Transfer-Encoding: chunked
2 < Connection: keep-alive
2 < Vary: Origin
2 < Vary: Access-Control-Request-Method
2 < Vary: Access-Control-Request-Headers
2 < X-Content-Type-Options: nosniff
2 < X-XSS-Protection: 1; mode=block
2 < Cache-Control: no-cache, no-store, max-age=0, must-revalidate
2 < Pragma: no-cache
2 < Expires: 0
2 < X-Frame-Options: DENY
{"headers":{"httpStatusCode":200,"httpStatusDesc":"OK","messageUuid":"acxff62e-6f12-42de-9012-1e7304418abd","requestAppId":"c4e6bd04-5149-11e7-b114-a2f933d5fe66","requestDatetime":"2024-02-13T10:37:39"},"messageResponse":{"responseCode":"0000","responseMessage":"Transacción exitosa.","responseDetails":"Customer State Updated Successfully"},"data":{"customer":{"customerId":"0a9133aa-8d41-1693-818d-a31dd8892e74","customerName":"2643156134001763","businessName":"2643156134001763","customerDomains":[{"customerDomainId":"0a9133aa-8d41-1693-818d-a31dd89a2e76","customerDomain":"gufum","status":"ACTIVE"}],"customerDocumentType":"NT","customerDocumentNumber":"2643156134001763","customerCode":"2643156134001763","regulatedSFC":"2643156134001763","logo":"","incomes":"80","expenses":"40","assets":"4","passives":"3","equity":"1","customerTypes":[{"customerTypeId":"0a91337e-8c88-1ce7-818c-8d87e2d8003d","customerTypeValue":"ADMINISTRATOR_PARTNER12241","customerTypeLabel":"OPERADORAS DE INFORMACIÓN 1"}],"customerStatus":"INACTIVE","customerAddressInformation":{"customerCountry":"CO","customerDepartment":"CUNDINAMARCA","customerProvince":"BOGOTA","customerCity":"BOGOTA","customerAddress":"calle falsa 123"},"customerPhone":{"phoneCode":"57","phoneNumber":"3161002233"},"customerEmail":"fudrayepsu@gufum.com","ciiuCode":{"ciiuCode":"7320","activity":"Estudios de mercado."},"customerOwners":[{"customerOwnerId":"0a9133aa-8d41-1693-818d-a31dd8a92e78","name":"Juan higuera","documentType":"CC","documentNumber":"123456","relation":"REPRESENTANTE_LEGAL","pep":"SI"}],"termsAndConditionVersion":"","termsAndConditionDatetime":"","policyVersion":"","policyDatetime":"2024-02-13T10:37:38","financialInstitutionCode":"","createDatetime":"2024-02-13T10:37:38","entityType":"PUBLIC","eanCode":"","compensationCode":"","limitUse":"","updateDatetime":"2024-02-13T10:37:39"}}}

10:37:39.138 [pool-1-thread-2] INFO  c.intuit.karate.core.FeatureRuntime - classpath:users/CustomerManagement01/../CustomerManagement01/Customers.feature - call by tag at line 7: Microservicios
10:37:39.150 [pool-1-thread-2] DEBUG com.intuit.karate - request:
1 > POST https://internal-AWS-PRB-ALB-BACK-398488634.us-east-1.elb.amazonaws.com/v1/transversal/administrative/customers
1 > message-uuid: acxff62e-6f12-42de-9012-1e7304418abd
1 > request-app-id: c4e6bd04-5149-11e7-b114-a2f933d5fe66
1 > Content-Type: application/json; charset=UTF-8
1 > Content-Length: 1050
1 > Host: internal-AWS-PRB-ALB-BACK-398488634.us-east-1.elb.amazonaws.com
1 > Connection: Keep-Alive
1 > User-Agent: Apache-HttpClient/4.5.13 (Java/17.0.8)
1 > Accept-Encoding: gzip,deflate
{"customerName":"3034380166821037","businessName":"3034380166821037","customerDocumentNumber":"3034380166821037","customerDocumentType":"NT","customerCode":"3034380166821037","regulatedSFC":"3034380166821037","logo":"","incomes":"80","expenses":"40","assets":"4","passives":"3","equity":"1","customerDomain":[{"domain":"gufum","status":"ACTIVE"}],"customerTypes":[{"customerTypeId":"0a91337e-8c88-1ce7-818c-8d87e2d8003d"}],"customerAddressInformation":{"customerCountry":"CO","customerDepartment":"CUNDINAMARCA","customerProvince":"BOGOTA","customerCity":"BOGOTA","customerAddress":"calle falsa 123"},"customerPhone":{"phoneCode":"57","phoneNumber":"3161002233"},"customerEmail":"fudrayepsu@gufum.com","ciiuCode":{"activity":"Estudios de mercado.","ciiuCode":"7320"},"customerOwners":[{"name":"Juan higuera","documentType":"CC","documentNumber":"123456","relation":"REPRESENTANTE_LEGAL","pep":"SI"}],"termsAndConditionVersion":"","policyVersion":"","financialInstitutionCode":"","entityType":"PUBLIC","eanCode":"","compensationCode":"","limitUse":""}

10:37:39.206 [pool-1-thread-1] DEBUG com.intuit.karate - response time in milliseconds: 316
1 < 201
1 < Date: Tue, 13 Feb 2024 15:37:39 GMT
1 < Content-Type: application/json
1 < Transfer-Encoding: chunked
1 < Connection: keep-alive
1 < Vary: Origin
1 < Vary: Access-Control-Request-Method
1 < Vary: Access-Control-Request-Headers
1 < X-Content-Type-Options: nosniff
1 < X-XSS-Protection: 1; mode=block
1 < Cache-Control: no-cache, no-store, max-age=0, must-revalidate
1 < Pragma: no-cache
1 < Expires: 0
1 < X-Frame-Options: DENY
{"headers":{"httpStatusCode":201,"httpStatusDesc":"CREATED","messageUuid":"acxff62e-6f12-42de-9012-1e7304418abd","requestAppId":"c4e6bd04-5149-11e7-b114-a2f933d5fe66","requestDatetime":"2024-02-13T10:37:39"},"messageResponse":{"responseCode":"0000","responseMessage":"Transacción exitosa.","responseDetails":"Customer Created Successfully"},"data":{"customer":{"customerId":"0a9133aa-8d41-1693-818d-a31dda342e7b","customerName":"5481465764014778","businessName":"5481465764014778","customerDomains":[{"customerDomainId":"0a9133aa-8d41-1693-818d-a31dda402e7d","customerDomain":"gufum","status":"ACTIVE"}],"customerDocumentType":"NT","customerDocumentNumber":"5481465764014778","customerCode":"5481465764014778","regulatedSFC":"5481465764014778","logo":"","incomes":"80","expenses":"40","assets":"4","passives":"3","equity":"1","customerTypes":[{"customerTypeId":"0a91337e-8c88-1ce7-818c-8d87e2d8003d","customerTypeValue":"ADMINISTRATOR_PARTNER12241","customerTypeLabel":"OPERADORAS DE INFORMACIÓN 1"}],"customerStatus":"ACTIVE","customerAddressInformation":{"customerCountry":"CO","customerDepartment":"CUNDINAMARCA","customerProvince":"BOGOTA","customerCity":"BOGOTA","customerAddress":"calle falsa 123"},"customerPhone":{"phoneCode":"57","phoneNumber":"3161002233"},"customerEmail":"fudrayepsu@gufum.com","ciiuCode":{"ciiuCode":"7320","activity":"Estudios de mercado."},"customerOwners":[{"customerOwnerId":"0a9133aa-8d41-1693-818d-a31dda532e7f","name":"Juan higuera","documentType":"CC","documentNumber":"123456","relation":"REPRESENTANTE_LEGAL","pep":"SI"}],"termsAndConditionVersion":"","termsAndConditionDatetime":"","policyVersion":"","policyDatetime":"2024-02-13T10:37:39","financialInstitutionCode":"","createDatetime":"2024-02-13T10:37:39","entityType":"PUBLIC","eanCode":"","compensationCode":"","limitUse":"","updateDatetime":"2024-02-13T10:37:39"}}}

10:37:39.211 [pool-1-thread-1] INFO  com.intuit.karate - [print] 0a9133aa-8d41-1693-818d-a31dda342e7b 
10:37:39.212 [pool-1-thread-1] INFO  com.intuit.karate - [print] 0a9133aa-8d41-1693-818d-a31dda402e7d 
10:37:39.213 [pool-1-thread-1] INFO  com.intuit.karate - [print] 0a9133aa-8d41-1693-818d-a31dda532e7f 
10:37:39.218 [pool-1-thread-1] DEBUG c.intuit.karate.core.ScenarioEngine - over-writing existing variable 'generarData' with new value: Java.type('Utilidades.generarData')
10:37:39.226 [pool-1-thread-1] DEBUG c.intuit.karate.core.ScenarioEngine - over-writing existing variable 'variableRandom' with new value: generarData.generarNumero(16)
10:37:39.231 [pool-1-thread-1] DEBUG com.intuit.karate - request:
2 > POST https://internal-AWS-PRB-ALB-BACK-398488634.us-east-1.elb.amazonaws.com/v1/transversal/administrative/customers/0a9133aa-8d41-1693-818d-a31dda342e7b/domains
2 > message-uuid: acxff62e-6f12-42de-9012-1e7304418abd
2 > request-app-id: c4e6bd04-5149-11e7-b114-a2f933d5fe66
2 > Content-Type: application/json; charset=UTF-8
2 > Content-Length: 61
2 > Host: internal-AWS-PRB-ALB-BACK-398488634.us-east-1.elb.amazonaws.com
2 > Connection: Keep-Alive
2 > User-Agent: Apache-HttpClient/4.5.13 (Java/17.0.8)
2 > Accept-Encoding: gzip,deflate
{"domains":[{"domain":"3093812352121911","status":"ACTIVE"}]}

10:37:39.465 [pool-1-thread-2] DEBUG com.intuit.karate - response time in milliseconds: 315
1 < 201
1 < Date: Tue, 13 Feb 2024 15:37:39 GMT
1 < Content-Type: application/json
1 < Transfer-Encoding: chunked
1 < Connection: keep-alive
1 < Vary: Origin
1 < Vary: Access-Control-Request-Method
1 < Vary: Access-Control-Request-Headers
1 < X-Content-Type-Options: nosniff
1 < X-XSS-Protection: 1; mode=block
1 < Cache-Control: no-cache, no-store, max-age=0, must-revalidate
1 < Pragma: no-cache
1 < Expires: 0
1 < X-Frame-Options: DENY
{"headers":{"httpStatusCode":201,"httpStatusDesc":"CREATED","messageUuid":"acxff62e-6f12-42de-9012-1e7304418abd","requestAppId":"c4e6bd04-5149-11e7-b114-a2f933d5fe66","requestDatetime":"2024-02-13T10:37:39"},"messageResponse":{"responseCode":"0000","responseMessage":"Transacción exitosa.","responseDetails":"Customer Created Successfully"},"data":{"customer":{"customerId":"0a9133aa-8d41-1693-818d-a31ddb3a2e80","customerName":"3034380166821037","businessName":"3034380166821037","customerDomains":[{"customerDomainId":"0a9133aa-8d41-1693-818d-a31ddb492e82","customerDomain":"gufum","status":"ACTIVE"}],"customerDocumentType":"NT","customerDocumentNumber":"3034380166821037","customerCode":"3034380166821037","regulatedSFC":"3034380166821037","logo":"","incomes":"80","expenses":"40","assets":"4","passives":"3","equity":"1","customerTypes":[{"customerTypeId":"0a91337e-8c88-1ce7-818c-8d87e2d8003d","customerTypeValue":"ADMINISTRATOR_PARTNER12241","customerTypeLabel":"OPERADORAS DE INFORMACIÓN 1"}],"customerStatus":"ACTIVE","customerAddressInformation":{"customerCountry":"CO","customerDepartment":"CUNDINAMARCA","customerProvince":"BOGOTA","customerCity":"BOGOTA","customerAddress":"calle falsa 123"},"customerPhone":{"phoneCode":"57","phoneNumber":"3161002233"},"customerEmail":"fudrayepsu@gufum.com","ciiuCode":{"ciiuCode":"7320","activity":"Estudios de mercado."},"customerOwners":[{"customerOwnerId":"0a9133aa-8d41-1693-818d-a31ddb552e84","name":"Juan higuera","documentType":"CC","documentNumber":"123456","relation":"REPRESENTANTE_LEGAL","pep":"SI"}],"termsAndConditionVersion":"","termsAndConditionDatetime":"","policyVersion":"","policyDatetime":"2024-02-13T10:37:39","financialInstitutionCode":"","createDatetime":"2024-02-13T10:37:39","entityType":"PUBLIC","eanCode":"","compensationCode":"","limitUse":"","updateDatetime":"2024-02-13T10:37:39"}}}

10:37:39.471 [pool-1-thread-2] INFO  com.intuit.karate - [print] 0a9133aa-8d41-1693-818d-a31ddb3a2e80 
10:37:39.472 [pool-1-thread-2] INFO  com.intuit.karate - [print] 0a9133aa-8d41-1693-818d-a31ddb492e82 
10:37:39.472 [pool-1-thread-2] INFO  com.intuit.karate - [print] 0a9133aa-8d41-1693-818d-a31ddb552e84 
10:37:39.474 [pool-1-thread-2] DEBUG c.intuit.karate.core.ScenarioEngine - over-writing existing variable 'generarData' with new value: Java.type('Utilidades.generarData')
10:37:39.480 [pool-1-thread-2] DEBUG com.intuit.karate - request:
2 > GET https://internal-AWS-PRB-ALB-BACK-398488634.us-east-1.elb.amazonaws.com/v1/transversal/administrative/customers/0a9133aa-8d41-1693-818d-a31ddb3a2e80/domains?pageNumber=1&domainName=colombia&pageSize=10
2 > message-uuid: acxff62e-6f12-42de-9012-1e7304418abd
2 > request-app-id: c4e6bd04-5149-11e7-b114-a2f933d5fe66
2 > Content-Type: application/json
2 > Host: internal-AWS-PRB-ALB-BACK-398488634.us-east-1.elb.amazonaws.com
2 > Connection: Keep-Alive
2 > User-Agent: Apache-HttpClient/4.5.13 (Java/17.0.8)
2 > Accept-Encoding: gzip,deflate


10:37:39.557 [pool-1-thread-1] DEBUG com.intuit.karate - response time in milliseconds: 302
2 < 201
2 < Date: Tue, 13 Feb 2024 15:37:39 GMT
2 < Content-Type: application/json
2 < Transfer-Encoding: chunked
2 < Connection: keep-alive
2 < Vary: Origin
2 < Vary: Access-Control-Request-Method
2 < Vary: Access-Control-Request-Headers
2 < X-Content-Type-Options: nosniff
2 < X-XSS-Protection: 1; mode=block
2 < Cache-Control: no-cache, no-store, max-age=0, must-revalidate
2 < Pragma: no-cache
2 < Expires: 0
2 < X-Frame-Options: DENY
{"headers":{"httpStatusCode":200,"httpStatusDesc":"OK","messageUuid":"acxff62e-6f12-42de-9012-1e7304418abd","requestAppId":"c4e6bd04-5149-11e7-b114-a2f933d5fe66","requestDatetime":"2024-02-13T10:37:39"},"messageResponse":{"responseCode":"0000","responseMessage":"Transacción exitosa.","responseDetails":"The Customer Domains was created successfully to the Customer 0a9133aa-8d41-1693-818d-a31dda342e7b"},"data":{"domains":[{"customerDomainId":"0a9133aa-8d41-1693-818d-a31dda402e7d","customerDomain":"gufum","status":"ACTIVE"},{"customerDomainId":"0a9133aa-8d41-1693-818d-a31ddba82e85","customerDomain":"3093812352121911","status":"ACTIVE"}]}}

10:37:39.588 [pool-1-thread-1] INFO  c.intuit.karate.core.FeatureRuntime - classpath:users/CustomerManagement01/../CustomerManagement01/Customers.feature - call by tag at line 7: Microservicios
10:37:39.599 [pool-1-thread-1] DEBUG com.intuit.karate - request:
1 > POST https://internal-AWS-PRB-ALB-BACK-398488634.us-east-1.elb.amazonaws.com/v1/transversal/administrative/customers
1 > message-uuid: acxff62e-6f12-42de-9012-1e7304418abd
1 > request-app-id: c4e6bd04-5149-11e7-b114-a2f933d5fe66
1 > Content-Type: application/json; charset=UTF-8
1 > Content-Length: 1050
1 > Host: internal-AWS-PRB-ALB-BACK-398488634.us-east-1.elb.amazonaws.com
1 > Connection: Keep-Alive
1 > User-Agent: Apache-HttpClient/4.5.13 (Java/17.0.8)
1 > Accept-Encoding: gzip,deflate
{"customerName":"6098811165133347","businessName":"6098811165133347","customerDocumentNumber":"6098811165133347","customerDocumentType":"NT","customerCode":"6098811165133347","regulatedSFC":"6098811165133347","logo":"","incomes":"80","expenses":"40","assets":"4","passives":"3","equity":"1","customerDomain":[{"domain":"gufum","status":"ACTIVE"}],"customerTypes":[{"customerTypeId":"0a91337e-8c88-1ce7-818c-8d87e2d8003d"}],"customerAddressInformation":{"customerCountry":"CO","customerDepartment":"CUNDINAMARCA","customerProvince":"BOGOTA","customerCity":"BOGOTA","customerAddress":"calle falsa 123"},"customerPhone":{"phoneCode":"57","phoneNumber":"3161002233"},"customerEmail":"fudrayepsu@gufum.com","ciiuCode":{"activity":"Estudios de mercado.","ciiuCode":"7320"},"customerOwners":[{"name":"Juan higuera","documentType":"CC","documentNumber":"123456","relation":"REPRESENTANTE_LEGAL","pep":"SI"}],"termsAndConditionVersion":"","policyVersion":"","financialInstitutionCode":"","entityType":"PUBLIC","eanCode":"","compensationCode":"","limitUse":""}

---------------------------------------------------------
feature: classpath:users/CustomerManagement01/Customers.feature
scenarios:  5 | passed:  5 | failed:  0 | time: 3,4162
---------------------------------------------------------

10:37:39.745 [pool-2-thread-1] INFO  com.intuit.karate.Suite - <<pass>> feature 2 of 6 (4 remaining) classpath:users/CustomerManagement01/Customers.feature
10:37:39.796 [pool-1-thread-2] DEBUG com.intuit.karate - response time in milliseconds: 316
2 < 200
2 < Date: Tue, 13 Feb 2024 15:37:39 GMT
2 < Content-Type: application/json
2 < Transfer-Encoding: chunked
2 < Connection: keep-alive
2 < Vary: Origin
2 < Vary: Access-Control-Request-Method
2 < Vary: Access-Control-Request-Headers
2 < X-Content-Type-Options: nosniff
2 < X-XSS-Protection: 1; mode=block
2 < Cache-Control: no-cache, no-store, max-age=0, must-revalidate
2 < Pragma: no-cache
2 < Expires: 0
2 < X-Frame-Options: DENY
{"headers":{"httpStatusCode":200,"httpStatusDesc":"OK","messageUuid":"acxff62e-6f12-42de-9012-1e7304418abd","requestAppId":"c4e6bd04-5149-11e7-b114-a2f933d5fe66","requestDatetime":"2024-02-13T10:37:39"},"messageResponse":{"responseCode":"0000","responseMessage":"Transacción exitosa.","responseDetails":"The Customer Domains were obtained successfully to the Customer 0a9133aa-8d41-1693-818d-a31ddb3a2e80"},"data":{"domains":[]},"pagination":{"totalElements":0,"pageSize":10,"pageNumber":1,"hasMoreElements":false}}

10:37:39.816 [pool-1-thread-2] INFO  c.intuit.karate.core.FeatureRuntime - classpath:users/CustomerManagement01/../CustomerManagement01/Customers.feature - call by tag at line 7: Microservicios
10:37:39.836 [pool-1-thread-2] DEBUG com.intuit.karate - request:
1 > POST https://internal-AWS-PRB-ALB-BACK-398488634.us-east-1.elb.amazonaws.com/v1/transversal/administrative/customers
1 > message-uuid: acxff62e-6f12-42de-9012-1e7304418abd
1 > request-app-id: c4e6bd04-5149-11e7-b114-a2f933d5fe66
1 > Content-Type: application/json; charset=UTF-8
1 > Content-Length: 1050
1 > Host: internal-AWS-PRB-ALB-BACK-398488634.us-east-1.elb.amazonaws.com
1 > Connection: Keep-Alive
1 > User-Agent: Apache-HttpClient/4.5.13 (Java/17.0.8)
1 > Accept-Encoding: gzip,deflate
{"customerName":"1667257004210615","businessName":"1667257004210615","customerDocumentNumber":"1667257004210615","customerDocumentType":"NT","customerCode":"1667257004210615","regulatedSFC":"1667257004210615","logo":"","incomes":"80","expenses":"40","assets":"4","passives":"3","equity":"1","customerDomain":[{"domain":"gufum","status":"ACTIVE"}],"customerTypes":[{"customerTypeId":"0a91337e-8c88-1ce7-818c-8d87e2d8003d"}],"customerAddressInformation":{"customerCountry":"CO","customerDepartment":"CUNDINAMARCA","customerProvince":"BOGOTA","customerCity":"BOGOTA","customerAddress":"calle falsa 123"},"customerPhone":{"phoneCode":"57","phoneNumber":"3161002233"},"customerEmail":"fudrayepsu@gufum.com","ciiuCode":{"activity":"Estudios de mercado.","ciiuCode":"7320"},"customerOwners":[{"name":"Juan higuera","documentType":"CC","documentNumber":"123456","relation":"REPRESENTANTE_LEGAL","pep":"SI"}],"termsAndConditionVersion":"","policyVersion":"","financialInstitutionCode":"","entityType":"PUBLIC","eanCode":"","compensationCode":"","limitUse":""}

10:37:39.934 [pool-1-thread-1] DEBUG com.intuit.karate - response time in milliseconds: 334
1 < 201
1 < Date: Tue, 13 Feb 2024 15:37:39 GMT
1 < Content-Type: application/json
1 < Transfer-Encoding: chunked
1 < Connection: keep-alive
1 < Vary: Origin
1 < Vary: Access-Control-Request-Method
1 < Vary: Access-Control-Request-Headers
1 < X-Content-Type-Options: nosniff
1 < X-XSS-Protection: 1; mode=block
1 < Cache-Control: no-cache, no-store, max-age=0, must-revalidate
1 < Pragma: no-cache
1 < Expires: 0
1 < X-Frame-Options: DENY
[...]
fgdfgsdfgd"},{"productId":"0a91331f-8cf9-19f2-818c-f98fea080008","name":"Prueba 04","businessLine":"TX","supportedCustomerTypes":[{"customerTypeId":"7f000101-8adc-1104-818a-dc48239d0061","customerTypeValue":"PAYMENT_INITIATOR","customerTypeLabel":"Iniciador de Pago"},{"customerTypeId":"7f000101-8adc-1104-818a-dc48239d0061","customerTypeValue":"PAYMENT_INITIATOR","customerTypeLabel":"Iniciador de Pago"}],"createDatetime":"2024-01-11T12:26:47","logo":"cnjdnjd","description":"Producto Nuevo para realizar pruebas 01","productCode":"11113"},{"productId":"0a91331f-8cf9-19f2-818c-f9958e52000b","name":"Prueba 05","businessLine":"TX","supportedCustomerTypes":[{"customerTypeId":"7f000101-8adc-1104-818a-dc48239d0061","customerTypeValue":"PAYMENT_INITIATOR","customerTypeLabel":"Iniciador de Pago"},{"customerTypeId":"7f000101-8adc-1104-818a-dc48239d0061","customerTypeValue":"PAYMENT_INITIATOR","customerTypeLabel":"Iniciador de Pago"}],"createDatetime":"2024-01-11T12:32:57","logo":"cnjdnjd","description":"Producto Nuevo para realizar pruebas 01","productCode":"11113"},{"productId":"0a91331f-8cf9-19f2-818c-f99708d1000e","name":"Prueba 06","businessLine":"TX","supportedCustomerTypes":[{"customerTypeId":"7f000101-8adc-1104-818a-dc48239d0061","customerTypeValue":"PAYMENT_INITIATOR","customerTypeLabel":"Iniciador de Pago"},{"customerTypeId":"7f000101-8adc-1104-818a-dc48239d0061","customerTypeValue":"PAYMENT_INITIATOR","customerTypeLabel":"Iniciador de Pago"}],"createDatetime":"2024-01-11T12:34:34","logo":"cnjdnjd","description":"Producto Nuevo para realizar pruebas 01","productCode":"11113"},{"productId":"0a91331f-8cf9-19f2-818c-fa15871b0013","name":"PruebaXerer32fdfds5454543434434353","businessLine":"TX","supportedCustomerTypes":[{"customerTypeId":"0a91335c-8c6e-1435-818c-7da122e4003f","customerTypeValue":"COMPANYPOST123COMCO","customerTypeLabel":"Para pruebas"}],"createDatetime":"2024-01-11T14:52:44","logo":"900123999999434543543543543590012399999943454354354900123999999434543543543543590012399999943454354354900123999999434543543543543590012399999943454354354","description":"Producto Nuevo para realizar pruebas900123999999434543543543543590012399999943454354354900123999999434543543543543590012399999943499999943454354354900123999999434543543543543590012399999943454354354","productCode":"11111"},{"productId":"0a91331f-8cf9-19f2-818c-fa6170070015","name":"kilo23334","businessLine":"PAGOS","supportedCustomerTypes":[{"customerTypeId":"0a91335c-8c6e-1435-818c-7da122e4003f","customerTypeValue":"COMPANYPOST123COMCO","customerTypeLabel":"Para pruebas"}],"createDatetime":"2024-01-11T16:15:38","logo":"434","description":"Producto Nuevo para realizarProducto Nuevo para realizarProducto Nuevo para realizarProducto Nuevo para realizar ","productCode":"11111dfghfdf56546565656565443"}]},"pagination":{"totalElements":327,"pageSize":10,"pageNumber":1,"hasMoreElements":true}}

10:37:43.038 [pool-1-thread-2] INFO  c.intuit.karate.core.FeatureRuntime - classpath:users/ProductManager02/../ProductManager02/CustomersCommonsProducts.feature - call by tag at line 7: Microservicios
10:37:43.048 [pool-1-thread-2] DEBUG com.intuit.karate - request:
1 > POST https://internal-AWS-PRB-ALB-BACK-398488634.us-east-1.elb.amazonaws.com/v1/transversal/commons/products
1 > message-uuid: acxff62e-6f12-42de-9012-1e7304418abd
1 > Content-Type: application/json; charset=UTF-8
1 > Content-Length: 532
1 > Host: internal-AWS-PRB-ALB-BACK-398488634.us-east-1.elb.amazonaws.com
1 > Connection: Keep-Alive
1 > User-Agent: Apache-HttpClient/4.5.13 (Java/17.0.8)
1 > Accept-Encoding: gzip,deflate
{"name":"8708468868044809","businessLine":"TX","productCode":"11111","description":"Producto Nuevo para realizar pruebas900123999999434543543543543590012399999943454354354900123999999434543543543543590012399999943499999943454354354900123999999434543543543543590012399999943454354354","logo":"900123999999434543543543543590012399999943454354354900123999999434543543543543590012399999943454354354900123999999434543543543543590012399999943454354354","supportedCustomerTypes":[{"customerTypeId":"0a91335c-8c6e-1435-818c-7da122e4003f"}]}

10:37:43.145 [pool-1-thread-1] DEBUG com.intuit.karate - response time in milliseconds: 308
1 < 201
1 < Date: Tue, 13 Feb 2024 15:37:43 GMT
1 < Content-Type: application/json
1 < Transfer-Encoding: chunked
1 < Connection: keep-alive
1 < Vary: Origin
1 < Vary: Access-Control-Request-Method
1 < Vary: Access-Control-Request-Headers
1 < X-Content-Type-Options: nosniff
1 < X-XSS-Protection: 1; mode=block
1 < Cache-Control: no-cache, no-store, max-age=0, must-revalidate
1 < Pragma: no-cache
1 < Expires: 0
1 < X-Frame-Options: DENY
{"headers":{"httpStatusCode":201,"httpStatusDesc":"CREATED","messageUuid":"acxff62e-6f12-42de-9012-1e7304418abd","requestAppId":null,"requestDatetime":"2024-02-13T10:37:43"},"messageResponse":{"responseCode":"0000","responseMessage":"Transacción exitosa.","responseDetails":"Account created, success."},"data":{"product":{"productId":"0a91331f-8cf9-19f2-818d-a31de99e02fb","name":"0040787733531643","businessLine":"TX","supportedCustomerTypes":[{"customerTypeId":"0a91335c-8c6e-1435-818c-7da122e4003f","customerTypeValue":"COMPANYPOST123COMCO","customerTypeLabel":"Para pruebas"}],"createDatetime":"2024-02-13T10:37:43","logo":"900123999999434543543543543590012399999943454354354900123999999434543543543543590012399999943454354354900123999999434543543543543590012399999943454354354","description":"Producto Nuevo para realizar pruebas900123999999434543543543543590012399999943454354354900123999999434543543543543590012399999943499999943454354354900123999999434543543543543590012399999943454354354","productCode":"11111"}}}

10:37:43.149 [pool-1-thread-1] INFO  com.intuit.karate - [print] 0a91331f-8cf9-19f2-818d-a31de99e02fb 
10:37:43.152 [pool-1-thread-1] DEBUG c.intuit.karate.core.ScenarioEngine - over-writing existing variable 'generarData' with new value: Java.type('Utilidades.generarData')
10:37:43.155 [pool-1-thread-1] DEBUG com.intuit.karate - request:
2 > GET https://internal-AWS-PRB-ALB-BACK-398488634.us-east-1.elb.amazonaws.com/v1/transversal/commons/products/0a91331f-8cf9-19f2-818d-a31de99e02fb
2 > message-uuid: acxff62e-6f12-42de-9012-1e7304418abd
2 > request-app-id: c4e6bd04-5149-11e7-b114-a2f933d5fe66
2 > Content-Type: application/json
2 > Host: internal-AWS-PRB-ALB-BACK-398488634.us-east-1.elb.amazonaws.com
2 > Connection: Keep-Alive
2 > User-Agent: Apache-HttpClient/4.5.13 (Java/17.0.8)
2 > Accept-Encoding: gzip,deflate


10:37:43.356 [pool-1-thread-2] DEBUG com.intuit.karate - response time in milliseconds: 308
1 < 201
1 < Date: Tue, 13 Feb 2024 15:37:43 GMT
1 < Content-Type: application/json
1 < Transfer-Encoding: chunked
1 < Connection: keep-alive
1 < Vary: Origin
1 < Vary: Access-Control-Request-Method
1 < Vary: Access-Control-Request-Headers
1 < X-Content-Type-Options: nosniff
1 < X-XSS-Protection: 1; mode=block
1 < Cache-Control: no-cache, no-store, max-age=0, must-revalidate
1 < Pragma: no-cache
1 < Expires: 0
1 < X-Frame-Options: DENY
{"headers":{"httpStatusCode":201,"httpStatusDesc":"CREATED","messageUuid":"acxff62e-6f12-42de-9012-1e7304418abd","requestAppId":null,"requestDatetime":"2024-02-13T10:37:43"},"messageResponse":{"responseCode":"0000","responseMessage":"Transacción exitosa.","responseDetails":"Account created, success."},"data":{"product":{"productId":"0a91331f-8cf9-19f2-818d-a31dea7802fd","name":"8708468868044809","businessLine":"TX","supportedCustomerTypes":[{"customerTypeId":"0a91335c-8c6e-1435-818c-7da122e4003f","customerTypeValue":"COMPANYPOST123COMCO","customerTypeLabel":"Para pruebas"}],"createDatetime":"2024-02-13T10:37:43","logo":"900123999999434543543543543590012399999943454354354900123999999434543543543543590012399999943454354354900123999999434543543543543590012399999943454354354","description":"Producto Nuevo para realizar pruebas900123999999434543543543543590012399999943454354354900123999999434543543543543590012399999943499999943454354354900123999999434543543543543590012399999943454354354","productCode":"11111"}}}

10:37:43.360 [pool-1-thread-2] INFO  com.intuit.karate - [print] 0a91331f-8cf9-19f2-818d-a31dea7802fd 
10:37:43.363 [pool-1-thread-2] DEBUG c.intuit.karate.core.ScenarioEngine - over-writing existing variable 'generarData' with new value: Java.type('Utilidades.generarData')
10:37:43.367 [pool-1-thread-2] DEBUG com.intuit.karate - request:
2 > PUT https://internal-AWS-PRB-ALB-BACK-398488634.us-east-1.elb.amazonaws.com/v1/transversal/commons/products/0a91331f-8cf9-19f2-818d-a31dea7802fd
2 > message-uuid: acxff62e-6f12-42de-9012-1e7304418abd
2 > request-app-id: c4e6bd04-5149-11e7-b114-a2f933d5fe66
2 > Content-Type: application/json; charset=UTF-8
2 > Content-Length: 193
2 > Host: internal-AWS-PRB-ALB-BACK-398488634.us-east-1.elb.amazonaws.com
2 > Connection: Keep-Alive
2 > User-Agent: Apache-HttpClient/4.5.13 (Java/17.0.8)
2 > Accept-Encoding: gzip,deflate
{"name":"string","logo":"BORw0KGgoAAAANSUhEUgAAAc4A","description":"product for PSE","productCode":"918111","supportedCustomerTypes":[{"customerTypeId":"0a91335c-8c6e-1435-818c-7da122e4003f"}]}

10:37:43.428 [pool-1-thread-1] DEBUG com.intuit.karate - response time in milliseconds: 273
2 < 200
2 < Date: Tue, 13 Feb 2024 15:37:43 GMT
2 < Content-Type: application/json
2 < Transfer-Encoding: chunked
2 < Connection: keep-alive
2 < Vary: Origin
2 < Vary: Access-Control-Request-Method
2 < Vary: Access-Control-Request-Headers
2 < X-Content-Type-Options: nosniff
2 < X-XSS-Protection: 1; mode=block
2 < Cache-Control: no-cache, no-store, max-age=0, must-revalidate
2 < Pragma: no-cache
2 < Expires: 0
2 < X-Frame-Options: DENY
{"headers":{"httpStatusCode":200,"httpStatusDesc":"OK","messageUuid":"acxff62e-6f12-42de-9012-1e7304418abd","requestAppId":"c4e6bd04-5149-11e7-b114-a2f933d5fe66","requestDatetime":"2024-02-13T10:37:43"},"messageResponse":{"responseCode":"0000","responseMessage":"Transacción exitosa.","responseDetails":"Product exists."},"data":{"product":{"productId":"0a91331f-8cf9-19f2-818d-a31de99e02fb","name":"0040787733531643","businessLine":"TX","supportedCustomerTypes":[{"customerTypeId":"0a91335c-8c6e-1435-818c-7da122e4003f","customerTypeValue":"COMPANYPOST123COMCO","customerTypeLabel":"Para pruebas"}],"createDatetime":"2024-02-13T10:37:43","logo":"900123999999434543543543543590012399999943454354354900123999999434543543543543590012399999943454354354900123999999434543543543543590012399999943454354354","description":"Producto Nuevo para realizar pruebas900123999999434543543543543590012399999943454354354900123999999434543543543543590012399999943499999943454354354900123999999434543543543543590012399999943454354354","productCode":"11111"}}}

10:37:43.434 [pool-1-thread-1] INFO  c.intuit.karate.core.FeatureRuntime - classpath:users/ProductManager02/../ProductManager02/CustomersCommonsProducts.feature - call by tag at line 7: Microservicios
10:37:43.439 [pool-1-thread-1] DEBUG com.intuit.karate - request:
1 > POST https://internal-AWS-PRB-ALB-BACK-398488634.us-east-1.elb.amazonaws.com/v1/transversal/commons/products
1 > message-uuid: acxff62e-6f12-42de-9012-1e7304418abd
1 > Content-Type: application/json; charset=UTF-8
1 > Content-Length: 532
1 > Host: internal-AWS-PRB-ALB-BACK-398488634.us-east-1.elb.amazonaws.com
1 > Connection: Keep-Alive
1 > User-Agent: Apache-HttpClient/4.5.13 (Java/17.0.8)
1 > Accept-Encoding: gzip,deflate
{"name":"8555625852850745","businessLine":"TX","productCode":"11111","description":"Producto Nuevo para realizar pruebas900123999999434543543543543590012399999943454354354900123999999434543543543543590012399999943499999943454354354900123999999434543543543543590012399999943454354354","logo":"900123999999434543543543543590012399999943454354354900123999999434543543543543590012399999943454354354900123999999434543543543543590012399999943454354354","supportedCustomerTypes":[{"customerTypeId":"0a91335c-8c6e-1435-818c-7da122e4003f"}]}

10:37:43.667 [pool-1-thread-2] DEBUG com.intuit.karate - response time in milliseconds: 299
2 < 200
2 < Date: Tue, 13 Feb 2024 15:37:43 GMT
2 < Content-Type: application/json
2 < Transfer-Encoding: chunked
2 < Connection: keep-alive
2 < Vary: Origin
2 < Vary: Access-Control-Request-Method
2 < Vary: Access-Control-Request-Headers
2 < X-Content-Type-Options: nosniff
2 < X-XSS-Protection: 1; mode=block
2 < Cache-Control: no-cache, no-store, max-age=0, must-revalidate
2 < Pragma: no-cache
2 < Expires: 0
2 < X-Frame-Options: DENY
{"headers":{"httpStatusCode":200,"httpStatusDesc":"OK","messageUuid":"acxff62e-6f12-42de-9012-1e7304418abd","requestAppId":"c4e6bd04-5149-11e7-b114-a2f933d5fe66","requestDatetime":"2024-02-13T10:37:43"},"messageResponse":{"responseCode":"0000","responseMessage":"Transacción exitosa.","responseDetails":"Update success."},"data":{"product":{"productId":"0a91331f-8cf9-19f2-818d-a31dea7802fd","name":"string","businessLine":"TX","supportedCustomerTypes":[{"customerTypeId":"0a91335c-8c6e-1435-818c-7da122e4003f","customerTypeValue":"COMPANYPOST123COMCO","customerTypeLabel":"Para pruebas"}],"createDatetime":"2024-02-13T10:37:43","logo":"BORw0KGgoAAAANSUhEUgAAAc4A","description":"product for PSE","productCode":"918111"}}}

10:37:43.750 [pool-1-thread-1] DEBUG com.intuit.karate - response time in milliseconds: 311
1 < 201
1 < Date: Tue, 13 Feb 2024 15:37:43 GMT
1 < Content-Type: application/json
1 < Transfer-Encoding: chunked
1 < Connection: keep-alive
1 < Vary: Origin
1 < Vary: Access-Control-Request-Method
1 < Vary: Access-Control-Request-Headers
1 < X-Content-Type-Options: nosniff
1 < X-XSS-Protection: 1; mode=block
1 < Cache-Control: no-cache, no-store, max-age=0, must-revalidate
1 < Pragma: no-cache
1 < Expires: 0
1 < X-Frame-Options: DENY
{"headers":{"httpStatusCode":201,"httpStatusDesc":"CREATED","messageUuid":"acxff62e-6f12-42de-9012-1e7304418abd","requestAppId":null,"requestDatetime":"2024-02-13T10:37:43"},"messageResponse":{"responseCode":"0000","responseMessage":"Transacción exitosa.","responseDetails":"Account created, success."},"data":{"product":{"productId":"0a91331f-8cf9-19f2-818d-a31debea0300","name":"8555625852850745","businessLine":"TX","supportedCustomerTypes":[{"customerTypeId":"0a91335c-8c6e-1435-818c-7da122e4003f","customerTypeValue":"COMPANYPOST123COMCO","customerTypeLabel":"Para pruebas"}],"createDatetime":"2024-02-13T10:37:43","logo":"900123999999434543543543543590012399999943454354354900123999999434543543543543590012399999943454354354900123999999434543543543543590012399999943454354354","description":"Producto Nuevo para realizar pruebas900123999999434543543543543590012399999943454354354900123999999434543543543543590012399999943499999943454354354900123999999434543543543543590012399999943454354354","productCode":"11111"}}}

10:37:43.752 [pool-1-thread-1] INFO  com.intuit.karate - [print] 0a91331f-8cf9-19f2-818d-a31debea0300 
10:37:43.754 [pool-1-thread-1] DEBUG c.intuit.karate.core.ScenarioEngine - over-writing existing variable 'generarData' with new value: Java.type('Utilidades.generarData')
10:37:43.757 [pool-1-thread-1] DEBUG com.intuit.karate - request:
2 > DELETE https://internal-AWS-PRB-ALB-BACK-398488634.us-east-1.elb.amazonaws.com/v1/transversal/commons/products/0a91331f-8cf9-19f2-818d-a31debea0300
2 > message-uuid: acxff62e-6f12-42de-9012-1e7304418abd
2 > request-app-id: c4e6bd04-5149-11e7-b114-a2f933d5fe66
2 > Content-Type: application/json
2 > Host: internal-AWS-PRB-ALB-BACK-398488634.us-east-1.elb.amazonaws.com
2 > Connection: Keep-Alive
2 > User-Agent: Apache-HttpClient/4.5.13 (Java/17.0.8)
2 > Accept-Encoding: gzip,deflate


10:37:44.036 [pool-1-thread-1] DEBUG com.intuit.karate - response time in milliseconds: 278
2 < 200
2 < Date: Tue, 13 Feb 2024 15:37:43 GMT
2 < Content-Type: application/json
2 < Transfer-Encoding: chunked
2 < Connection: keep-alive
2 < Vary: Origin
2 < Vary: Access-Control-Request-Method
2 < Vary: Access-Control-Request-Headers
2 < X-Content-Type-Options: nosniff
2 < X-XSS-Protection: 1; mode=block
2 < Cache-Control: no-cache, no-store, max-age=0, must-revalidate
2 < Pragma: no-cache
2 < Expires: 0
2 < X-Frame-Options: DENY
{"headers":{"httpStatusCode":200,"httpStatusDesc":"OK","messageUuid":"acxff62e-6f12-42de-9012-1e7304418abd","requestAppId":"c4e6bd04-5149-11e7-b114-a2f933d5fe66","requestDatetime":"2024-02-13T10:37:43"},"messageResponse":{"responseCode":"0000","responseMessage":"Transacción exitosa.","responseDetails":"Delete success."},"data":{"product":{"productId":"0a91331f-8cf9-19f2-818d-a31debea0300","name":"8555625852850745","businessLine":"TX","supportedCustomerTypes":[{"customerTypeId":"0a91335c-8c6e-1435-818c-7da122e4003f","customerTypeValue":"COMPANYPOST123COMCO","customerTypeLabel":"Para pruebas"}],"createDatetime":"2024-02-13T10:37:43","logo":"900123999999434543543543543590012399999943454354354900123999999434543543543543590012399999943454354354900123999999434543543543543590012399999943454354354","description":"Producto Nuevo para realizar pruebas900123999999434543543543543590012399999943454354354900123999999434543543543543590012399999943499999943454354354900123999999434543543543543590012399999943454354354","productCode":"11111"}}}

---------------------------------------------------------
feature: classpath:users/ProductManager02/CustomersCommonsProducts.feature
scenarios:  5 | passed:  5 | failed:  0 | time: 2,5414
---------------------------------------------------------

10:37:44.141 [pool-2-thread-1] INFO  com.intuit.karate.Suite - <<pass>> feature 6 of 6 (0 remaining) classpath:users/ProductManager02/CustomersCommonsProducts.feature
Karate version: 1.2.0.RC4
======================================================
elapsed:  11,15 | threads:    2 | thread time: 16,38 
features:     6 | skipped:    0 | efficiency: 0,73
scenarios:   25 | passed:    25 | failed: 0
======================================================

HTML report: (paste into browser to view) | Karate version: 1.2.0.RC4
file:///C:/Users/vivianagaviria/OneDrive/Documentos/AUTOMATIZACION%20VIVIANA/Nueva%20carpeta/MicroserviciosKarate/build/karate-reports/karate-summary.html
===================================================================

]]></system-out>
  <system-err><![CDATA[feb. 13, 2024 10:37:45 A. M. net.masterthought.cucumber.ReportParser parseJsonFiles
INFORMACIÓN: File 'C:\Users\vivianagaviria\OneDrive\Documentos\AUTOMATIZACION VIVIANA\Nueva carpeta\MicroserviciosKarate\build\karate-reports\users.CustomerManagement01.Customers.json' contains 1 features
feb. 13, 2024 10:37:45 A. M. net.masterthought.cucumber.ReportParser parseJsonFiles
INFORMACIÓN: File 'C:\Users\vivianagaviria\OneDrive\Documentos\AUTOMATIZACION VIVIANA\Nueva carpeta\MicroserviciosKarate\build\karate-reports\users.CustomerManagement01.Customers_domains.json' contains 1 features
feb. 13, 2024 10:37:45 A. M. net.masterthought.cucumber.ReportParser parseJsonFiles
INFORMACIÓN: File 'C:\Users\vivianagaviria\OneDrive\Documentos\AUTOMATIZACION VIVIANA\Nueva carpeta\MicroserviciosKarate\build\karate-reports\users.CustomerManagement01.Customers_owner.json' contains 1 features
feb. 13, 2024 10:37:45 A. M. net.masterthought.cucumber.ReportParser parseJsonFiles
INFORMACIÓN: File 'C:\Users\vivianagaviria\OneDrive\Documentos\AUTOMATIZACION VIVIANA\Nueva carpeta\MicroserviciosKarate\build\karate-reports\users.CustomerManagement01.Customers_products.json' contains 1 features
feb. 13, 2024 10:37:45 A. M. net.masterthought.cucumber.ReportParser parseJsonFiles
INFORMACIÓN: File 'C:\Users\vivianagaviria\OneDrive\Documentos\AUTOMATIZACION VIVIANA\Nueva carpeta\MicroserviciosKarate\build\karate-reports\users.Customer_TypeManagement00.CustomerTypeManagement.json' contains 1 features
feb. 13, 2024 10:37:45 A. M. net.masterthought.cucumber.ReportParser parseJsonFiles
INFORMACIÓN: File 'C:\Users\vivianagaviria\OneDrive\Documentos\AUTOMATIZACION VIVIANA\Nueva carpeta\MicroserviciosKarate\build\karate-reports\users.ProductManager02.CustomersCommonsProducts.json' contains 1 features
]]></system-err>
</testsuite>
