<?xml version="1.0" encoding="UTF-8"?>
<testsuite name="users.ManagementTest" tests="1" skipped="0" failures="0" errors="0" timestamp="2024-02-12T20:19:53" hostname="PE-HO-ACH-013" time="12.209">
  <properties/>
  <testcase name="testParallel()" classname="users.ManagementTest" time="12.209"/>
  <system-out><![CDATA[15:19:54.470 [Test worker] DEBUG com.intuit.karate.Suite - [config] classpath:karate-config.js
15:19:54.478 [Test worker] INFO  com.intuit.karate.Suite - backed up existing 'build\karate-reports' dir to: build\karate-reports_1707769194475
15:19:54.490 [Test worker] DEBUG com.intuit.karate.Suite - waiting for 6 features to complete
15:19:55.785 [pool-1-thread-2] INFO  c.intuit.karate.core.FeatureRuntime - classpath:users/Customer_TypeManagement/../Customer_TypeManagement/CustomerTypeManagement.feature - call by tag at line 7: Microservicios
15:19:56.223 [pool-1-thread-1] DEBUG com.intuit.karate - request:
1 > POST https://internal-AWS-PRB-ALB-BACK-398488634.us-east-1.elb.amazonaws.com/v1/transversal/administrative/customerTypes
1 > message-uuid: acxff62e-6f12-42de-9012-1e7304418abd
1 > request-app-id: c4e6bd04-5149-11e7-b114-a2f933d5fe66
1 > Content-Type: application/json; charset=UTF-8
1 > Content-Length: 148
1 > Host: internal-AWS-PRB-ALB-BACK-398488634.us-east-1.elb.amazonaws.com
1 > Connection: Keep-Alive
1 > User-Agent: Apache-HttpClient/4.5.13 (Java/17.0.8)
1 > Accept-Encoding: gzip,deflate
{"customerTypeValue":"22261584819511831180117011365886518824336176465101","customerTypeLabel":"CAMPOS1234COMPAÑU12BOGOTARESULTA121COLOMBIAPRUEBAS"}

15:19:56.223 [pool-1-thread-2] DEBUG com.intuit.karate - request:
1 > POST https://internal-AWS-PRB-ALB-BACK-398488634.us-east-1.elb.amazonaws.com/v1/transversal/administrative/customerTypes
1 > message-uuid: acxff62e-6f12-42de-9012-1e7304418abd
1 > request-app-id: c4e6bd04-5149-11e7-b114-a2f933d5fe66
1 > Content-Type: application/json; charset=UTF-8
1 > Content-Length: 148
1 > Host: internal-AWS-PRB-ALB-BACK-398488634.us-east-1.elb.amazonaws.com
1 > Connection: Keep-Alive
1 > User-Agent: Apache-HttpClient/4.5.13 (Java/17.0.8)
1 > Accept-Encoding: gzip,deflate
{"customerTypeValue":"85453124585417479262146712224845000341215262419083","customerTypeLabel":"CAMPOS1234COMPAÑU12BOGOTARESULTA121COLOMBIAPRUEBAS"}

15:19:56.745 [pool-1-thread-2] DEBUG com.intuit.karate - response time in milliseconds: 517
1 < 201
1 < Date: Mon, 12 Feb 2024 20:19:56 GMT
1 < Content-Type: application/json
1 < Transfer-Encoding: chunked
1 < Connection: keep-alive
1 < Vary: Origin
1 < Vary: Access-Control-Request-Method
1 < Vary: Access-Control-Request-Headers
1 < X-Content-Type-Options: nosniff
1 < X-XSS-Protection: 1; mode=block
1 < Cache-Control: no-cache, no-store, max-age=0, must-revalidate
1 < Pragma: no-cache
1 < Expires: 0
1 < X-Frame-Options: DENY
{"headers":{"httpStatusCode":201,"httpStatusDesc":"CREATED","messageUuid":"acxff62e-6f12-42de-9012-1e7304418abd","requestAppId":"c4e6bd04-5149-11e7-b114-a2f933d5fe66","requestDatetime":"2024-02-12T15:19:56"},"messageResponse":{"responseCode":"0000","responseMessage":"Transacción exitosa.","responseDetails":"Customer Type Created Successfully"},"data":{"customerType":{"customerTypeId":"0a9133aa-8d41-1693-818d-9ef9f0891cc5","customerTypeValue":"85453124585417479262146712224845000341215262419083","customerTypeLabel":"CAMPOS1234COMPAÑU12BOGOTARESULTA121COLOMBIAPRUEBAS"}}}

15:19:56.745 [pool-1-thread-1] DEBUG com.intuit.karate - response time in milliseconds: 518
1 < 201
1 < Date: Mon, 12 Feb 2024 20:19:56 GMT
1 < Content-Type: application/json
1 < Transfer-Encoding: chunked
1 < Connection: keep-alive
1 < Vary: Origin
1 < Vary: Access-Control-Request-Method
1 < Vary: Access-Control-Request-Headers
1 < X-Content-Type-Options: nosniff
1 < X-XSS-Protection: 1; mode=block
1 < Cache-Control: no-cache, no-store, max-age=0, must-revalidate
1 < Pragma: no-cache
1 < Expires: 0
1 < X-Frame-Options: DENY
{"headers":{"httpStatusCode":201,"httpStatusDesc":"CREATED","messageUuid":"acxff62e-6f12-42de-9012-1e7304418abd","requestAppId":"c4e6bd04-5149-11e7-b114-a2f933d5fe66","requestDatetime":"2024-02-12T15:19:56"},"messageResponse":{"responseCode":"0000","responseMessage":"Transacción exitosa.","responseDetails":"Customer Type Created Successfully"},"data":{"customerType":{"customerTypeId":"0a9133aa-8d41-1693-818d-9ef9f0861cc4","customerTypeValue":"22261584819511831180117011365886518824336176465101","customerTypeLabel":"CAMPOS1234COMPAÑU12BOGOTARESULTA121COLOMBIAPRUEBAS"}}}

15:19:56.768 [pool-1-thread-1] INFO  com.intuit.karate - [print] 0a9133aa-8d41-1693-818d-9ef9f0861cc4 
15:19:56.768 [pool-1-thread-2] INFO  com.intuit.karate - [print] 0a9133aa-8d41-1693-818d-9ef9f0891cc5 
15:19:56.771 [pool-1-thread-2] INFO  com.intuit.karate - [print] 0a9133aa-8d41-1693-818d-9ef9f0891cc5 
15:19:56.771 [pool-1-thread-1] INFO  com.intuit.karate - [print] 0a9133aa-8d41-1693-818d-9ef9f0861cc4 
15:19:56.777 [pool-1-thread-2] DEBUG c.intuit.karate.core.ScenarioEngine - over-writing existing variable 'generarData' with new value: Java.type('Utilidades.generarData')
15:19:56.786 [pool-1-thread-1] INFO  c.intuit.karate.core.FeatureRuntime - classpath:users/Customer_TypeManagement/../Customer_TypeManagement/CustomerTypeManagement.feature - call by tag at line 7: Microservicios
15:19:56.791 [pool-1-thread-2] DEBUG com.intuit.karate - request:
2 > PUT https://internal-AWS-PRB-ALB-BACK-398488634.us-east-1.elb.amazonaws.com/v1/transversal/administrative/customerTypes/0a9133aa-8d41-1693-818d-9ef9f0891cc5
2 > message-uuid: acxff62e-6f12-42de-9012-1e7304418abd
2 > request-app-id: c4e6bd04-5149-11e7-b114-a2f933d5fe66
2 > Content-Type: application/json; charset=UTF-8
2 > Content-Length: 148
2 > Host: internal-AWS-PRB-ALB-BACK-398488634.us-east-1.elb.amazonaws.com
2 > Connection: Keep-Alive
2 > User-Agent: Apache-HttpClient/4.5.13 (Java/17.0.8)
2 > Accept-Encoding: gzip,deflate
{"customerTypeValue":"85453124585417479262146712224845000341215262419083","customerTypeLabel":"CAMPOS1234COMPAÑU12BOGOTARESULTA121COLOMBIAPRUEBAS"}

15:19:56.799 [pool-1-thread-1] DEBUG com.intuit.karate - request:
1 > POST https://internal-AWS-PRB-ALB-BACK-398488634.us-east-1.elb.amazonaws.com/v1/transversal/administrative/customerTypes
1 > message-uuid: acxff62e-6f12-42de-9012-1e7304418abd
1 > request-app-id: c4e6bd04-5149-11e7-b114-a2f933d5fe66
1 > Content-Type: application/json; charset=UTF-8
1 > Content-Length: 148
1 > Host: internal-AWS-PRB-ALB-BACK-398488634.us-east-1.elb.amazonaws.com
1 > Connection: Keep-Alive
1 > User-Agent: Apache-HttpClient/4.5.13 (Java/17.0.8)
1 > Accept-Encoding: gzip,deflate
{"customerTypeValue":"04636507582145740122836826507381713020164300102601","customerTypeLabel":"CAMPOS1234COMPAÑU12BOGOTARESULTA121COLOMBIAPRUEBAS"}

15:19:57.055 [pool-1-thread-2] DEBUG com.intuit.karate - response time in milliseconds: 263
2 < 200
2 < Date: Mon, 12 Feb 2024 20:19:57 GMT
2 < Content-Type: application/json
2 < Transfer-Encoding: chunked
2 < Connection: keep-alive
2 < Vary: Origin
2 < Vary: Access-Control-Request-Method
2 < Vary: Access-Control-Request-Headers
2 < X-Content-Type-Options: nosniff
2 < X-XSS-Protection: 1; mode=block
2 < Cache-Control: no-cache, no-store, max-age=0, must-revalidate
2 < Pragma: no-cache
2 < Expires: 0
2 < X-Frame-Options: DENY
{"headers":{"httpStatusCode":200,"httpStatusDesc":"OK","messageUuid":"acxff62e-6f12-42de-9012-1e7304418abd","requestAppId":"c4e6bd04-5149-11e7-b114-a2f933d5fe66","requestDatetime":"2024-02-12T15:19:57"},"messageResponse":{"responseCode":"0000","responseMessage":"Transacción exitosa.","responseDetails":"CustomerType was Updated Successfully"},"data":{"customerType":{"customerTypeId":"0a9133aa-8d41-1693-818d-9ef9f0891cc5","customerTypeValue":"85453124585417479262146712224845000341215262419083","customerTypeLabel":"CAMPOS1234COMPAÑU12BOGOTARESULTA121COLOMBIAPRUEBAS"}}}

15:19:57.057 [pool-1-thread-2] ERROR com.intuit.karate - classpath:users/Customer_TypeManagement/CustomerTypeManagement.feature:41
Then status 400
status code was: 200, expected: 400, response time in milliseconds: 263, url: https://internal-AWS-PRB-ALB-BACK-398488634.us-east-1.elb.amazonaws.com/v1/transversal/administrative/customerTypes/0a9133aa-8d41-1693-818d-9ef9f0891cc5, response: 
{"headers":{"httpStatusCode":200,"httpStatusDesc":"OK","messageUuid":"acxff62e-6f12-42de-9012-1e7304418abd","requestAppId":"c4e6bd04-5149-11e7-b114-a2f933d5fe66","requestDatetime":"2024-02-12T15:19:57"},"messageResponse":{"responseCode":"0000","responseMessage":"Transacción exitosa.","responseDetails":"CustomerType was Updated Successfully"},"data":{"customerType":{"customerTypeId":"0a9133aa-8d41-1693-818d-9ef9f0891cc5","customerTypeValue":"85453124585417479262146712224845000341215262419083","customerTypeLabel":"CAMPOS1234COMPAÑU12BOGOTARESULTA121COLOMBIAPRUEBAS"}}}
classpath:users/Customer_TypeManagement/CustomerTypeManagement.feature:41
15:19:57.065 [pool-1-thread-1] DEBUG com.intuit.karate - response time in milliseconds: 265
1 < 201
1 < Date: Mon, 12 Feb 2024 20:19:57 GMT
1 < Content-Type: application/json
1 < Transfer-Encoding: chunked
1 < Connection: keep-alive
1 < Vary: Origin
1 < Vary: Access-Control-Request-Method
1 < Vary: Access-Control-Request-Headers
1 < X-Content-Type-Options: nosniff
1 < X-XSS-Protection: 1; mode=block
1 < Cache-Control: no-cache, no-store, max-age=0, must-revalidate
1 < Pragma: no-cache
1 < Expires: 0
1 < X-Frame-Options: DENY
{"headers":{"httpStatusCode":201,"httpStatusDesc":"CREATED","messageUuid":"acxff62e-6f12-42de-9012-1e7304418abd","requestAppId":"c4e6bd04-5149-11e7-b114-a2f933d5fe66","requestDatetime":"2024-02-12T15:19:57"},"messageResponse":{"responseCode":"0000","responseMessage":"Transacción exitosa.","responseDetails":"Customer Type Created Successfully"},"data":{"customerType":{"customerTypeId":"0a9133aa-8d41-1693-818d-9ef9f1d91cc6","customerTypeValue":"04636507582145740122836826507381713020164300102601","customerTypeLabel":"CAMPOS1234COMPAÑU12BOGOTARESULTA121COLOMBIAPRUEBAS"}}}

15:19:57.070 [pool-1-thread-1] INFO  com.intuit.karate - [print] 0a9133aa-8d41-1693-818d-9ef9f1d91cc6 
15:19:57.072 [pool-1-thread-1] INFO  com.intuit.karate - [print] 0a9133aa-8d41-1693-818d-9ef9f1d91cc6 
15:19:57.075 [pool-1-thread-1] DEBUG c.intuit.karate.core.ScenarioEngine - over-writing existing variable 'generarData' with new value: Java.type('Utilidades.generarData')
15:19:57.079 [pool-1-thread-2] DEBUG com.intuit.karate - request:
1 > GET https://internal-AWS-PRB-ALB-BACK-398488634.us-east-1.elb.amazonaws.com/v1/transversal/administrative/customerTypes?pageNumber=1&pageSize=10
1 > message-uuid: acxff62e-6f12-42de-9012-1e7304418abd
1 > request-app-id: c4e6bd04-5149-11e7-b114-a2f933d5fe66
1 > Content-Type: application/json
1 > Host: internal-AWS-PRB-ALB-BACK-398488634.us-east-1.elb.amazonaws.com
1 > Connection: Keep-Alive
1 > User-Agent: Apache-HttpClient/4.5.13 (Java/17.0.8)
1 > Accept-Encoding: gzip,deflate


15:19:57.082 [pool-1-thread-1] DEBUG com.intuit.karate - request:
2 > GET https://internal-AWS-PRB-ALB-BACK-398488634.us-east-1.elb.amazonaws.com/v1/transversal/administrative/customerTypes/0a9133aa-8d41-1693-818d-9ef9f1d91cc6
2 > message-uuid: acxff62e-6f12-42de-9012-1e7304418abd
2 > request-app-id: c4e6bd04-5149-11e7-b114-a2f933d5fe66
2 > Content-Type: application/json
2 > Host: internal-AWS-PRB-ALB-BACK-398488634.us-east-1.elb.amazonaws.com
2 > Connection: Keep-Alive
2 > User-Agent: Apache-HttpClient/4.5.13 (Java/17.0.8)
2 > Accept-Encoding: gzip,deflate


15:19:57.341 [pool-1-thread-2] DEBUG com.intuit.karate - response time in milliseconds: 262
1 < 200
1 < Date: Mon, 12 Feb 2024 20:19:57 GMT
1 < Content-Type: application/json
1 < Transfer-Encoding: chunked
1 < Connection: keep-alive
1 < Vary: Origin
1 < Vary: Access-Control-Request-Method
1 < Vary: Access-Control-Request-Headers
1 < X-Content-Type-Options: nosniff
1 < X-XSS-Protection: 1; mode=block
1 < Cache-Control: no-cache, no-store, max-age=0, must-revalidate
1 < Pragma: no-cache
1 < Expires: 0
1 < X-Frame-Options: DENY
{"headers":{"httpStatusCode":200,"httpStatusDesc":"OK","messageUuid":"acxff62e-6f12-42de-9012-1e7304418abd","requestAppId":"c4e6bd04-5149-11e7-b114-a2f933d5fe66","requestDatetime":"2024-02-12T15:19:57"},"messageResponse":{"responseCode":"0000","responseMessage":"Transacción exitosa.","responseDetails":"Obtained the CustomerTypes successfully"},"data":{"customerTypes":[{"customerTypeId":"0a8106ed-8946-1e90-8189-4c1bb1b50005","customerTypeValue":"COMPAN323232Y","customerTypeLabel":"EMPRESA8"},{"customerTypeId":"0a91335c-8c6e-1435-818c-6e2fedd10006","customerTypeValue":"ADMINISTRATOR_PARTNERl1","customerTypeLabel":"OPERADORAS DE INFORMACIÓN 11"},{"customerTypeId":"0a91335c-8c6e-1435-818c-6e3e3e940019","customerTypeValue":"ADMINISTRATOR_PARTNERl11","customerTypeLabel":"OPERADORAS DE INFORMACIÓN 111"},{"customerTypeId":"0a91335c-8c6e-1435-818c-7d7d8d880038","customerTypeValue":"COMPANYPOST","customerTypeLabel":"PRUEBApost"},{"customerTypeId":"0a91335c-8c6e-1435-818c-7d7fd4b50039","customerTypeValue":"COMPANYPOST1","customerTypeLabel":"PRUEBApost1"},{"customerTypeId":"0a91335c-8c6e-1435-818c-7d803eb4003a","customerTypeValue":"COMPANYPOST12","customerTypeLabel":"PRUEBApost12"},{"customerTypeId":"0a91335c-8c6e-1435-818c-7d81087b003b","customerTypeValue":"COMPANYPOST123","customerTypeLabel":"PRUEBApost123"},{"customerTypeId":"0a91335c-8c6e-1435-818c-7d94f248003c","customerTypeValue":"COMPANYPOST123COM","customerTypeLabel":"PRUEBApost1239887"},{"customerTypeId":"0a91335c-8c6e-1435-818c-7d968932003d","customerTypeValue":"COMPANYPOST123COMCOMPANYPOST123COMCOMPANYPOST123CO","customerTypeLabel":"PRUEBApost1239887"},{"customerTypeId":"0a91335c-8c6e-1435-818c-7d9a898d003e","customerTypeValue":"COMPANYPOST123COMCOMPANYPOST12343MCOMPANYPOST123CO","customerTypeLabel":"PRUEBApost1239887PRUEBAost1239887PRUEBApost1239885"}]},"pagination":{"totalElements":615,"pageSize":10,"pageNumber":1,"hasMoreElements":true}}

15:19:57.342 [pool-1-thread-1] DEBUG com.intuit.karate - response time in milliseconds: 260
2 < 200
2 < Date: Mon, 12 Feb 2024 20:19:57 GMT
2 < Content-Type: application/json
2 < Transfer-Encoding: chunked
2 < Connection: keep-alive
2 < Vary: Origin
2 < Vary: Access-Control-Request-Method
2 < Vary: Access-Control-Request-Headers
2 < X-Content-Type-Options: nosniff
2 < X-XSS-Protection: 1; mode=block
2 < Cache-Control: no-cache, no-store, max-age=0, must-revalidate
2 < Pragma: no-cache
2 < Expires: 0
2 < X-Frame-Options: DENY
{"headers":{"httpStatusCode":200,"httpStatusDesc":"OK","messageUuid":"acxff62e-6f12-42de-9012-1e7304418abd","requestAppId":"c4e6bd04-5149-11e7-b114-a2f933d5fe66","requestDatetime":"2024-02-12T15:19:57"},"messageResponse":{"responseCode":"0000","responseMessage":"Transacción exitosa.","responseDetails":"Success Get a CustomerType Transaction"},"data":{"customerType":{"customerTypeId":"0a9133aa-8d41-1693-818d-9ef9f1d91cc6","customerTypeValue":"04636507582145740122836826507381713020164300102601","customerTypeLabel":"CAMPOS1234COMPAÑU12BOGOTARESULTA121COLOMBIAPRUEBAS"}}}

15:19:57.362 [pool-1-thread-2] DEBUG com.intuit.karate - request:
1 > GET https://internal-AWS-PRB-ALB-BACK-398488634.us-east-1.elb.amazonaws.com/v1/transversal/administrative/customers?pageNumber=1&pageSize=10
1 > message-uuid: acxff62e-6f12-42de-9012-1e7304418abd
1 > request-app-id: c4e6bd04-5149-11e7-b114-a2f933d5fe66
1 > Content-Type: application/json
1 > Host: internal-AWS-PRB-ALB-BACK-398488634.us-east-1.elb.amazonaws.com
1 > Connection: Keep-Alive
1 > User-Agent: Apache-HttpClient/4.5.13 (Java/17.0.8)
1 > Accept-Encoding: gzip,deflate


15:19:57.371 [pool-1-thread-1] DEBUG com.intuit.karate - request:
1 > POST https://internal-AWS-PRB-ALB-BACK-398488634.us-east-1.elb.amazonaws.com/v1/transversal/administrative/customers
1 > message-uuid: acxff62e-6f12-42de-9012-1e7304418abd
1 > request-app-id: c4e6bd04-5149-11e7-b114-a2f933d5fe66
1 > Content-Type: application/json; charset=UTF-8
1 > Content-Length: 1050
1 > Host: internal-AWS-PRB-ALB-BACK-398488634.us-east-1.elb.amazonaws.com
1 > Connection: Keep-Alive
1 > User-Agent: Apache-HttpClient/4.5.13 (Java/17.0.8)
1 > Accept-Encoding: gzip,deflate
{"customerName":"1411737641517932","businessName":"1411737641517932","customerDocumentNumber":"1411737641517932","customerDocumentType":"NT","customerCode":"1411737641517932","regulatedSFC":"1411737641517932","logo":"","incomes":"80","expenses":"40","assets":"4","passives":"3","equity":"1","customerDomain":[{"domain":"gufum","status":"ACTIVE"}],"customerTypes":[{"customerTypeId":"0a91337e-8c88-1ce7-818c-8d87e2d8003d"}],"customerAddressInformation":{"customerCountry":"CO","customerDepartment":"CUNDINAMARCA","customerProvince":"BOGOTA","customerCity":"BOGOTA","customerAddress":"calle falsa 123"},"customerPhone":{"phoneCode":"57","phoneNumber":"3161002233"},"customerEmail":"fudrayepsu@gufum.com","ciiuCode":{"activity":"Estudios de mercado.","ciiuCode":"7320"},"customerOwners":[{"name":"Juan higuera","documentType":"CC","documentNumber":"123456","relation":"REPRESENTANTE_LEGAL","pep":"SI"}],"termsAndConditionVersion":"","policyVersion":"","financialInstitutionCode":"","entityType":"PUBLIC","eanCode":"","compensationCode":"","limitUse":""}

15:19:57.718 [pool-1-thread-1] DEBUG com.intuit.karate - response time in milliseconds: 346
1 < 201
1 < Date: Mon, 12 Feb 2024 20:19:57 GMT
1 < Content-Type: application/json
1 < Transfer-Encoding: chunked
1 < Connection: keep-alive
1 < Vary: Origin
1 < Vary: Access-Control-Request-Method
1 < Vary: Access-Control-Request-Headers
1 < X-Content-Type-Options: nosniff
1 < X-XSS-Protection: 1; mode=block
1 < Cache-Control: no-cache, no-store, max-age=0, must-revalidate
1 < Pragma: no-cache
1 < Expires: 0
1 < X-Frame-Options: DENY
{"headers":{"httpStatusCode":201,"httpStatusDesc":"CREATED","messageUuid":"acxff62e-6f12-42de-9012-1e7304418abd","requestAppId":"c4e6bd04-5149-11e7-b114-a2f933d5fe66","requestDatetime":"2024-02-12T15:19:57"},"messageResponse":{"responseCode":"0000","responseMessage":"Transacción exitosa.","responseDetails":"Customer Created Successfully"},"data":{"customer":{"customerId":"0a9133aa-8d41-1693-818d-9ef9f42f1cc7","customerName":"1411737641517932","businessName":"1411737641517932","customerDomains":[{"customerDomainId":"0a9133aa-8d41-1693-818d-9ef9f43f1cc9","customerDomain":"gufum","status":"ACTIVE"}],"customerDocumentType":"NT","customerDocumentNumber":"1411737641517932","customerCode":"1411737641517932","regulatedSFC":"1411737641517932","logo":"","incomes":"80","expenses":"40","assets":"4","passives":"3","equity":"1","customerTypes":[{"customerTypeId":"0a91337e-8c88-1ce7-818c-8d87e2d8003d","customerTypeValue":"ADMINISTRATOR_PARTNER12241","customerTypeLabel":"OPERADORAS DE INFORMACIÓN 1"}],"customerStatus":"ACTIVE","customerAddressInformation":{"customerCountry":"CO","customerDepartment":"CUNDINAMARCA","customerProvince":"BOGOTA","customerCity":"BOGOTA","customerAddress":"calle falsa 123"},"customerPhone":{"phoneCode":"57","phoneNumber":"3161002233"},"customerEmail":"fudrayepsu@gufum.com","ciiuCode":{"ciiuCode":"7320","activity":"Estudios de mercado."},"customerOwners":[{"customerOwnerId":"0a9133aa-8d41-1693-818d-9ef9f4601ccb","name":"Juan higuera","documentType":"CC","documentNumber":"123456","relation":"REPRESENTANTE_LEGAL","pep":"SI"}],"termsAndConditionVersion":"","termsAndConditionDatetime":"","policyVersion":"","policyDatetime":"2024-02-12T15:19:57","financialInstitutionCode":"","createDatetime":"2024-02-12T15:19:57","entityType":"PUBLIC","eanCode":"","compensationCode":"","limitUse":"","updateDatetime":"2024-02-12T15:19:57"}}}

15:19:57.727 [pool-1-thread-1] INFO  com.intuit.karate - [print] 0a9133aa-8d41-1693-818d-9ef9f42f1cc7 
15:19:57.729 [pool-1-thread-1] INFO  com.intuit.karate - [print] 0a9133aa-8d41-1693-818d-9ef9f43f1cc9 
15:19:57.730 [pool-1-thread-1] INFO  com.intuit.karate - [print] 0a9133aa-8d41-1693-818d-9ef9f4601ccb 
15:19:57.742 [pool-1-thread-1] INFO  c.intuit.karate.core.FeatureRuntime - classpath:users/CustomerManagement/../CustomerManagement/Customers.feature - call by tag at line 7: Microservicios
15:19:57.757 [pool-1-thread-1] DEBUG com.intuit.karate - request:
1 > POST https://internal-AWS-PRB-ALB-BACK-398488634.us-east-1.elb.amazonaws.com/v1/transversal/administrative/customers
1 > message-uuid: acxff62e-6f12-42de-9012-1e7304418abd
1 > request-app-id: c4e6bd04-5149-11e7-b114-a2f933d5fe66
1 > Content-Type: application/json; charset=UTF-8
1 > Content-Length: 1050
1 > Host: internal-AWS-PRB-ALB-BACK-398488634.us-east-1.elb.amazonaws.com
1 > Connection: Keep-Alive
1 > User-Agent: Apache-HttpClient/4.5.13 (Java/17.0.8)
1 > Accept-Encoding: gzip,deflate
{"customerName":"3234668452297790","businessName":"3234668452297790","customerDocumentNumber":"3234668452297790","customerDocumentType":"NT","customerCode":"3234668452297790","regulatedSFC":"3234668452297790","logo":"","incomes":"80","expenses":"40","assets":"4","passives":"3","equity":"1","customerDomain":[{"domain":"gufum","status":"ACTIVE"}],"customerTypes":[{"customerTypeId":"0a91337e-8c88-1ce7-818c-8d87e2d8003d"}],"customerAddressInformation":{"customerCountry":"CO","customerDepartment":"CUNDINAMARCA","customerProvince":"BOGOTA","customerCity":"BOGOTA","customerAddress":"calle falsa 123"},"customerPhone":{"phoneCode":"57","phoneNumber":"3161002233"},"customerEmail":"fudrayepsu@gufum.com","ciiuCode":{"activity":"Estudios de mercado.","ciiuCode":"7320"},"customerOwners":[{"name":"Juan higuera","documentType":"CC","documentNumber":"123456","relation":"REPRESENTANTE_LEGAL","pep":"SI"}],"termsAndConditionVersion":"","policyVersion":"","financialInstitutionCode":"","entityType":"PUBLIC","eanCode":"","compensationCode":"","limitUse":""}

15:19:57.907 [pool-1-thread-2] DEBUG com.intuit.karate - response time in milliseconds: 544
1 < 200
1 < Date: Mon, 12 Feb 2024 20:19:57 GMT
1 < Content-Type: application/json
1 < Transfer-Encoding: chunked
1 < Connection: keep-alive
1 < Vary: Origin
1 < Vary: Access-Control-Request-Method
1 < Vary: Access-Control-Request-Headers
1 < X-Content-Type-Options: nosniff
1 < X-XSS-Protection: 1; mode=block
1 < Cache-Control: no-cache, no-store, max-age=0, must-revalidate
1 < Pragma: no-cache
1 < Expires: 0
1 < X-Frame-Options: DENY
{"headers":{"httpStatusCode":200,"httpStatusDesc":"OK","messageUuid":"acxff62e-6f12-42de-9012-1e7304418abd","requestAppId":"c4e6bd04-5149-11e7-b114-a2f933d5fe66","requestDatetime":"2024-02-12T15:19:57"},"messageResponse":{"responseCode":"0000","responseMessage":"Transacción exitosa.","responseDetails":"Customer exists"},"data":{"customers":[{"customerId":"0a91335c-8c6e-1435-818c-6e34f2c1000c","customerName":"Claro Colombia","businessName":"Banco ACH22","customerDomains":[{"customerDomainId":"0a91335c-8c6e-1435-818c-6e34f2f4000e","customerDomain":"BancoACH","status":"ACTIVE"},{"customerDomainId":"0a91335c-8c6e-1435-818c-6e5dac49002a","customerDomain":"","status":"ACTIVE"},{"customerDomainId":"0a91335c-8c6e-1435-818c-7e06302f0057","customerDomain":"clarocolombia","status":"ACTIVE"}],"customerDocumentType":"NT","customerDocumentNumber":"900125458","customerCode":"003456","regulatedSFC":"987111","logo":"/9j/4AAQSkZJRgABAQAAAQABAAD/2wCEAAkGBxMTEhUSEh","incomes":"872727222","expenses":"41717111","assets":"12211111","passives":"3901111","equity":"567890","customerTypes":[{"customerTypeId":"0a913451-8d19-188d-818d-33320d54002c","customerTypeValue":"ADMINISTRA4343434TOR_P54545ARTNER3434323434343","customerTypeLabel":"OPERADORAS DE INFORMACIÓN 1232"}],"customerStatus":"INACTIVE","customerAddressInformation":{"customerCountry":"CO","customerDepartment":"calle falsa 123","customerProvince":"BOGOTA","customerCity":"BOGOTA","customerAddress":"calle falsa 123"},"customerPhone":{"phoneCode":"57","phoneNumber":"3161002233"},"customerEmail":"admin@clarocolombia.com","ciiuCode":{"ciiuCode":"7320","activity":"Estudios de mercado."},"customerOwners":[{"customerOwnerId":"0a91335c-8c6e-1435-818c-6e34f30a0010","name":"Pedro Peres","documentType":"NT","documentNumber":"9044392902","relation":"REPRESENTANTE_LEGAL","pep":"SI"},{"customerOwnerId":"0a91335c-8c6e-1435-818c-6e34f30a0011","name":"Maria Rosas","documentType":"CC","documentNumber":"89181111","relation":"ACCIONISTA","pep":"NO"}],"termsAndConditionVersion":"R 1.2.1","termsAndConditionDatetime":"R 1.2.1","policyVersion":"R 1.2.1","policyDatetime":"2023-12-15T11:00:12","financialInstitutionCode":"2000","createDatetime":"2023-12-15T11:00:12","entityType":"PUBLIC","eanCode":"123456789","compensationCode":"19751","limitUse":"80","updateDatetime":"2024-02-07T09:08:53"},{"customerId":"0a91335c-8c6e-1435-818c-6e35c9e50012","customerName":"ArquitecturaPruebas12","businessName":"Arquitectura Pruebas12","customerDomains":[{"customerDomainId":"0a91335c-8c6e-1435-818c-6e35ca370014","customerDomain":"gufum","status":"ACTIVE"}],"customerDocumentType":"NT","customerDocumentNumber":"900000100","customerCode":"90000988","regulatedSFC":"98711134","logo":"","incomes":"80","expenses":"40","assets":"4","passives":"3","equity":"1","customerTypes":[{"customerTypeId":"0a913392-8c1b-19e8-818c-6dc00af60060","customerTypeValue":"COMPANY89009dfdsfdpos","customerTypeLabel":"PRUEBA476343sdsadsao"}],"customerStatus":"ACTIVE","customerAddressInformation":{"customerCountry":"CO","customerDepartment":"calle falsa 123","customerProvince":"BOGOTA","customerCity":"BOGOTA","customerAddress":"calle falsa 123"},"customerPhone":{"phoneCode":"57","phoneNumber":"3161002233"},"customerEmail":"fudrayepsu@gufum.com","ciiuCode":{"ciiuCode":"7320","activity":"Estudios de mercado."},"customerOwners":[{"customerOwnerId":"0a91335c-8c6e-1435-818c-6e35ca930016","name":"Juan higuera","documentType":"CC","documentNumber":"123456","relation":"REPRESENTANTE_LEGAL","pep":"SI"}],"termsAndConditionVersion":"","termsAndConditionDatetime":"","policyVersion":"","policyDatetime":"2023-12-15T11:01:08","financialInstitutionCode":"","createDatetime":"2023-12-15T11:01:08","entityType":"PUBLIC","eanCode":"","compensationCode":"","limitUse":"","updateDatetime":"2023-12-15T11:01:08"},{"customerId":"0a91335c-8c6e-1435-818c-6e4129f7001a","customerName":"ArquitecturaPruebas12434","businessName":"Arquitectura Pruebas123434","customerDomains":[{"customerDomainId":"0a91335c-8c6e-1435-818c-6e412a50001c","customerDomain":"gufum","status":"ACTIVE"},{"customerDomainId":"0a91335c-8c6e-1435-818c-6e587b910025","customerDomain":"Probando","status":"active"},{"customerDomainId":"0a91335c-8c6e-1435-818c-6e5b7cd20026","customerDomain":"clarocolombia1","status":"ACTIVE"},{"customerDomainId":"0a91335c-8c6e-1435-818c-6e5c1e690029","customerDomain":"clarocolombia2","status":"ACTIVE"},{"customerDomainId":"0a91335c-8c6e-1435-818c-6e5fc64c0030","customerDomain":"clarocolombia3","status":"ACTIVE"},{"customerDomainId":"0a91335c-8c6e-1435-818c-6e6a95f00036","customerDomain":"Pruebas","status":"ACTIVE"},{"customerDomainId":"0a91335c-8c6e-1435-818c-6e7f0bd90037","customerDomain":"Pruebas1","status":"ACTIVE"},{"customerDomainId":"0a91335c-8c6e-1435-818c-82a0f28d0109","customerDomain":"Pruebas1767545","status":"ACTIVE"}],"customerDocumentType":"NT","customerDocumentNumber":"900000101","customerCode":"90000921","regulatedSFC":"98711134","logo":"","incomes":"80","expenses":"40","assets":"4","passives":"3","equity":"1","customerTypes":[{"customerTypeId":"0a913392-8c1b-19e8-818c-6dc00af60060","customerTypeValue":"COMPANY89009dfdsfdpos","customerTypeLabel":"PRUEBA476343sdsadsao"}],"customerStatus":"ACTIVE","customerAddressInformation":{"customerCountry":"CO","customerDepartment":"calle falsa 123","customerProvince":"BOGOTA","customerCity":"BOGOTA","customerAddress":"calle falsa 123"},"customerPhone":{"phoneCode":"57","phoneNumber":"3161002233"},"customerEmail":"fudrayepsu@gufum.com","ciiuCode":{"ciiuCode":"7320","activity":"Estudios de mercado."},"customerOwners":[{"customerOwnerId":"0a91335c-8c6e-1435-818c-6e412aea001e","name":"Juan higuera","documentType":"CC","documentNumber":"123456","relation":"REPRESENTANTE_LEGAL","pep":"SI"}],"termsAndConditionVersion":"","termsAndConditionDatetime":"","policyVersion":"","policyDatetime":"2023-12-15T11:13:33","financialInstitutionCode":"","createDatetime":"2023-12-15T11:13:33","entityType":"PUBLIC","eanCode":"","compensationCode":"","limitUse":"","updateDatetime":"2023-12-15T11:13:33"},{"customerId":"0a91335c-8c6e-1435-818c-6e4357c7001f","customerName":"Banco Prueba1320237","businessName":"Banco ACH22","customerDomains":[{"customerDomainId":"0a91335c-8c6e-1435-818c-6e4357d60021","customerDomain":"BancoACH","status":"ACTIVE"}],"customerDocumentType":"NT","customerDocumentNumber":"9001254583","customerCode":"003453","regulatedSFC":"1","logo":"","incomes":"1000000000","expenses":"1111111111","assets":"222222222","passives":"22222222","equity":"22222222","customerTypes":[{"customerTypeId":"0a91335c-8c6e-1435-818c-6e3e3e940019","customerTypeValue":"ADMINISTRATOR_PARTNERl11","customerTypeLabel":"OPERADORAS DE INFORMACIÓN 111"}],"customerStatus":"ACTIVE","customerAddressInformation":{"customerCountry":"CO","customerDepartment":"Calle 3 1C-37","customerProvince":"BOGOTA DC","customerCity":"BOGOTA","customerAddress":"Calle 3 1C-37"},"customerPhone":{"phoneCode":"57","phoneNumber":"3007393346"},"customerEmail":"bach@test.com","ciiuCode":{"ciiuCode":"7320","activity":"Pagos"},"customerOwners":[{"customerOwnerId":"0a91335c-8c6e-1435-818c-6e4358270023","name":"Pedro Peres","documentType":"NT","documentNumber":"9044392902","relation":"REPRESENTANTE_LEGAL","pep":"SI"},{"customerOwnerId":"0a91335c-8c6e-1435-818c-6e4358270024","name":"Maria Rosas","documentType":"CC","documentNumber":"89181111","relation":"ACCIONISTA","pep":"NO"}],"termsAndConditionVersion":"R 1.2.1","termsAndConditionDatetime":"R 1.2.1","policyVersion":"R 1.2.1","policyDatetime":"2023-12-15T11:15:56","financialInstitutionCode":"2001","createDatetime":"2023-12-15T11:15:56","entityType":"PRIVATE","eanCode":"123456789","compensationCode":"197522","limitUse":"80","updateDatetime":"2023-12-15T11:15:56"},{"customerId":"0a91335c-8c6e-1435-818c-6e5e66b5002b","customerName":"Claro Colombia 1","businessName":"App Claro","customerDomains":[{"customerDomainId":"0a91335c-8c6e-1435-818c-6e5e670d002d","customerDomain":"clarocolombia","status":"ACTIVE"}],"customerDocumentType":"NT","customerDocumentNumber":"1234567","customerCode":"87611","regulatedSFC":"987111","logo":"","incomes":"872727222","expenses":"41717111","assets":"12211111","passives":"3901111","equity":"567890","customerTypes":[{"customerTypeId":"0a913392-8c1b-19e8-818c-5f924b840029","customerTypeValue":"ADMINISTRATOR_PARTNER 5","customerTypeLabel":"OPERADORAS DE INFORMACIÓN 5"}],"customerStatus":"ACTIVE","customerAddressInformation":{"customerCountry":"CO","customerDepartment":"calle falsa 123","customerProvince":"BOGOTA","customerCity":"BOGOTA","customerAddress":"calle falsa 123"},"customerPhone":{"phoneCode":"57","phoneNumber":"3161002233"},"customerEmail":"admin@clarocolombia.com","ciiuCode":{"ciiuCode":"7320","activity":"Estudios de mercado."},"customerOwners":[{"customerOwnerId":"0a91335c-8c6e-1435-818c-6e5e6723002f","name":"Juanito Perez","documentType":"CC","documentNumber":"123456","relation":"REPRESENTANTE_LEGAL","pep":"SI"}],"termsAndConditionVersion":"R 1.2.1","termsAndConditionDatetime":"R 1.2.1","policyVersion":"R 1.2.1","policyDatetime":"2023-12-15T11:45:29","financialInstitutionCode":"0001","createDatetime":"2023-12-15T11:45:29","entityType":"PUBLIC","eanCode":"123456789","compensationCode":"10987","limitUse":"80","updateDatetime":"2023-12-15T11:45:29"},{"customerId":"0a91335c-8c6e-1435-818c-6e694d2f0031","customerName":"Claro Colombia 2","businessName":"App Claro 1","customerDomains":[{"customerDomainId":"0a91335c-8c6e-1435-818c-6e694d480033","customerDomain":"clarocolombia","status":"ACTIVE"}],"customerDocumentType":"NT","customerDocumentNumber":"1234568","customerCode":"87611","regulatedSFC":"987111","logo":"","incomes":"872727222","expenses":"41717111","assets":"12211111","passives":"3901111","equity":"567890","customerTypes":[{"customerTypeId":"0a913392-8c1b-19e8-818c-63f57f31003c","customerTypeValue":"COMPANY 6","customerTypeLabel":"EMPRESA 6"}],"customerStatus":"ACTIVE","customerAddressInformation":{"customerCountry":"CO","customerDepartment":"calle falsa 123","customerProvince":"BOGOTA","customerCity":"BOGOTA","customerAddress":"calle falsa 123"},"customerPhone":{"phoneCode":"57","phoneNumber":"3161002233"},"customerEmail":"admin@clarocolombia.com","ciiuCode":{"ciiuCode":"7320","activity":"Estudios de mercado."},"customerOwners":[{"customerOwnerId":"0a91335c-8c6e-1435-818c-6e694dba0035","name":"Juanito Perez","documentType":"CC","documentNumber":"123456","relation":"REPRESENTANTE_LEGAL","pep":"SI"}],"termsAndConditionVersion":"R 1.2.1","termsAndConditionDatetime":"R 1.2.1","policyVersion":"R 1.2.1","policyDatetime":"2023-12-15T11:57:23","financialInstitutionCode":"0002","createDatetime":"2023-12-15T11:57:23","entityType":"PUBLIC","eanCode":"123456789","compensationCode":"10988","limitUse":"80","updateDatetime":"2023-12-15T11:57:23"},{"customerId":"0a91335c-8c6e-1435-818c-7dade9b70042","customerName":"Claro Colombia 4","businessName":"App Claro 4","customerDomains":[{"customerDomainId":"0a91335c-8c6e-1435-818c-7dade9d10044","customerDomain":"clarocolombia","status":"ACTIVE"}],"customerDocumentType":"NT","customerDocumentNumber":"1234569","customerCode":"87611","regulatedSFC":"987111","logo":"","incomes":"872727222","expenses":"41717111","assets":"12211111","passives":"3901111","equity":"567890","customerTypes":[{"customerTypeId":"0a91335c-8c6e-1435-818c-7dad2c230041","customerTypeValue":"ADMINISTRATOR_PARTNER 12","customerTypeLabel":"OPERADORAS DE INFORMACIÓN 12"}],"customerStatus":"ACTIVE","customerAddressInformation":{"customerCountry":"CO","customerDepartment":"calle falsa 123","customerProvince":"BOGOTA","customerCity":"BOGOTA","customerAddress":"calle falsa 123"},"customerPhone":{"phoneCode":"57","phoneNumber":"3161002233"},"customerEmail":"admin@clarocolombia.com","ciiuCode":{"ciiuCode":"7320","activity":"Estudios de mercado."},"customerOwners":[{"customerOwnerId":"0a91335c-8c6e-1435-818c-7dadea0b0046","name":"Juanito Perez","documentType":"CC","documentNumber":"123456","relation":"REPRESENTANTE_LEGAL","pep":"SI"}],"termsAndConditionVersion":"R 1.2.1","termsAndConditionDatetime":"R 1.2.1","policyVersion":"R 1.2.1","policyDatetime":"2023-12-18T11:06:38","financialInstitutionCode":"0004","createDatetime":"2023-12-18T11:06:38","entityType":"PUBLIC","eanCode":"123456789","compensationCode":"10990","limitUse":"80","updateDatetime":"2023-12-18T11:06:38"},{"customerId":"0a91335c-8c6e-1435-818c-7dbe45f90048","customerName":"Banco Prueba132023711","businessName":"Banco ACH221","customerDomains":[{"customerDomainId":"0a91335c-8c6e-1435-818c-7dbe4640004a","customerDomain":"BancoACH","status":"ACTIVE"},{"customerDomainId":"0a91335c-8c6e-1435-818c-7e5dcfac0058","customerDomain":"clarocolombia","status":"ACTIVE"}],"customerDocumentType":"NT","customerDocumentNumber":"900125458311","customerCode":"0034531","regulatedSFC":"1","logo":"","incomes":"1000000000","expenses":"1111111111","assets":"222222222","passives":"22222222","equity":"22222222","customerTypes":[{"customerTypeId":"7f000101-8950-1446-8189-5005de280002","customerTypeValue":"FINANCIAL_INSTITUTION","customerTypeLabel":"Entidad Financiera"}],"customerStatus":"ACTIVE","customerAddressInformation":{"customerCountry":"CO","customerDepartment":"calle falsa 123","customerProvince":"BOGOTA","customerCity":"BOGOTA","customerAddress":"calle falsa 123"},"customerPhone":{"phoneCode":"57","phoneNumber":"3161002233"},"customerEmail":"admin@clarocolombia.com","ciiuCode":{"ciiuCode":"7220","activity":"Estudios de mercado."},"customerOwners":[{"customerOwnerId":"0a91335c-8c6e-1435-818c-7dbe470a004c","name":"Pedro Peres","documentType":"NT","documentNumber":"9044392902","relation":"REPRESENTANTE_LEGAL","pep":"SI"},{"customerOwnerId":"0a91335c-8c6e-1435-818c-7dbe470a004d","name":"Maria Rosas","documentType":"CC","documentNumber":"89181111","relation":"ACCIONISTA","pep":"NO"}],"termsAndConditionVersion":"","termsAndConditionDatetime":"R 1.2.1","policyVersion":"","policyDatetime":"2023-12-18T11:24:30","financialInstitutionCode":"2002","createDatetime":"2023-12-18T11:24:30","entityType":"PRIVATE","eanCode":"123456789","compensationCode":"197523","limitUse":"80","updateDatetime":"2023-12-20T16:57:24"},{"customerId":"0a91335c-8c6e-1435-818c-7dcc50dc0050","customerName":"Claro Colombia 5","businessName":"App Claro 5","customerDomains":[{"customerDomainId":"0a91335c-8c6e-1435-818c-7dcc50ef0052","customerDomain":"clarocolombia","status":"ACTIVE"}],"customerDocumentType":"NT","customerDocumentNumber":"1234570","customerCode":"87612","regulatedSFC":"987111","logo":"","incomes":"872727222","expenses":"41717111","assets":"12211111","passives":"3901111","equity":"567890","customerTypes":[{"customerTypeId":"7f000101-8950-1446-8189-5005de280002","customerTypeValue":"FINANCIAL_INSTITUTION","customerTypeLabel":"Entidad Financiera"}],"customerStatus":"INACTIVE","customerAddressInformation":{"customerCountry":"CO","customerDepartment":"calle falsa 123","customerProvince":"BOGOTA","customerCity":"BOGOTA","customerAddress":"calle falsa 123"},"customerPhone":{"phoneCode":"57","phoneNumber":"3161002233"},"customerEmail":"admin@clarocolombia.com","ciiuCode":{"ciiuCode":"7220","activity":"Estudios de mercado."},"customerOwners":[{"customerOwnerId":"0a91335c-8c6e-1435-818c-7dcc51010054","name":"Juanito Perez","documentType":"CC","documentNumber":"123456","relation":"REPRESENTANTE_LEGAL","pep":"SI"}],"termsAndConditionVersion":"R 1.2.1","termsAndConditionDatetime":"R 1.2.1","policyVersion":"R 1.2.1","policyDatetime":"2023-12-18T11:39:51","financialInstitutionCode":"0006","createDatetime":"2023-12-18T11:39:51","entityType":"PUBLIC","eanCode":"123456789","compensationCode":"10992","limitUse":"80","updateDatetime":"2023-12-19T08:03:33"},{"customerId":"0a91335c-8c6e-1435-818c-7e5f6591005a","customerName":"Banco Prueba132023712","businessName":"Banco ACH221","customerDomains":[{"customerDomainId":"0a91335c-8c6e-1435-818c-7e5f65a0005c","customerDomain":"BancoACH","status":"ACTIVE"},{"customerDomainId":"0a91335c-8c6e-1435-818c-7e6bf12e0061","customerDomain":"clarocolombia","status":"ACTIVE"}],"customerDocumentType":"NT","customerDocumentNumber":"900125458312","customerCode":"0034532","regulatedSFC":"1","logo":"","incomes":"1000000000","expenses":"1111111111","assets":"222222222","passives":"22222222","equity":"22222222","customerTypes":[{"customerTypeId":"0a91335c-8c6e-1435-818c-7e5e7f550059","customerTypeValue":"ADMINISTRATOR_PARTNERl1111","customerTypeLabel":"OPERADORAS DE INFORMACIÓN 11111"}],"customerStatus":"ACTIVE","customerAddressInformation":{"customerCountry":"CO","customerDepartment":"Calle 3 1C-37","customerProvince":"BOGOTA DC","customerCity":"BOGOTA","customerAddress":"Calle 3 1C-37"},"customerPhone":{"phoneCode":"57","phoneNumber":"3007393346"},"customerEmail":"bach@test.com","ciiuCode":{"ciiuCode":"7320","activity":"Pagos"},"customerOwners":[{"customerOwnerId":"0a91335c-8c6e-1435-818c-7e5f664c005e","name":"Pedro Peres","documentType":"NT","documentNumber":"9044392902","relation":"REPRESENTANTE_LEGAL","pep":"SI"},{"customerOwnerId":"0a91335c-8c6e-1435-818c-7e5f664d005f","name":"Maria Rosas","documentType":"CC","documentNumber":"89181111","relation":"ACCIONISTA","pep":"NO"}],"termsAndConditionVersion":"R 1.2.1","termsAndConditionDatetime":"R 1.2.1","policyVersion":"R 1.2.1","policyDatetime":"2023-12-18T14:20:30","financialInstitutionCode":"2003","createDatetime":"2023-12-18T14:20:30","entityType":"PRIVATE","eanCode":"123456789","compensationCode":"197524","limitUse":"80","updateDatetime":"2023-12-18T14:20:30"}]},"pagination":{"totalElements":1417,"pageSize":10,"pageNumber":1,"hasMoreElements":true}}

15:19:57.929 [pool-1-thread-2] INFO  c.intuit.karate.core.FeatureRuntime - classpath:users/CustomerManagement/../CustomerManagement/Customers.feature - call by tag at line 7: Microservicios
15:19:57.955 [pool-1-thread-2] DEBUG com.intuit.karate - request:
1 > POST https://internal-AWS-PRB-ALB-BACK-398488634.us-east-1.elb.amazonaws.com/v1/transversal/administrative/customers
1 > message-uuid: acxff62e-6f12-42de-9012-1e7304418abd
1 > request-app-id: c4e6bd04-5149-11e7-b114-a2f933d5fe66
1 > Content-Type: application/json; charset=UTF-8
1 > Content-Length: 1050
1 > Host: internal-AWS-PRB-ALB-BACK-398488634.us-east-1.elb.amazonaws.com
1 > Connection: Keep-Alive
1 > User-Agent: Apache-HttpClient/4.5.13 (Java/17.0.8)
1 > Accept-Encoding: gzip,deflate
{"customerName":"6816124407211643","businessName":"6816124407211643","customerDocumentNumber":"6816124407211643","customerDocumentType":"NT","customerCode":"6816124407211643","regulatedSFC":"6816124407211643","logo":"","incomes":"80","expenses":"40","assets":"4","passives":"3","equity":"1","customerDomain":[{"domain":"gufum","status":"ACTIVE"}],"customerTypes":[{"customerTypeId":"0a91337e-8c88-1ce7-818c-8d87e2d8003d"}],"customerAddressInformation":{"customerCountry":"CO","customerDepartment":"CUNDINAMARCA","customerProvince":"BOGOTA","customerCity":"BOGOTA","customerAddress":"calle falsa 123"},"customerPhone":{"phoneCode":"57","phoneNumber":"3161002233"},"customerEmail":"fudrayepsu@gufum.com","ciiuCode":{"activity":"Estudios de mercado.","ciiuCode":"7320"},"customerOwners":[{"name":"Juan higuera","documentType":"CC","documentNumber":"123456","relation":"REPRESENTANTE_LEGAL","pep":"SI"}],"termsAndConditionVersion":"","policyVersion":"","financialInstitutionCode":"","entityType":"PUBLIC","eanCode":"","compensationCode":"","limitUse":""}

15:19:58.081 [pool-1-thread-1] DEBUG com.intuit.karate - response time in milliseconds: 324
1 < 201
1 < Date: Mon, 12 Feb 2024 20:19:58 GMT
1 < Content-Type: application/json
1 < Transfer-Encoding: chunked
1 < Connection: keep-alive
1 < Vary: Origin
1 < Vary: Access-Control-Request-Method
1 < Vary: Access-Control-Request-Headers
1 < X-Content-Type-Options: nosniff
1 < X-XSS-Protection: 1; mode=block
1 < Cache-Control: no-cache, no-store, max-age=0, must-revalidate
1 < Pragma: no-cache
1 < Expires: 0
1 < X-Frame-Options: DENY
{"headers":{"httpStatusCode":201,"httpStatusDesc":"CREATED","messageUuid":"acxff62e-6f12-42de-9012-1e7304418abd","requestAppId":"c4e6bd04-5149-11e7-b114-a2f933d5fe66","requestDatetime":"2024-02-12T15:19:58"},"messageResponse":{"responseCode":"0000","responseMessage":"Transacción exitosa.","responseDetails":"Customer Created Successfully"},"data":{"customer":{"customerId":"0a9133aa-8d41-1693-818d-9ef9f5a71ccc","customerName":"3234668452297790","businessName":"3234668452297790","customerDomains":[{"customerDomainId":"0a9133aa-8d41-1693-818d-9ef9f5b31cce","customerDomain":"gufum","status":"ACTIVE"}],"customerDocumentType":"NT","customerDocumentNumber":"3234668452297790","customerCode":"3234668452297790","regulatedSFC":"3234668452297790","logo":"","incomes":"80","expenses":"40","assets":"4","passives":"3","equity":"1","customerTypes":[{"customerTypeId":"0a91337e-8c88-1ce7-818c-8d87e2d8003d","customerTypeValue":"ADMINISTRATOR_PARTNER12241","customerTypeLabel":"OPERADORAS DE INFORMACIÓN 1"}],"customerStatus":"ACTIVE","customerAddressInformation":{"customerCountry":"CO","customerDepartment":"CUNDINAMARCA","customerProvince":"BOGOTA","customerCity":"BOGOTA","customerAddress":"calle falsa 123"},"customerPhone":{"phoneCode":"57","phoneNumber":"3161002233"},"customerEmail":"fudrayepsu@gufum.com","ciiuCode":{"ciiuCode":"7320","activity":"Estudios de mercado."},"customerOwners":[{"customerOwnerId":"0a9133aa-8d41-1693-818d-9ef9f5d01cd0","name":"Juan higuera","documentType":"CC","documentNumber":"123456","relation":"REPRESENTANTE_LEGAL","pep":"SI"}],"termsAndConditionVersion":"","termsAndConditionDatetime":"","policyVersion":"","policyDatetime":"2024-02-12T15:19:57","financialInstitutionCode":"","createDatetime":"2024-02-12T15:19:57","entityType":"PUBLIC","eanCode":"","compensationCode":"","limitUse":"","updateDatetime":"2024-02-12T15:19:57"}}}

15:19:58.089 [pool-1-thread-1] INFO  com.intuit.karate - [print] 0a9133aa-8d41-1693-818d-9ef9f5a71ccc 
15:19:58.091 [pool-1-thread-1] INFO  com.intuit.karate - [print] 0a9133aa-8d41-1693-818d-9ef9f5b31cce 
15:19:58.092 [pool-1-thread-1] INFO  com.intuit.karate - [print] 0a9133aa-8d41-1693-818d-9ef9f5d01cd0 
15:19:58.096 [pool-1-thread-1] DEBUG c.intuit.karate.core.ScenarioEngine - over-writing existing variable 'generarData' with new value: Java.type('Utilidades.generarData')
15:19:58.101 [pool-1-thread-1] DEBUG com.intuit.karate - request:
2 > GET https://internal-AWS-PRB-ALB-BACK-398488634.us-east-1.elb.amazonaws.com/v1/transversal/administrative/customers/0a9133aa-8d41-1693-818d-9ef9f5a71ccc
2 > message-uuid: acxff62e-6f12-42de-9012-1e7304418abd
2 > request-app-id: c4e6bd04-5149-11e7-b114-a2f933d5fe66
2 > Content-Type: application/json
2 > Host: internal-AWS-PRB-ALB-BACK-398488634.us-east-1.elb.amazonaws.com
2 > Connection: Keep-Alive
2 > User-Agent: Apache-HttpClient/4.5.13 (Java/17.0.8)
2 > Accept-Encoding: gzip,deflate


15:19:58.267 [pool-1-thread-2] DEBUG com.intuit.karate - response time in milliseconds: 312
1 < 201
1 < Date: Mon, 12 Feb 2024 20:19:58 GMT
1 < Content-Type: application/json
1 < Transfer-Encoding: chunked
1 < Connection: keep-alive
1 < Vary: Origin
1 < Vary: Access-Control-Request-Method
1 < Vary: Access-Control-Request-Headers
1 < X-Content-Type-Options: nosniff
1 < X-XSS-Protection: 1; mode=block
1 < Cache-Control: no-cache, no-store, max-age=0, must-revalidate
1 < Pragma: no-cache
1 < Expires: 0
1 < X-Frame-Options: DENY
{"headers":{"httpStatusCode":201,"httpStatusDesc":"CREATED","messageUuid":"acxff62e-6f12-42de-9012-1e7304418abd","requestAppId":"c4e6bd04-5149-11e7-b114-a2f933d5fe66","requestDatetime":"2024-02-12T15:19:58"},"messageResponse":{"responseCode":"0000","responseMessage":"Transacción exitosa.","responseDetails":"Customer Created Successfully"},"data":{"customer":{"customerId":"0a9133aa-8d41-1693-818d-9ef9f6721cd1","customerName":"6816124407211643","businessName":"6816124407211643","customerDomains":[{"customerDomainId":"0a9133aa-8d41-1693-818d-9ef9f67e1cd3","customerDomain":"gufum","status":"ACTIVE"}],"customerDocumentType":"NT","customerDocumentNumber":"6816124407211643","customerCode":"6816124407211643","regulatedSFC":"6816124407211643","logo":"","incomes":"80","expenses":"40","assets":"4","passives":"3","equity":"1","customerTypes":[{"customerTypeId":"0a91337e-8c88-1ce7-818c-8d87e2d8003d","customerTypeValue":"ADMINISTRATOR_PARTNER12241","customerTypeLabel":"OPERADORAS DE INFORMACIÓN 1"}],"customerStatus":"ACTIVE","customerAddressInformation":{"customerCountry":"CO","customerDepartment":"CUNDINAMARCA","customerProvince":"BOGOTA","customerCity":"BOGOTA","customerAddress":"calle falsa 123"},"customerPhone":{"phoneCode":"57","phoneNumber":"3161002233"},"customerEmail":"fudrayepsu@gufum.com","ciiuCode":{"ciiuCode":"7320","activity":"Estudios de mercado."},"customerOwners":[{"customerOwnerId":"0a9133aa-8d41-1693-818d-9ef9f68b1cd5","name":"Juan higuera","documentType":"CC","documentNumber":"123456","relation":"REPRESENTANTE_LEGAL","pep":"SI"}],"termsAndConditionVersion":"","termsAndConditionDatetime":"","policyVersion":"","policyDatetime":"2024-02-12T15:19:58","financialInstitutionCode":"","createDatetime":"2024-02-12T15:19:58","entityType":"PUBLIC","eanCode":"","compensationCode":"","limitUse":"","updateDatetime":"2024-02-12T15:19:58"}}}

15:19:58.272 [pool-1-thread-2] INFO  com.intuit.karate - [print] 0a9133aa-8d41-1693-818d-9ef9f6721cd1 
15:19:58.273 [pool-1-thread-2] INFO  com.intuit.karate - [print] 0a9133aa-8d41-1693-818d-9ef9f67e1cd3 
15:19:58.274 [pool-1-thread-2] INFO  com.intuit.karate - [print] 0a9133aa-8d41-1693-818d-9ef9f68b1cd5 
15:19:58.277 [pool-1-thread-2] DEBUG c.intuit.karate.core.ScenarioEngine - over-writing existing variable 'generarData' with new value: Java.type('Utilidades.generarData')
15:19:58.284 [pool-1-thread-2] DEBUG com.intuit.karate - request:
2 > PATCH https://internal-AWS-PRB-ALB-BACK-398488634.us-east-1.elb.amazonaws.com/v1/transversal/administrative/customers/0a9133aa-8d41-1693-818d-9ef9f6721cd1
2 > message-uuid: acxff62e-6f12-42de-9012-1e7304418abd
2 > request-app-id: c4e6bd04-5149-11e7-b114-a2f933d5fe66
2 > Content-Type: application/json; charset=UTF-8
2 > Content-Length: 1128
2 > Host: internal-AWS-PRB-ALB-BACK-398488634.us-east-1.elb.amazonaws.com
2 > Connection: Keep-Alive
2 > User-Agent: Apache-HttpClient/4.5.13 (Java/17.0.8)
2 > Accept-Encoding: gzip,deflate
{"customerTypes":[{"customerTypeId":"0a91335c-8c6e-1435-818c-7da122e4003f","customerTypeValue":"COMPANY","customerTypeLabel":"EMPRESA"}],"customerAddressInformation":{"customerCountry":"CO","customerDepartment":"BOGOTA DC","customerProvince":"BOGOTA","customerCity":"BOGOTA","customerAddress":"calle falsa 123"},"customerPhone":{"phoneCode":"57","phoneNumber":"3161002233"},"customerEmail":"admin@clarocolombia.com","ciiuCode":{"activity":"Estudios de mercado.","ciiuCode":"7320"},"customerDomains":[{"customerDomainId":"a01f0aba-b22a-11ed-afa1-0242ac120002","customerDomain":"clarocolombia","status":"ACTIVE"}],"customerOwners":[{"customerOwnerId":"a01f0aba-b22a-11ed-afa1-0242ac120002","name":"Juanito Perez","documentType":"CC","documentNumber":"123456","relation":"REPRESENTANTE_LEGAL","pep":"SI"}],"termsAndConditionVersion":"R 1.2.1","policyVersion":"R 1.2.1","customerName":"Claro Colombia","entityType":"PUBLIC","eanCode":"123456789","logo":"\/9j\/4AAQSkZJRgABAQAAAQABAAD\/2wCEAAkGBxMTEhUSEh","regulatedSFC":"987111","incomes":"872727222","expenses":"41717111","assets":"12211111","passives":"3901111","equity":"567890"}

15:19:58.382 [pool-1-thread-1] DEBUG com.intuit.karate - response time in milliseconds: 279
2 < 200
2 < Date: Mon, 12 Feb 2024 20:19:58 GMT
2 < Content-Type: application/json
2 < Transfer-Encoding: chunked
2 < Connection: keep-alive
2 < Vary: Origin
2 < Vary: Access-Control-Request-Method
2 < Vary: Access-Control-Request-Headers
2 < X-Content-Type-Options: nosniff
2 < X-XSS-Protection: 1; mode=block
2 < Cache-Control: no-cache, no-store, max-age=0, must-revalidate
2 < Pragma: no-cache
2 < Expires: 0
2 < X-Frame-Options: DENY
{"headers":{"httpStatusCode":200,"httpStatusDesc":"OK","messageUuid":"acxff62e-6f12-42de-9012-1e7304418abd","requestAppId":"c4e6bd04-5149-11e7-b114-a2f933d5fe66","requestDatetime":"2024-02-12T15:19:58"},"messageResponse":{"responseCode":"0000","responseMessage":"Transacción exitosa.","responseDetails":"Customer already exists with id 0a9133aa-8d41-1693-818d-9ef9f5a71ccc"},"data":{"customer":{"customerId":"0a9133aa-8d41-1693-818d-9ef9f5a71ccc","customerName":"3234668452297790","businessName":"3234668452297790","customerDomains":[{"customerDomainId":"0a9133aa-8d41-1693-818d-9ef9f5b31cce","customerDomain":"gufum","status":"ACTIVE"}],"customerDocumentType":"NT","customerDocumentNumber":"3234668452297790","customerCode":"3234668452297790","regulatedSFC":"3234668452297790","logo":"","incomes":"80","expenses":"40","assets":"4","passives":"3","equity":"1","customerTypes":[{"customerTypeId":"0a91337e-8c88-1ce7-818c-8d87e2d8003d","customerTypeValue":"ADMINISTRATOR_PARTNER12241","customerTypeLabel":"OPERADORAS DE INFORMACIÓN 1"}],"customerStatus":"ACTIVE","customerAddressInformation":{"customerCountry":"CO","customerDepartment":"CUNDINAMARCA","customerProvince":"BOGOTA","customerCity":"BOGOTA","customerAddress":"calle falsa 123"},"customerPhone":{"phoneCode":"57","phoneNumber":"3161002233"},"customerEmail":"fudrayepsu@gufum.com","ciiuCode":{"ciiuCode":"7320","activity":"Estudios de mercado."},"customerOwners":[{"customerOwnerId":"0a9133aa-8d41-1693-818d-9ef9f5d01cd0","name":"Juan higuera","documentType":"CC","documentNumber":"123456","relation":"REPRESENTANTE_LEGAL","pep":"SI"}],"termsAndConditionVersion":"","termsAndConditionDatetime":"","policyVersion":"","policyDatetime":"2024-02-12T15:19:57","financialInstitutionCode":"","createDatetime":"2024-02-12T15:19:57","entityType":"PUBLIC","eanCode":"","compensationCode":"","limitUse":"","updateDatetime":"2024-02-12T15:19:57"}}}

15:19:58.396 [pool-1-thread-1] INFO  c.intuit.karate.core.FeatureRuntime - classpath:users/CustomerManagement/../CustomerManagement/Customers.feature - call by tag at line 7: Microservicios
15:19:58.407 [pool-1-thread-1] DEBUG com.intuit.karate - request:
1 > POST https://internal-AWS-PRB-ALB-BACK-398488634.us-east-1.elb.amazonaws.com/v1/transversal/administrative/customers
1 > message-uuid: acxff62e-6f12-42de-9012-1e7304418abd
1 > request-app-id: c4e6bd04-5149-11e7-b114-a2f933d5fe66
1 > Content-Type: application/json; charset=UTF-8
1 > Content-Length: 1050
1 > Host: internal-AWS-PRB-ALB-BACK-398488634.us-east-1.elb.amazonaws.com
1 > Connection: Keep-Alive
1 > User-Agent: Apache-HttpClient/4.5.13 (Java/17.0.8)
1 > Accept-Encoding: gzip,deflate
{"customerName":"1023432043256040","businessName":"1023432043256040","customerDocumentNumber":"1023432043256040","customerDocumentType":"NT","customerCode":"1023432043256040","regulatedSFC":"1023432043256040","logo":"","incomes":"80","expenses":"40","assets":"4","passives":"3","equity":"1","customerDomain":[{"domain":"gufum","status":"ACTIVE"}],"customerTypes":[{"customerTypeId":"0a91337e-8c88-1ce7-818c-8d87e2d8003d"}],"customerAddressInformation":{"customerCountry":"CO","customerDepartment":"CUNDINAMARCA","customerProvince":"BOGOTA","customerCity":"BOGOTA","customerAddress":"calle falsa 123"},"customerPhone":{"phoneCode":"57","phoneNumber":"3161002233"},"customerEmail":"fudrayepsu@gufum.com","ciiuCode":{"activity":"Estudios de mercado.","ciiuCode":"7320"},"customerOwners":[{"name":"Juan higuera","documentType":"CC","documentNumber":"123456","relation":"REPRESENTANTE_LEGAL","pep":"SI"}],"termsAndConditionVersion":"","policyVersion":"","financialInstitutionCode":"","entityType":"PUBLIC","eanCode":"","compensationCode":"","limitUse":""}

---------------------------------------------------------
feature: classpath:users/Customer_TypeManagement/CustomerTypeManagement.feature
scenarios:  4 | passed:  3 | failed:  1 | time: 3,1106
---------------------------------------------------------

15:19:58.715 [pool-2-thread-1] INFO  com.intuit.karate.Suite - <<fail>> feature 1 of 6 (5 remaining) classpath:users/Customer_TypeManagement/CustomerTypeManagement.feature
15:19:58.722 [pool-1-thread-2] DEBUG com.intuit.karate - response time in milliseconds: 438
2 < 200
2 < Date: Mon, 12 Feb 2024 20:19:58 GMT
2 < Content-Type: application/json
2 < Transfer-Encoding: chunked
2 < Connection: keep-alive
2 < Vary: Origin
2 < Vary: Access-Control-Request-Method
2 < Vary: Access-Control-Request-Headers
2 < X-Content-Type-Options: nosniff
2 < X-XSS-Protection: 1; mode=block
2 < Cache-Control: no-cache, no-store, max-age=0, must-revalidate
2 < Pragma: no-cache
2 < Expires: 0
2 < X-Frame-Options: DENY
{"headers":{"httpStatusCode":200,"httpStatusDesc":"OK","messageUuid":"acxff62e-6f12-42de-9012-1e7304418abd","requestAppId":"c4e6bd04-5149-11e7-b114-a2f933d5fe66","requestDatetime":"2024-02-12T15:19:58"},"messageResponse":{"responseCode":"0000","responseMessage":"Transacción exitosa.","responseDetails":"Customer Consulted Successfully"},"data":{"customer":{"customerId":"0a9133aa-8d41-1693-818d-9ef9f6721cd1","customerName":"Claro Colombia","businessName":"6816124407211643","customerDomains":[{"customerDomainId":"0a9133aa-8d41-1693-818d-9ef9f67e1cd3","customerDomain":"gufum","status":"ACTIVE"}],"customerDocumentType":"NT","customerDocumentNumber":"6816124407211643","customerCode":"6816124407211643","regulatedSFC":"987111","logo":"/9j/4AAQSkZJRgABAQAAAQABAAD/2wCEAAkGBxMTEhUSEh","incomes":"872727222","expenses":"41717111","assets":"12211111","passives":"3901111","equity":"567890","customerTypes":[{"customerTypeId":"0a91335c-8c6e-1435-818c-7da122e4003f","customerTypeValue":"COMPANYPOST123COMCO","customerTypeLabel":"Para pruebas"}],"customerStatus":"ACTIVE","customerAddressInformation":{"customerCountry":"CO","customerDepartment":"BOGOTA DC","customerProvince":"BOGOTA","customerCity":"BOGOTA","customerAddress":"calle falsa 123"},"customerPhone":{"phoneCode":"57","phoneNumber":"3161002233"},"customerEmail":"admin@clarocolombia.com","ciiuCode":{"ciiuCode":"7320","activity":"Estudios de mercado."},"customerOwners":[{"customerOwnerId":"0a9133aa-8d41-1693-818d-9ef9f68b1cd5","name":"Juan higuera","documentType":"CC","documentNumber":"123456","relation":"REPRESENTANTE_LEGAL","pep":"SI"}],"termsAndConditionVersion":"R 1.2.1","termsAndConditionDatetime":"","policyVersion":"R 1.2.1","policyDatetime":"2024-02-12T15:19:58","financialInstitutionCode":"","createDatetime":"2024-02-12T15:19:58","entityType":"PUBLIC","eanCode":"123456789","compensationCode":"","limitUse":"","updateDatetime":"2024-02-12T15:19:58"}}}

15:19:58.737 [pool-1-thread-2] INFO  c.intuit.karate.core.FeatureRuntime - classpath:users/CustomerManagement/../CustomerManagement/Customers.feature - call by tag at line 7: Microservicios
15:19:58.746 [pool-1-thread-1] DEBUG com.intuit.karate - response time in milliseconds: 339
1 < 201
1 < Date: Mon, 12 Feb 2024 20:19:58 GMT
1 < Content-Type: application/json
1 < Transfer-Encoding: chunked
1 < Connection: keep-alive
1 < Vary: Origin
1 < Vary: Access-Control-Request-Method
1 < Vary: Access-Control-Request-Headers
1 < X-Content-Type-Options: nosniff
1 < X-XSS-Protection: 1; mode=block
1 < Cache-Control: no-cache, no-store, max-age=0, must-revalidate
1 < Pragma: no-cache
1 < Expires: 0
1 < X-Frame-Options: DENY
{"headers":{"httpStatusCode":201,"httpStatusDesc":"CREATED","messageUuid":"acxff62e-6f12-42de-9012-1e7304418abd","requestAppId":"c4e6bd04-5149-11e7-b114-a2f933d5fe66","requestDatetime":"2024-02-12T15:19:58"},"messageResponse":{"responseCode":"0000","responseMessage":"Transacción exitosa.","responseDetails":"Customer Created Successfully"},"data":{"customer":{"customerId":"0a9133aa-8d41-1693-818d-9ef9f83c1cd8","customerName":"1023432043256040","businessName":"1023432043256040","customerDomains":[{"customerDomainId":"0a9133aa-8d41-1693-818d-9ef9f8541cda","customerDomain":"gufum","status":"ACTIVE"}],"customerDocumentType":"NT","customerDocumentNumber":"1023432043256040","customerCode":"1023432043256040","regulatedSFC":"1023432043256040","logo":"","incomes":"80","expenses":"40","assets":"4","passives":"3","equity":"1","customerTypes":[{"customerTypeId":"0a91337e-8c88-1ce7-818c-8d87e2d8003d","customerTypeValue":"ADMINISTRATOR_PARTNER12241","customerTypeLabel":"OPERADORAS DE INFORMACIÓN 1"}],"customerStatus":"ACTIVE","customerAddressInformation":{"customerCountry":"CO","customerDepartment":"CUNDINAMARCA","customerProvince":"BOGOTA","customerCity":"BOGOTA","customerAddress":"calle falsa 123"},"customerPhone":{"phoneCode":"57","phoneNumber":"3161002233"},"customerEmail":"fudrayepsu@gufum.com","ciiuCode":{"ciiuCode":"7320","activity":"Estudios de mercado."},"customerOwners":[{"customerOwnerId":"0a9133aa-8d41-1693-818d-9ef9f8681cdc","name":"Juan higuera","documentType":"CC","documentNumber":"123456","relation":"REPRESENTANTE_LEGAL","pep":"SI"}],"termsAndConditionVersion":"","termsAndConditionDatetime":"","policyVersion":"","policyDatetime":"2024-02-12T15:19:58","financialInstitutionCode":"","createDatetime":"2024-02-12T15:19:58","entityType":"PUBLIC","eanCode":"","compensationCode":"","limitUse":"","updateDatetime":"2024-02-12T15:19:58"}}}

15:19:58.750 [pool-1-thread-1] INFO  com.intuit.karate - [print] 0a9133aa-8d41-1693-818d-9ef9f83c1cd8 
15:19:58.751 [pool-1-thread-2] DEBUG com.intuit.karate - request:
1 > POST https://internal-AWS-PRB-ALB-BACK-398488634.us-east-1.elb.amazonaws.com/v1/transversal/administrative/customers
1 > message-uuid: acxff62e-6f12-42de-9012-1e7304418abd
1 > request-app-id: c4e6bd04-5149-11e7-b114-a2f933d5fe66
1 > Content-Type: application/json; charset=UTF-8
1 > Content-Length: 1050
1 > Host: internal-AWS-PRB-ALB-BACK-398488634.us-east-1.elb.amazonaws.com
1 > Connection: Keep-Alive
1 > User-Agent: Apache-HttpClient/4.5.13 (Java/17.0.8)
1 > Accept-Encoding: gzip,deflate
{"customerName":"5530989044179273","businessName":"5530989044179273","customerDocumentNumber":"5530989044179273","customerDocumentType":"NT","customerCode":"5530989044179273","regulatedSFC":"5530989044179273","logo":"","incomes":"80","expenses":"40","assets":"4","passives":"3","equity":"1","customerDomain":[{"domain":"gufum","status":"ACTIVE"}],"customerTypes":[{"customerTypeId":"0a91337e-8c88-1ce7-818c-8d87e2d8003d"}],"customerAddressInformation":{"customerCountry":"CO","customerDepartment":"CUNDINAMARCA","customerProvince":"BOGOTA","customerCity":"BOGOTA","customerAddress":"calle falsa 123"},"customerPhone":{"phoneCode":"57","phoneNumber":"3161002233"},"customerEmail":"fudrayepsu@gufum.com","ciiuCode":{"activity":"Estudios de mercado.","ciiuCode":"7320"},"customerOwners":[{"name":"Juan higuera","documentType":"CC","documentNumber":"123456","relation":"REPRESENTANTE_LEGAL","pep":"SI"}],"termsAndConditionVersion":"","policyVersion":"","financialInstitutionCode":"","entityType":"PUBLIC","eanCode":"","compensationCode":"","limitUse":""}

15:19:58.752 [pool-1-thread-1] INFO  com.intuit.karate - [print] 0a9133aa-8d41-1693-818d-9ef9f8541cda 
15:19:58.754 [pool-1-thread-1] INFO  com.intuit.karate - [print] 0a9133aa-8d41-1693-818d-9ef9f8681cdc 
15:19:58.758 [pool-1-thread-1] DEBUG c.intuit.karate.core.ScenarioEngine - over-writing existing variable 'generarData' with new value: Java.type('Utilidades.generarData')
15:19:58.766 [pool-1-thread-1] DEBUG com.intuit.karate - request:
2 > PUT https://internal-AWS-PRB-ALB-BACK-398488634.us-east-1.elb.amazonaws.com/v1/transversal/administrative/customers/0a9133aa-8d41-1693-818d-9ef9f83c1cd8/status
2 > message-uuid: acxff62e-6f12-42de-9012-1e7304418abd
2 > request-app-id: c4e6bd04-5149-11e7-b114-a2f933d5fe66
2 > Content-Type: application/json; charset=UTF-8
2 > Content-Length: 29
2 > Host: internal-AWS-PRB-ALB-BACK-398488634.us-east-1.elb.amazonaws.com
2 > Connection: Keep-Alive
2 > User-Agent: Apache-HttpClient/4.5.13 (Java/17.0.8)
2 > Accept-Encoding: gzip,deflate
{"customerStatus":"INACTIVE"}

15:19:59.054 [pool-1-thread-1] DEBUG com.intuit.karate - response time in milliseconds: 288
2 < 200
2 < Date: Mon, 12 Feb 2024 20:19:59 GMT
2 < Content-Type: application/json
2 < Transfer-Encoding: chunked
2 < Connection: keep-alive
2 < Vary: Origin
2 < Vary: Access-Control-Request-Method
2 < Vary: Access-Control-Request-Headers
2 < X-Content-Type-Options: nosniff
2 < X-XSS-Protection: 1; mode=block
2 < Cache-Control: no-cache, no-store, max-age=0, must-revalidate
2 < Pragma: no-cache
2 < Expires: 0
2 < X-Frame-Options: DENY
{"headers":{"httpStatusCode":200,"httpStatusDesc":"OK","messageUuid":"acxff62e-6f12-42de-9012-1e7304418abd","requestAppId":"c4e6bd04-5149-11e7-b114-a2f933d5fe66","requestDatetime":"2024-02-12T15:19:59"},"messageResponse":{"responseCode":"0000","responseMessage":"Transacción exitosa.","responseDetails":"Customer State Updated Successfully"},"data":{"customer":{"customerId":"0a9133aa-8d41-1693-818d-9ef9f83c1cd8","customerName":"1023432043256040","businessName":"1023432043256040","customerDomains":[{"customerDomainId":"0a9133aa-8d41-1693-818d-9ef9f8541cda","customerDomain":"gufum","status":"ACTIVE"}],"customerDocumentType":"NT","customerDocumentNumber":"1023432043256040","customerCode":"1023432043256040","regulatedSFC":"1023432043256040","logo":"","incomes":"80","expenses":"40","assets":"4","passives":"3","equity":"1","customerTypes":[{"customerTypeId":"0a91337e-8c88-1ce7-818c-8d87e2d8003d","customerTypeValue":"ADMINISTRATOR_PARTNER12241","customerTypeLabel":"OPERADORAS DE INFORMACIÓN 1"}],"customerStatus":"INACTIVE","customerAddressInformation":{"customerCountry":"CO","customerDepartment":"CUNDINAMARCA","customerProvince":"BOGOTA","customerCity":"BOGOTA","customerAddress":"calle falsa 123"},"customerPhone":{"phoneCode":"57","phoneNumber":"3161002233"},"customerEmail":"fudrayepsu@gufum.com","ciiuCode":{"ciiuCode":"7320","activity":"Estudios de mercado."},"customerOwners":[{"customerOwnerId":"0a9133aa-8d41-1693-818d-9ef9f8681cdc","name":"Juan higuera","documentType":"CC","documentNumber":"123456","relation":"REPRESENTANTE_LEGAL","pep":"SI"}],"termsAndConditionVersion":"","termsAndConditionDatetime":"","policyVersion":"","policyDatetime":"2024-02-12T15:19:58","financialInstitutionCode":"","createDatetime":"2024-02-12T15:19:58","entityType":"PUBLIC","eanCode":"","compensationCode":"","limitUse":"","updateDatetime":"2024-02-12T15:19:59"}}}

15:19:59.068 [pool-1-thread-1] INFO  c.intuit.karate.core.FeatureRuntime - classpath:users/CustomerManagement/../CustomerManagement/Customers.feature - call by tag at line 7: Microservicios
15:19:59.075 [pool-1-thread-1] DEBUG com.intuit.karate - request:
1 > POST https://internal-AWS-PRB-ALB-BACK-398488634.us-east-1.elb.amazonaws.com/v1/transversal/administrative/customers
1 > message-uuid: acxff62e-6f12-42de-9012-1e7304418abd
1 > request-app-id: c4e6bd04-5149-11e7-b114-a2f933d5fe66
1 > Content-Type: application/json; charset=UTF-8
1 > Content-Length: 1050
1 > Host: internal-AWS-PRB-ALB-BACK-398488634.us-east-1.elb.amazonaws.com
1 > Connection: Keep-Alive
1 > User-Agent: Apache-HttpClient/4.5.13 (Java/17.0.8)
1 > Accept-Encoding: gzip,deflate
{"customerName":"3778164778683625","businessName":"3778164778683625","customerDocumentNumber":"3778164778683625","customerDocumentType":"NT","customerCode":"3778164778683625","regulatedSFC":"3778164778683625","logo":"","incomes":"80","expenses":"40","assets":"4","passives":"3","equity":"1","customerDomain":[{"domain":"gufum","status":"ACTIVE"}],"customerTypes":[{"customerTypeId":"0a91337e-8c88-1ce7-818c-8d87e2d8003d"}],"customerAddressInformation":{"customerCountry":"CO","customerDepartment":"CUNDINAMARCA","customerProvince":"BOGOTA","customerCity":"BOGOTA","customerAddress":"calle falsa 123"},"customerPhone":{"phoneCode":"57","phoneNumber":"3161002233"},"customerEmail":"fudrayepsu@gufum.com","ciiuCode":{"activity":"Estudios de mercado.","ciiuCode":"7320"},"customerOwners":[{"name":"Juan higuera","documentType":"CC","documentNumber":"123456","relation":"REPRESENTANTE_LEGAL","pep":"SI"}],"termsAndConditionVersion":"","policyVersion":"","financialInstitutionCode":"","entityType":"PUBLIC","eanCode":"","compensationCode":"","limitUse":""}

15:19:59.079 [pool-1-thread-2] DEBUG com.intuit.karate - response time in milliseconds: 327
1 < 201
1 < Date: Mon, 12 Feb 2024 20:19:59 GMT
1 < Content-Type: application/json
1 < Transfer-Encoding: chunked
1 < Connection: keep-alive
1 < Vary: Origin
1 < Vary: Access-Control-Request-Method
1 < Vary: Access-Control-Request-Headers
1 < X-Content-Type-Options: nosniff
1 < X-XSS-Protection: 1; mode=block
1 < Cache-Control: no-cache, no-store, max-age=0, must-revalidate
1 < Pragma: no-cache
1 < Expires: 0
1 < X-Frame-Options: DENY
{"headers":{"httpStatusCode":201,"httpStatusDesc":"CREATED","messageUuid":"acxff62e-6f12-42de-9012-1e7304418abd","requestAppId":"c4e6bd04-5149-11e7-b114-a2f933d5fe66","requestDatetime":"2024-02-12T15:19:59"},"messageResponse":{"responseCode":"0000","responseMessage":"Transacción exitosa.","responseDetails":"Customer Created Successfully"},"data":{"customer":{"customerId":"0a9133aa-8d41-1693-818d-9ef9f97f1cdd","customerName":"5530989044179273","businessName":"5530989044179273","customerDomains":[{"customerDomainId":"0a9133aa-8d41-1693-818d-9ef9f9901cdf","customerDomain":"gufum","status":"ACTIVE"}],"customerDocumentType":"NT","customerDocumentNumber":"5530989044179273","customerCode":"5530989044179273","regulatedSFC":"5530989044179273","logo":"","incomes":"80","expenses":"40","assets":"4","passives":"3","equity":"1","customerTypes":[{"customerTypeId":"0a91337e-8c88-1ce7-818c-8d87e2d8003d","customerTypeValue":"ADMINISTRATOR_PARTNER12241","customerTypeLabel":"OPERADORAS DE INFORMACIÓN 1"}],"customerStatus":"ACTIVE","customerAddressInformation":{"customerCountry":"CO","customerDepartment":"CUNDINAMARCA","customerProvince":"BOGOTA","customerCity":"BOGOTA","customerAddress":"calle falsa 123"},"customerPhone":{"phoneCode":"57","phoneNumber":"3161002233"},"customerEmail":"fudrayepsu@gufum.com","ciiuCode":{"ciiuCode":"7320","activity":"Estudios de mercado."},"customerOwners":[{"customerOwnerId":"0a9133aa-8d41-1693-818d-9ef9f9b21ce1","name":"Juan higuera","documentType":"CC","documentNumber":"123456","relation":"REPRESENTANTE_LEGAL","pep":"SI"}],"termsAndConditionVersion":"","termsAndConditionDatetime":"","policyVersion":"","policyDatetime":"2024-02-12T15:19:58","financialInstitutionCode":"","createDatetime":"2024-02-12T15:19:58","entityType":"PUBLIC","eanCode":"","compensationCode":"","limitUse":"","updateDatetime":"2024-02-12T15:19:58"}}}

15:19:59.083 [pool-1-thread-2] INFO  com.intuit.karate - [print] 0a9133aa-8d41-1693-818d-9ef9f97f1cdd 
15:19:59.084 [pool-1-thread-2] INFO  com.intuit.karate - [print] 0a9133aa-8d41-1693-818d-9ef9f9901cdf 
15:19:59.086 [pool-1-thread-2] INFO  com.intuit.karate - [print] 0a9133aa-8d41-1693-818d-9ef9f9b21ce1 
15:19:59.087 [pool-1-thread-2] DEBUG c.intuit.karate.core.ScenarioEngine - over-writing existing variable 'generarData' with new value: Java.type('Utilidades.generarData')
15:19:59.091 [pool-1-thread-2] DEBUG c.intuit.karate.core.ScenarioEngine - over-writing existing variable 'variableRandom' with new value: generarData.generarNumero(16)
15:19:59.096 [pool-1-thread-2] DEBUG com.intuit.karate - request:
2 > POST https://internal-AWS-PRB-ALB-BACK-398488634.us-east-1.elb.amazonaws.com/v1/transversal/administrative/customers/0a9133aa-8d41-1693-818d-9ef9f97f1cdd/domains
2 > message-uuid: acxff62e-6f12-42de-9012-1e7304418abd
2 > request-app-id: c4e6bd04-5149-11e7-b114-a2f933d5fe66
2 > Content-Type: application/json; charset=UTF-8
2 > Content-Length: 61
2 > Host: internal-AWS-PRB-ALB-BACK-398488634.us-east-1.elb.amazonaws.com
2 > Connection: Keep-Alive
2 > User-Agent: Apache-HttpClient/4.5.13 (Java/17.0.8)
2 > Accept-Encoding: gzip,deflate
{"domains":[{"domain":"0476488783603748","status":"ACTIVE"}]}

15:19:59.390 [pool-1-thread-2] DEBUG com.intuit.karate - response time in milliseconds: 294
2 < 201
2 < Date: Mon, 12 Feb 2024 20:19:59 GMT
2 < Content-Type: application/json
2 < Transfer-Encoding: chunked
2 < Connection: keep-alive
2 < Vary: Origin
2 < Vary: Access-Control-Request-Method
2 < Vary: Access-Control-Request-Headers
2 < X-Content-Type-Options: nosniff
2 < X-XSS-Protection: 1; mode=block
2 < Cache-Control: no-cache, no-store, max-age=0, must-revalidate
2 < Pragma: no-cache
2 < Expires: 0
2 < X-Frame-Options: DENY
{"headers":{"httpStatusCode":200,"httpStatusDesc":"OK","messageUuid":"acxff62e-6f12-42de-9012-1e7304418abd","requestAppId":"c4e6bd04-5149-11e7-b114-a2f933d5fe66","requestDatetime":"2024-02-12T15:19:59"},"messageResponse":{"responseCode":"0000","responseMessage":"Transacción exitosa.","responseDetails":"The Customer Domains was created successfully to the Customer 0a9133aa-8d41-1693-818d-9ef9f97f1cdd"},"data":{"domains":[{"customerDomainId":"0a9133aa-8d41-1693-818d-9ef9f9901cdf","customerDomain":"gufum","status":"ACTIVE"},{"customerDomainId":"0a9133aa-8d41-1693-818d-9ef9fae81ce5","customerDomain":"0476488783603748","status":"ACTIVE"}]}}

15:19:59.405 [pool-1-thread-1] DEBUG com.intuit.karate - response time in milliseconds: 329
1 < 201
1 < Date: Mon, 12 Feb 2024 20:19:59 GMT
1 < Content-Type: application/json
1 < Transfer-Encoding: chunked
1 < Connection: keep-alive
1 < Vary: Origin
1 < Vary: Access-Control-Request-Method
1 < Vary: Access-Control-Request-Headers
1 < X-Content-Type-Options: nosniff
1 < X-XSS-Protection: 1; mode=block
1 < Cache-Control: no-cache, no-store, max-age=0, must-revalidate
1 < Pragma: no-cache
1 < Expires: 0
1 < X-Frame-Options: DENY
{"headers":{"httpStatusCode":201,"httpStatusDesc":"CREATED","messageUuid":"acxff62e-6f12-42de-9012-1e7304418abd","requestAppId":"c4e6bd04-5149-11e7-b114-a2f933d5fe66","requestDatetime":"2024-02-12T15:19:59"},"messageResponse":{"responseCode":"0000","responseMessage":"Transacción exitosa.","responseDetails":"Customer Created Successfully"},"data":{"customer":{"customerId":"0a9133aa-8d41-1693-818d-9ef9facb1ce2","customerName":"3778164778683625","businessName":"3778164778683625","customerDomains":[{"customerDomainId":"0a9133aa-8d41-1693-818d-9ef9fadd1ce4","customerDomain":"gufum","status":"ACTIVE"}],"customerDocumentType":"NT","customerDocumentNumber":"3778164778683625","customerCode":"3778164778683625","regulatedSFC":"3778164778683625","logo":"","incomes":"80","expenses":"40","assets":"4","passives":"3","equity":"1","customerTypes":[{"customerTypeId":"0a91337e-8c88-1ce7-818c-8d87e2d8003d","customerTypeValue":"ADMINISTRATOR_PARTNER12241","customerTypeLabel":"OPERADORAS DE INFORMACIÓN 1"}],"customerStatus":"ACTIVE","customerAddressInformation":{"customerCountry":"CO","customerDepartment":"CUNDINAMARCA","customerProvince":"BOGOTA","customerCity":"BOGOTA","customerAddress":"calle falsa 123"},"customerPhone":{"phoneCode":"57","phoneNumber":"3161002233"},"customerEmail":"fudrayepsu@gufum.com","ciiuCode":{"ciiuCode":"7320","activity":"Estudios de mercado."},"customerOwners":[{"customerOwnerId":"0a9133aa-8d41-1693-818d-9ef9faf61ce7","name":"Juan higuera","documentType":"CC","documentNumber":"123456","relation":"REPRESENTANTE_LEGAL","pep":"SI"}],"termsAndConditionVersion":"","termsAndConditionDatetime":"","policyVersion":"","policyDatetime":"2024-02-12T15:19:59","financialInstitutionCode":"","createDatetime":"2024-02-12T15:19:59","entityType":"PUBLIC","eanCode":"","compensationCode":"","limitUse":"","updateDatetime":"2024-02-12T15:19:59"}}}

15:19:59.405 [pool-1-thread-2] INFO  c.intuit.karate.core.FeatureRuntime - classpath:users/CustomerManagement/../CustomerManagement/Customers.feature - call by tag at line 7: Microservicios
15:19:59.410 [pool-1-thread-1] INFO  com.intuit.karate - [print] 0a9133aa-8d41-1693-818d-9ef9facb1ce2 
15:19:59.411 [pool-1-thread-1] INFO  com.intuit.karate - [print] 0a9133aa-8d41-1693-818d-9ef9fadd1ce4 
15:19:59.411 [pool-1-thread-1] INFO  com.intuit.karate - [print] 0a9133aa-8d41-1693-818d-9ef9faf61ce7 
15:19:59.414 [pool-1-thread-1] DEBUG c.intuit.karate.core.ScenarioEngine - over-writing existing variable 'generarData' with new value: Java.type('Utilidades.generarData')
15:19:59.417 [pool-1-thread-2] DEBUG com.intuit.karate - request:
1 > POST https://internal-AWS-PRB-ALB-BACK-398488634.us-east-1.elb.amazonaws.com/v1/transversal/administrative/customers
1 > message-uuid: acxff62e-6f12-42de-9012-1e7304418abd
1 > request-app-id: c4e6bd04-5149-11e7-b114-a2f933d5fe66
1 > Content-Type: application/json; charset=UTF-8
1 > Content-Length: 1050
1 > Host: internal-AWS-PRB-ALB-BACK-398488634.us-east-1.elb.amazonaws.com
1 > Connection: Keep-Alive
1 > User-Agent: Apache-HttpClient/4.5.13 (Java/17.0.8)
1 > Accept-Encoding: gzip,deflate
{"customerName":"4696483045912365","businessName":"4696483045912365","customerDocumentNumber":"4696483045912365","customerDocumentType":"NT","customerCode":"4696483045912365","regulatedSFC":"4696483045912365","logo":"","incomes":"80","expenses":"40","assets":"4","passives":"3","equity":"1","customerDomain":[{"domain":"gufum","status":"ACTIVE"}],"customerTypes":[{"customerTypeId":"0a91337e-8c88-1ce7-818c-8d87e2d8003d"}],"customerAddressInformation":{"customerCountry":"CO","customerDepartment":"CUNDINAMARCA","customerProvince":"BOGOTA","customerCity":"BOGOTA","customerAddress":"calle falsa 123"},"customerPhone":{"phoneCode":"57","phoneNumber":"3161002233"},"customerEmail":"fudrayepsu@gufum.com","ciiuCode":{"activity":"Estudios de mercado.","ciiuCode":"7320"},"customerOwners":[{"name":"Juan higuera","documentType":"CC","documentNumber":"123456","relation":"REPRESENTANTE_LEGAL","pep":"SI"}],"termsAndConditionVersion":"","policyVersion":"","financialInstitutionCode":"","entityType":"PUBLIC","eanCode":"","compensationCode":"","limitUse":""}

15:19:59.420 [pool-1-thread-1] DEBUG com.intuit.karate - request:
2 > GET https://internal-AWS-PRB-ALB-BACK-398488634.us-east-1.elb.amazonaws.com/v1/transversal/administrative/customers/0a9133aa-8d41-1693-818d-9ef9facb1ce2/domains?pageNumber=1&domainName=colombia&pageSize=10
2 > message-uuid: acxff62e-6f12-42de-9012-1e7304418abd
2 > request-app-id: c4e6bd04-5149-11e7-b114-a2f933d5fe66
2 > Content-Type: application/json
2 > Host: internal-AWS-PRB-ALB-BACK-398488634.us-east-1.elb.amazonaws.com
2 > Connection: Keep-Alive
2 > User-Agent: Apache-HttpClient/4.5.13 (Java/17.0.8)
2 > Accept-Encoding: gzip,deflate


---------------------------------------------------------
feature: classpath:users/CustomerManagement/Customers.feature
scenarios:  5 | passed:  5 | failed:  0 | time: 3,0436
---------------------------------------------------------

15:19:59.433 [pool-2-thread-1] INFO  com.intuit.karate.Suite - <<pass>> feature 2 of 6 (4 remaining) classpath:users/CustomerManagement/Customers.feature
15:19:59.701 [pool-1-thread-1] DEBUG com.intuit.karate - response time in milliseconds: 281
2 < 200
2 < Date: Mon, 12 Feb 2024 20:19:59 GMT
2 < Content-Type: application/json
2 < Transfer-Encoding: chunked
2 < Connection: keep-alive
2 < Vary: Origin
2 < Vary: Access-Control-Request-Method
2 < Vary: Access-Control-Request-Headers
2 < X-Content-Type-Options: nosniff
2 < X-XSS-Protection: 1; mode=block
2 < Cache-Control: no-cache, no-store, max-age=0, must-revalidate
2 < Pragma: no-cache
2 < Expires: 0
2 < X-Frame-Options: DENY
{"headers":{"httpStatusCode":200,"httpStatusDesc":"OK","messageUuid":"acxff62e-6f12-42de-9012-1e7304418abd","requestAppId":"c4e6bd04-5149-11e7-b114-a2f933d5fe66","requestDatetime":"2024-02-12T15:19:59"},"messageResponse":{"responseCode":"0000","responseMessage":"Transacción exitosa.","responseDetails":"The Customer Domains were obtained successfully to the Customer 0a9133aa-8d41-1693-818d-9ef9facb1ce2"},"data":{"domains":[]},"pagination":{"totalElements":0,"pageSize":10,"pageNumber":1,"hasMoreElements":false}}

15:19:59.721 [pool-1-thread-1] INFO  c.intuit.karate.core.FeatureRuntime - classpath:users/CustomerManagement/../CustomerManagement/Customers.feature - call by tag at line 7: Microservicios
15:19:59.723 [pool-1-thread-2] DEBUG com.intuit.karate - response time in milliseconds: 305
1 < 201
1 < Date: Mon, 12 Feb 2024 20:19:59 GMT
1 < Content-Type: application/json
1 < Transfer-Encoding: chunked
1 < Connection: keep-alive
1 < Vary: Origin
1 < Vary: Access-Control-Request-Method
1 < Vary: Access-Control-Request-Headers
1 < X-Content-Type-Options: nosniff
1 < X-XSS-Protection: 1; mode=block
1 < Cache-Control: no-cache, no-store, max-age=0, must-revalidate
1 < Pragma: no-cache
1 < Expires: 0
1 < X-Frame-Options: DENY
[...]

15:20:01.756 [pool-1-thread-2] INFO  com.intuit.karate - [print] 0a9133aa-8d41-1693-818d-9efa04081d07 
15:20:01.757 [pool-1-thread-2] INFO  com.intuit.karate - [print] 0a9133aa-8d41-1693-818d-9efa04141d09 
15:20:01.757 [pool-1-thread-2] INFO  com.intuit.karate - [print] 0a9133aa-8d41-1693-818d-9efa041f1d0b 
15:20:01.763 [pool-1-thread-2] DEBUG c.intuit.karate.core.ScenarioEngine - over-writing existing variable 'generarData' with new value: Java.type('Utilidades.generarData')
15:20:01.773 [pool-1-thread-2] DEBUG com.intuit.karate - request:
2 > DELETE https://internal-AWS-PRB-ALB-BACK-398488634.us-east-1.elb.amazonaws.com/v1/transversal/administrative/customers/0a9133aa-8d41-1693-818d-9efa04081d07/owners/0a9133aa-8d41-1693-818d-9efa041f1d0b
2 > message-uuid: acxff62e-6f12-42de-9012-1e7304418abd
2 > request-app-id: c4e6bd04-5149-11e7-b114-a2f933d5fe66
2 > Content-Type: application/json
2 > Host: internal-AWS-PRB-ALB-BACK-398488634.us-east-1.elb.amazonaws.com
2 > Connection: Keep-Alive
2 > User-Agent: Apache-HttpClient/4.5.13 (Java/17.0.8)
2 > Accept-Encoding: gzip,deflate


15:20:01.991 [pool-1-thread-1] DEBUG com.intuit.karate - response time in milliseconds: 272
2 < 200
2 < Date: Mon, 12 Feb 2024 20:20:01 GMT
2 < Content-Type: application/json
2 < Transfer-Encoding: chunked
2 < Connection: keep-alive
2 < Vary: Origin
2 < Vary: Access-Control-Request-Method
2 < Vary: Access-Control-Request-Headers
2 < X-Content-Type-Options: nosniff
2 < X-XSS-Protection: 1; mode=block
2 < Cache-Control: no-cache, no-store, max-age=0, must-revalidate
2 < Pragma: no-cache
2 < Expires: 0
2 < X-Frame-Options: DENY
{"headers":{"httpStatusCode":200,"httpStatusDesc":"OK","messageUuid":"acxff62e-6f12-42de-9012-1e7304418abd","requestAppId":"c4e6bd04-5149-11e7-b114-a2f933d5fe66","requestDatetime":"2024-02-12T15:20:01"},"messageResponse":{"responseCode":"0000","responseMessage":"Transacción exitosa.","responseDetails":"Customer Owner Exists"},"data":{"customerOwner":{"customerOwnerId":"0a9133aa-8d41-1693-818d-9efa03fa1d06","name":"Juan higuera","documentType":"CC","documentNumber":"123456","relation":"REPRESENTANTE_LEGAL","pep":"SI"}}}

15:20:02.003 [pool-1-thread-1] INFO  c.intuit.karate.core.FeatureRuntime - classpath:users/CustomerManagement/../CustomerManagement/Customers.feature - call by tag at line 7: Microservicios
15:20:02.013 [pool-1-thread-1] DEBUG com.intuit.karate - request:
1 > POST https://internal-AWS-PRB-ALB-BACK-398488634.us-east-1.elb.amazonaws.com/v1/transversal/administrative/customers
1 > message-uuid: acxff62e-6f12-42de-9012-1e7304418abd
1 > request-app-id: c4e6bd04-5149-11e7-b114-a2f933d5fe66
1 > Content-Type: application/json; charset=UTF-8
1 > Content-Length: 1050
1 > Host: internal-AWS-PRB-ALB-BACK-398488634.us-east-1.elb.amazonaws.com
1 > Connection: Keep-Alive
1 > User-Agent: Apache-HttpClient/4.5.13 (Java/17.0.8)
1 > Accept-Encoding: gzip,deflate
{"customerName":"4415830856263194","businessName":"4415830856263194","customerDocumentNumber":"4415830856263194","customerDocumentType":"NT","customerCode":"4415830856263194","regulatedSFC":"4415830856263194","logo":"","incomes":"80","expenses":"40","assets":"4","passives":"3","equity":"1","customerDomain":[{"domain":"gufum","status":"ACTIVE"}],"customerTypes":[{"customerTypeId":"0a91337e-8c88-1ce7-818c-8d87e2d8003d"}],"customerAddressInformation":{"customerCountry":"CO","customerDepartment":"CUNDINAMARCA","customerProvince":"BOGOTA","customerCity":"BOGOTA","customerAddress":"calle falsa 123"},"customerPhone":{"phoneCode":"57","phoneNumber":"3161002233"},"customerEmail":"fudrayepsu@gufum.com","ciiuCode":{"activity":"Estudios de mercado.","ciiuCode":"7320"},"customerOwners":[{"name":"Juan higuera","documentType":"CC","documentNumber":"123456","relation":"REPRESENTANTE_LEGAL","pep":"SI"}],"termsAndConditionVersion":"","policyVersion":"","financialInstitutionCode":"","entityType":"PUBLIC","eanCode":"","compensationCode":"","limitUse":""}

15:20:02.074 [pool-1-thread-2] DEBUG com.intuit.karate - response time in milliseconds: 300
2 < 200
2 < Date: Mon, 12 Feb 2024 20:20:02 GMT
2 < Content-Type: application/json
2 < Transfer-Encoding: chunked
2 < Connection: keep-alive
2 < Vary: Origin
2 < Vary: Access-Control-Request-Method
2 < Vary: Access-Control-Request-Headers
2 < X-Content-Type-Options: nosniff
2 < X-XSS-Protection: 1; mode=block
2 < Cache-Control: no-cache, no-store, max-age=0, must-revalidate
2 < Pragma: no-cache
2 < Expires: 0
2 < X-Frame-Options: DENY
{"headers":{"httpStatusCode":200,"httpStatusDesc":"OK","messageUuid":"acxff62e-6f12-42de-9012-1e7304418abd","requestAppId":"c4e6bd04-5149-11e7-b114-a2f933d5fe66","requestDatetime":"2024-02-12T15:20:02"},"messageResponse":{"responseCode":"0000","responseMessage":"Transacción exitosa.","responseDetails":"Customer Owner Exists"},"data":{"customerOwner":{"customerOwnerId":"0a9133aa-8d41-1693-818d-9efa041f1d0b","name":"Juan higuera","documentType":"CC","documentNumber":"123456","relation":"REPRESENTANTE_LEGAL","pep":"SI"}}}

15:20:02.092 [pool-1-thread-2] INFO  c.intuit.karate.core.FeatureRuntime - classpath:users/CustomerManagement/../CustomerManagement/Customers.feature - call by tag at line 7: Microservicios
15:20:02.103 [pool-1-thread-2] DEBUG com.intuit.karate - request:
1 > POST https://internal-AWS-PRB-ALB-BACK-398488634.us-east-1.elb.amazonaws.com/v1/transversal/administrative/customers
1 > message-uuid: acxff62e-6f12-42de-9012-1e7304418abd
1 > request-app-id: c4e6bd04-5149-11e7-b114-a2f933d5fe66
1 > Content-Type: application/json; charset=UTF-8
1 > Content-Length: 1050
1 > Host: internal-AWS-PRB-ALB-BACK-398488634.us-east-1.elb.amazonaws.com
1 > Connection: Keep-Alive
1 > User-Agent: Apache-HttpClient/4.5.13 (Java/17.0.8)
1 > Accept-Encoding: gzip,deflate
{"customerName":"5722696124017315","businessName":"5722696124017315","customerDocumentNumber":"5722696124017315","customerDocumentType":"NT","customerCode":"5722696124017315","regulatedSFC":"5722696124017315","logo":"","incomes":"80","expenses":"40","assets":"4","passives":"3","equity":"1","customerDomain":[{"domain":"gufum","status":"ACTIVE"}],"customerTypes":[{"customerTypeId":"0a91337e-8c88-1ce7-818c-8d87e2d8003d"}],"customerAddressInformation":{"customerCountry":"CO","customerDepartment":"CUNDINAMARCA","customerProvince":"BOGOTA","customerCity":"BOGOTA","customerAddress":"calle falsa 123"},"customerPhone":{"phoneCode":"57","phoneNumber":"3161002233"},"customerEmail":"fudrayepsu@gufum.com","ciiuCode":{"activity":"Estudios de mercado.","ciiuCode":"7320"},"customerOwners":[{"name":"Juan higuera","documentType":"CC","documentNumber":"123456","relation":"REPRESENTANTE_LEGAL","pep":"SI"}],"termsAndConditionVersion":"","policyVersion":"","financialInstitutionCode":"","entityType":"PUBLIC","eanCode":"","compensationCode":"","limitUse":""}

15:20:02.342 [pool-1-thread-1] DEBUG com.intuit.karate - response time in milliseconds: 329
1 < 201
1 < Date: Mon, 12 Feb 2024 20:20:02 GMT
1 < Content-Type: application/json
1 < Transfer-Encoding: chunked
1 < Connection: keep-alive
1 < Vary: Origin
1 < Vary: Access-Control-Request-Method
1 < Vary: Access-Control-Request-Headers
1 < X-Content-Type-Options: nosniff
1 < X-XSS-Protection: 1; mode=block
1 < Cache-Control: no-cache, no-store, max-age=0, must-revalidate
1 < Pragma: no-cache
1 < Expires: 0
1 < X-Frame-Options: DENY
{"headers":{"httpStatusCode":201,"httpStatusDesc":"CREATED","messageUuid":"acxff62e-6f12-42de-9012-1e7304418abd","requestAppId":"c4e6bd04-5149-11e7-b114-a2f933d5fe66","requestDatetime":"2024-02-12T15:20:02"},"messageResponse":{"responseCode":"0000","responseMessage":"Transacción exitosa.","responseDetails":"Customer Created Successfully"},"data":{"customer":{"customerId":"0a9133aa-8d41-1693-818d-9efa06541d0c","customerName":"4415830856263194","businessName":"4415830856263194","customerDomains":[{"customerDomainId":"0a9133aa-8d41-1693-818d-9efa06611d0e","customerDomain":"gufum","status":"ACTIVE"}],"customerDocumentType":"NT","customerDocumentNumber":"4415830856263194","customerCode":"4415830856263194","regulatedSFC":"4415830856263194","logo":"","incomes":"80","expenses":"40","assets":"4","passives":"3","equity":"1","customerTypes":[{"customerTypeId":"0a91337e-8c88-1ce7-818c-8d87e2d8003d","customerTypeValue":"ADMINISTRATOR_PARTNER12241","customerTypeLabel":"OPERADORAS DE INFORMACIÓN 1"}],"customerStatus":"ACTIVE","customerAddressInformation":{"customerCountry":"CO","customerDepartment":"CUNDINAMARCA","customerProvince":"BOGOTA","customerCity":"BOGOTA","customerAddress":"calle falsa 123"},"customerPhone":{"phoneCode":"57","phoneNumber":"3161002233"},"customerEmail":"fudrayepsu@gufum.com","ciiuCode":{"ciiuCode":"7320","activity":"Estudios de mercado."},"customerOwners":[{"customerOwnerId":"0a9133aa-8d41-1693-818d-9efa066e1d10","name":"Juan higuera","documentType":"CC","documentNumber":"123456","relation":"REPRESENTANTE_LEGAL","pep":"SI"}],"termsAndConditionVersion":"","termsAndConditionDatetime":"","policyVersion":"","policyDatetime":"2024-02-12T15:20:02","financialInstitutionCode":"","createDatetime":"2024-02-12T15:20:02","entityType":"PUBLIC","eanCode":"","compensationCode":"","limitUse":"","updateDatetime":"2024-02-12T15:20:02"}}}

15:20:02.347 [pool-1-thread-1] INFO  com.intuit.karate - [print] 0a9133aa-8d41-1693-818d-9efa06541d0c 
15:20:02.347 [pool-1-thread-1] INFO  com.intuit.karate - [print] 0a9133aa-8d41-1693-818d-9efa06611d0e 
15:20:02.348 [pool-1-thread-1] INFO  com.intuit.karate - [print] 0a9133aa-8d41-1693-818d-9efa066e1d10 
15:20:02.352 [pool-1-thread-1] DEBUG c.intuit.karate.core.ScenarioEngine - over-writing existing variable 'generarData' with new value: Java.type('Utilidades.generarData')
15:20:02.357 [pool-1-thread-1] DEBUG com.intuit.karate - request:
2 > GET https://internal-aws-prb-alb-back-398488634.us-east-1.elb.amazonaws.com/v1/transversal/administrative/customers/0a9133aa-8d41-1693-818d-9efa06541d0c/products
2 > message-uuid: acxff62e-6f12-42de-9012-1e7304418abd
2 > request-app-id: c4e6bd04-5149-11e7-b114-a2f933d5fe66
2 > Content-Type: application/json
2 > Host: internal-aws-prb-alb-back-398488634.us-east-1.elb.amazonaws.com
2 > Connection: Keep-Alive
2 > User-Agent: Apache-HttpClient/4.5.13 (Java/17.0.8)
2 > Accept-Encoding: gzip,deflate


15:20:02.424 [pool-1-thread-2] DEBUG com.intuit.karate - response time in milliseconds: 320
1 < 201
1 < Date: Mon, 12 Feb 2024 20:20:02 GMT
1 < Content-Type: application/json
1 < Transfer-Encoding: chunked
1 < Connection: keep-alive
1 < Vary: Origin
1 < Vary: Access-Control-Request-Method
1 < Vary: Access-Control-Request-Headers
1 < X-Content-Type-Options: nosniff
1 < X-XSS-Protection: 1; mode=block
1 < Cache-Control: no-cache, no-store, max-age=0, must-revalidate
1 < Pragma: no-cache
1 < Expires: 0
1 < X-Frame-Options: DENY
{"headers":{"httpStatusCode":201,"httpStatusDesc":"CREATED","messageUuid":"acxff62e-6f12-42de-9012-1e7304418abd","requestAppId":"c4e6bd04-5149-11e7-b114-a2f933d5fe66","requestDatetime":"2024-02-12T15:20:02"},"messageResponse":{"responseCode":"0000","responseMessage":"Transacción exitosa.","responseDetails":"Customer Created Successfully"},"data":{"customer":{"customerId":"0a9133aa-8d41-1693-818d-9efa06aa1d11","customerName":"5722696124017315","businessName":"5722696124017315","customerDomains":[{"customerDomainId":"0a9133aa-8d41-1693-818d-9efa06b71d13","customerDomain":"gufum","status":"ACTIVE"}],"customerDocumentType":"NT","customerDocumentNumber":"5722696124017315","customerCode":"5722696124017315","regulatedSFC":"5722696124017315","logo":"","incomes":"80","expenses":"40","assets":"4","passives":"3","equity":"1","customerTypes":[{"customerTypeId":"0a91337e-8c88-1ce7-818c-8d87e2d8003d","customerTypeValue":"ADMINISTRATOR_PARTNER12241","customerTypeLabel":"OPERADORAS DE INFORMACIÓN 1"}],"customerStatus":"ACTIVE","customerAddressInformation":{"customerCountry":"CO","customerDepartment":"CUNDINAMARCA","customerProvince":"BOGOTA","customerCity":"BOGOTA","customerAddress":"calle falsa 123"},"customerPhone":{"phoneCode":"57","phoneNumber":"3161002233"},"customerEmail":"fudrayepsu@gufum.com","ciiuCode":{"ciiuCode":"7320","activity":"Estudios de mercado."},"customerOwners":[{"customerOwnerId":"0a9133aa-8d41-1693-818d-9efa06c11d15","name":"Juan higuera","documentType":"CC","documentNumber":"123456","relation":"REPRESENTANTE_LEGAL","pep":"SI"}],"termsAndConditionVersion":"","termsAndConditionDatetime":"","policyVersion":"","policyDatetime":"2024-02-12T15:20:02","financialInstitutionCode":"","createDatetime":"2024-02-12T15:20:02","entityType":"PUBLIC","eanCode":"","compensationCode":"","limitUse":"","updateDatetime":"2024-02-12T15:20:02"}}}

15:20:02.427 [pool-1-thread-2] INFO  com.intuit.karate - [print] 0a9133aa-8d41-1693-818d-9efa06aa1d11 
15:20:02.428 [pool-1-thread-2] INFO  com.intuit.karate - [print] 0a9133aa-8d41-1693-818d-9efa06b71d13 
15:20:02.429 [pool-1-thread-2] INFO  com.intuit.karate - [print] 0a9133aa-8d41-1693-818d-9efa06c11d15 
15:20:02.432 [pool-1-thread-2] DEBUG c.intuit.karate.core.ScenarioEngine - over-writing existing variable 'generarData' with new value: Java.type('Utilidades.generarData')
15:20:02.436 [pool-1-thread-2] DEBUG com.intuit.karate - request:
2 > GET https://internal-aws-prb-alb-back-398488634.us-east-1.elb.amazonaws.com/v1/transversal/administrative/customers/0a91337e-8c88-1ce7-818c-b2785f9f00c3/products/0a9134fb-8ccc-1191-818c-d138bfa10000
2 > message-uuid: acxff62e-6f12-42de-9012-1e7304418abd
2 > request-app-id: c4e6bd04-5149-11e7-b114-a2f933d5fe66
2 > Content-Type: application/json
2 > Host: internal-aws-prb-alb-back-398488634.us-east-1.elb.amazonaws.com
2 > Connection: Keep-Alive
2 > User-Agent: Apache-HttpClient/4.5.13 (Java/17.0.8)
2 > Accept-Encoding: gzip,deflate


15:20:02.695 [pool-1-thread-1] DEBUG com.intuit.karate - response time in milliseconds: 337
2 < 200
2 < Date: Mon, 12 Feb 2024 20:20:02 GMT
2 < Content-Type: application/json
2 < Transfer-Encoding: chunked
2 < Connection: keep-alive
2 < Vary: Origin
2 < Vary: Access-Control-Request-Method
2 < Vary: Access-Control-Request-Headers
2 < X-Content-Type-Options: nosniff
2 < X-XSS-Protection: 1; mode=block
2 < Cache-Control: no-cache, no-store, max-age=0, must-revalidate
2 < Pragma: no-cache
2 < Expires: 0
2 < X-Frame-Options: DENY
{"headers":{"httpStatusCode":200,"httpStatusDesc":"OK","messageUuid":"acxff62e-6f12-42de-9012-1e7304418abd","requestAppId":"c4e6bd04-5149-11e7-b114-a2f933d5fe66","requestDatetime":"2024-02-12T15:20:02"},"messageResponse":{"responseCode":"0000","responseMessage":"Transacción exitosa.","responseDetails":"Consult of the products of a Customer successful"},"data":{"customerId":"0a9133aa-8d41-1693-818d-9efa06541d0c","products":[]}}

15:20:02.782 [pool-1-thread-2] DEBUG com.intuit.karate - response time in milliseconds: 344
2 < 200
2 < Date: Mon, 12 Feb 2024 20:20:02 GMT
2 < Content-Type: application/json
2 < Transfer-Encoding: chunked
2 < Connection: keep-alive
2 < Vary: Origin
2 < Vary: Access-Control-Request-Method
2 < Vary: Access-Control-Request-Headers
2 < X-Content-Type-Options: nosniff
2 < X-XSS-Protection: 1; mode=block
2 < Cache-Control: no-cache, no-store, max-age=0, must-revalidate
2 < Pragma: no-cache
2 < Expires: 0
2 < X-Frame-Options: DENY
{"headers":{"httpStatusCode":200,"httpStatusDesc":"OK","messageUuid":"acxff62e-6f12-42de-9012-1e7304418abd","requestAppId":"c4e6bd04-5149-11e7-b114-a2f933d5fe66","requestDatetime":"2024-02-12T15:20:02"},"messageResponse":{"responseCode":"0000","responseMessage":"Transacción exitosa.","responseDetails":""},"data":{"customerId":"0a91337e-8c88-1ce7-818c-b2785f9f00c3","products":{"productId":"0a9134fb-8ccc-1191-818c-d138bfa10000","productName":"tdc_098325454233344342","subscription":{"subscriptionId":"0a9133bb-8ccc-1e3e-818c-d13929b40000","subscriptionName":"Some kilo1"},"supportCustomerType":["AV VILLAS"],"createDatetime":"2024-01-03T16:26:46"}}}

---------------------------------------------------------
feature: classpath:users/CustomerManagement/Customers_owner.feature
scenarios:  5 | passed:  5 | failed:  0 | time: 3,6540
---------------------------------------------------------

15:20:03.091 [pool-2-thread-1] INFO  com.intuit.karate.Suite - <<pass>> feature 4 of 6 (2 remaining) classpath:users/CustomerManagement/Customers_owner.feature
---------------------------------------------------------
feature: classpath:users/CustomerManagement/Customers_products.feature
scenarios:  2 | passed:  2 | failed:  0 | time: 1,3999
---------------------------------------------------------

15:20:03.376 [pool-2-thread-1] INFO  com.intuit.karate.Suite - <<pass>> feature 5 of 6 (1 remaining) classpath:users/CustomerManagement/Customers_products.feature
Karate version: 1.2.0.RC4
======================================================
elapsed:   9,94 | threads:    2 | thread time: 13,78 
features:     5 | skipped:    1 | efficiency: 0,69
scenarios:   20 | passed:    19 | failed: 1
======================================================
>>> failed features:
status code was: 200, expected: 400, response time in milliseconds: 263, url: https://internal-AWS-PRB-ALB-BACK-398488634.us-east-1.elb.amazonaws.com/v1/transversal/administrative/customerTypes/0a9133aa-8d41-1693-818d-9ef9f0891cc5, response: 
{"headers":{"httpStatusCode":200,"httpStatusDesc":"OK","messageUuid":"acxff62e-6f12-42de-9012-1e7304418abd","requestAppId":"c4e6bd04-5149-11e7-b114-a2f933d5fe66","requestDatetime":"2024-02-12T15:19:57"},"messageResponse":{"responseCode":"0000","responseMessage":"Transacción exitosa.","responseDetails":"CustomerType was Updated Successfully"},"data":{"customerType":{"customerTypeId":"0a9133aa-8d41-1693-818d-9ef9f0891cc5","customerTypeValue":"85453124585417479262146712224845000341215262419083","customerTypeLabel":"CAMPOS1234COMPAÑU12BOGOTARESULTA121COLOMBIAPRUEBAS"}}}
classpath:users/Customer_TypeManagement/CustomerTypeManagement.feature:41
<<<

HTML report: (paste into browser to view) | Karate version: 1.2.0.RC4
file:///C:/Users/vivianagaviria/OneDrive/Documentos/AUTOMATIZACION%20VIVIANA/Nueva%20carpeta/MicroserviciosKarate/build/karate-reports/karate-summary.html
===================================================================

]]></system-out>
  <system-err><![CDATA[feb. 12, 2024 3:20:04 P. M. net.masterthought.cucumber.ReportParser parseJsonFiles
INFORMACIÓN: File 'C:\Users\vivianagaviria\OneDrive\Documentos\AUTOMATIZACION VIVIANA\Nueva carpeta\MicroserviciosKarate\build\karate-reports\users.CustomerManagement.Customers.json' contains 1 features
feb. 12, 2024 3:20:04 P. M. net.masterthought.cucumber.ReportParser parseJsonFiles
INFORMACIÓN: File 'C:\Users\vivianagaviria\OneDrive\Documentos\AUTOMATIZACION VIVIANA\Nueva carpeta\MicroserviciosKarate\build\karate-reports\users.CustomerManagement.Customers_domains.json' contains 1 features
feb. 12, 2024 3:20:04 P. M. net.masterthought.cucumber.ReportParser parseJsonFiles
INFORMACIÓN: File 'C:\Users\vivianagaviria\OneDrive\Documentos\AUTOMATIZACION VIVIANA\Nueva carpeta\MicroserviciosKarate\build\karate-reports\users.CustomerManagement.Customers_owner.json' contains 1 features
feb. 12, 2024 3:20:04 P. M. net.masterthought.cucumber.ReportParser parseJsonFiles
INFORMACIÓN: File 'C:\Users\vivianagaviria\OneDrive\Documentos\AUTOMATIZACION VIVIANA\Nueva carpeta\MicroserviciosKarate\build\karate-reports\users.CustomerManagement.Customers_products.json' contains 1 features
feb. 12, 2024 3:20:04 P. M. net.masterthought.cucumber.ReportParser parseJsonFiles
INFORMACIÓN: File 'C:\Users\vivianagaviria\OneDrive\Documentos\AUTOMATIZACION VIVIANA\Nueva carpeta\MicroserviciosKarate\build\karate-reports\users.Customer_TypeManagement.CustomerTypeManagement.json' contains 1 features
]]></system-err>
</testsuite>
